#
# A fatal error has been detected by the Java Runtime Environment:
#
#  SIGSEGV (0xb) at pc=0x00007fff9cdd8f9f, pid=998, tid=4867
#
# JRE version: Java(TM) SE Runtime Environment (8.0_51-b16) (build 1.8.0_51-b16)
# Java VM: Java HotSpot(TM) 64-Bit Server VM (25.51-b03 mixed mode bsd-amd64 compressed oops)
# Problematic frame:
# C  [GLEngine+0x15bf9f]  gleRunVertexSubmitImmediate+0x27ef
#
# Failed to write core dump. Core dumps have been disabled. To enable core dumping, try "ulimit -c unlimited" before starting Java again
#
# If you would like to submit a bug report, please visit:
#   http://bugreport.java.com/bugreport/crash.jsp
# The crash happened outside the Java Virtual Machine in native code.
# See problematic frame for where to report the bug.
#

---------------  T H R E A D  ---------------

Current thread (0x00007ff9ea808000):  JavaThread "main" [_thread_in_native, id=4867, stack(0x0000000109001000,0x0000000109101000)]

siginfo: si_signo: 11 (SIGSEGV), si_code: 1 (SEGV_MAPERR), si_addr: 0x0000000000000008

Registers:
RAX=0x00007fff9cdd8c5f, RBX=0x0000000000000006, RCX=0x0000000000000000, RDX=0x00007fff9cdd9468
RSP=0x00000001091002a0, RBP=0x00000001091004f0, RSI=0x0000000000000006, RDI=0x0000000000000027
R8 =0x0000000000849800, R9 =0x00007ff9ec000000, R10=0x00007ff9e8fb0000, R11=0x00007ff9ec000000
R12=0x0000000000000003, R13=0x0000000000841808, R14=0x00007ff9ec000000, R15=0x0000000000000002
RIP=0x00007fff9cdd8f9f, EFLAGS=0x0000000000010297, ERR=0x0000000000000004
  TRAPNO=0x000000000000000e

Top of Stack: (sp=0x00000001091002a0)
0x00000001091002a0:   00007fff7fa87070 00007ff9e91f6630
0x00000001091002b0:   0000000109100470 00000001e64f61a3
0x00000001091002c0:   0000000000000008 0000000000000008
0x00000001091002d0:   6f00c985ac4e5b35 0000000000000008
0x00000001091002e0:   00007ff9e91f5800 0000000000000000
0x00000001091002f0:   00007ff9e8faf390 00007ff9ea126800
0x0000000109100300:   0000000109100370 0000000000000340
0x0000000109100310:   00007ff9e91ffa88 0000000100002001
0x0000000109100320:   0000002000000000 0000000000000320
0x0000000109100330:   00000001e7cba340 00007ff9e91f9510
0x0000000109100340:   0000000000000000 0000000000000001
0x0000000109100350:   00407e0000000000 007e7ffffffffff7
0x0000000109100360:   00007ff9ec000810 00007ff9e91f5800
0x0000000109100370:   00007ff9ec000140 00007ff9ec000170
0x0000000109100380:   00007ff9ec000150 00007ff9ec000180
0x0000000109100390:   00007ff9ec000160 00007ff9ec0001a0
0x00000001091003a0:   0000000000000000 0000000000000000
0x00000001091003b0:   fffffffe00000003 00007ff9e91f9510
0x00000001091003c0:   0000000000001093 0000000000000001
0x00000001091003d0:   ffffffff10008010 0000000000000001
0x00000001091003e0:   00007ff9ec000190 0000000010008010
0x00000001091003f0:   7a00000300000000 0000000000000000
0x0000000109100400:   00000c3300000000 00007fff8f786c70
0x0000000109100410:   0000000002126000 0000000000000000
0x0000000109100420:   000000010910049c 00000001091004a0
0x0000000109100430:   00000001091004a4 00007ff9e8faff68
0x0000000109100440:   0000000000000000 0000000000000000
0x0000000109100450:   0000000000000000 00007ff9e8faff68
0x0000000109100460:   00007ff9ec000000 0000000000000000
0x0000000109100470:   0000000000000000 00007ff9ec000000
0x0000000109100480:   0000000000000000 00000001e7e600c0
0x0000000109100490:   00000001e7e6af20 00000001e602e000 

Instructions: (pc=0x00007fff9cdd8f9f)
0x00007fff9cdd8f7f:   c6 66 0f 6d c0 66 49 0f 7e c7 bb 05 00 00 00 e9
0x00007fff9cdd8f8f:   bd 02 00 00 4c 8b 31 4c 8b 79 08 e9 2c f9 ff ff
0x00007fff9cdd8f9f:   f3 0f 10 49 08 f2 0f 10 01 66 0f 14 c1 66 49 0f
0x00007fff9cdd8faf:   7e c6 66 0f 6d c0 66 49 0f 7e c7 e9 0c f9 ff ff 

Register to memory mapping:

RAX=0x00007fff9cdd8c5f: gleRunVertexSubmitImmediate+0x24af in /System/Library/Frameworks/OpenGL.framework/Versions/A/Resources/GLEngine.bundle/GLEngine at 0x00007fff9cc7d000
RBX=0x0000000000000006 is an unknown value
RCX=0x0000000000000000 is an unknown value
RDX=0x00007fff9cdd9468: gleRunVertexSubmitImmediate+0x2cb8 in /System/Library/Frameworks/OpenGL.framework/Versions/A/Resources/GLEngine.bundle/GLEngine at 0x00007fff9cc7d000
RSP=0x00000001091002a0 is pointing into the stack for thread: 0x00007ff9ea808000
RBP=0x00000001091004f0 is pointing into the stack for thread: 0x00007ff9ea808000
RSI=0x0000000000000006 is an unknown value
RDI=0x0000000000000027 is an unknown value
R8 =0x0000000000849800 is an unknown value
R9 =0x00007ff9ec000000 is an unknown value
R10=0x00007ff9e8fb0000 is an unknown value
R11=0x00007ff9ec000000 is an unknown value
R12=0x0000000000000003 is an unknown value
R13=0x0000000000841808 is an unknown value
R14=0x00007ff9ec000000 is an unknown value
R15=0x0000000000000002 is an unknown value


Stack: [0x0000000109001000,0x0000000109101000],  sp=0x00000001091002a0,  free space=1020k
Native frames: (J=compiled Java code, j=interpreted, Vv=VM code, C=native code)
C  [GLEngine+0x15bf9f]  gleRunVertexSubmitImmediate+0x27ef
C  [GLEngine+0xbbdea]  glDrawElements_GL3Exec+0x2bf
j  org.lwjgl.opengl.GL11.nglDrawElementsBO(IIIJJ)V+0
j  org.lwjgl.opengl.GL11.glDrawElements(IIIJ)V+28
j  gameEngine.renderEngine.EntityRender.render(LgameEngine/models/Entity;)V+19
j  gameEngine.renderEngine.EntityRender.render(Ljava/util/Map;)V+89
j  gameEngine.renderEngine.EntityRender.render(Lcom/dferreira/commons/Vector3f;Lcom/dferreira/commons/models/Light;Lcom/dferreira/commons/GLTransformation;Ljava/util/Map;)V+34
j  gameEngine.renderEngine.MasterRender.render(Lcom/dferreira/commons/models/Light;)V+34
j  gameEngine.engineTester.MainGameLoop.main([Ljava/lang/String;)V+64
v  ~StubRoutines::call_stub
V  [libjvm.dylib+0x2e01e2]  JavaCalls::call_helper(JavaValue*, methodHandle*, JavaCallArguments*, Thread*)+0x6ae
V  [libjvm.dylib+0x3168ee]  jni_invoke_static(JNIEnv_*, JavaValue*, _jobject*, JNICallType, _jmethodID*, JNI_ArgumentPusher*, Thread*)+0x1bf
V  [libjvm.dylib+0x30f668]  jni_CallStaticVoidMethod+0x15d
C  [java+0x393e]  JavaMain+0x9b1
C  [libsystem_pthread.dylib+0x405a]  _pthread_body+0x83
C  [libsystem_pthread.dylib+0x3fd7]  _pthread_body+0x0
C  [libsystem_pthread.dylib+0x13ed]  thread_start+0xd
C  0x0000000000000000

Java frames: (J=compiled Java code, j=interpreted, Vv=VM code)
j  org.lwjgl.opengl.GL11.nglDrawElementsBO(IIIJJ)V+0
j  org.lwjgl.opengl.GL11.glDrawElements(IIIJ)V+28
j  gameEngine.renderEngine.EntityRender.render(LgameEngine/models/Entity;)V+19
j  gameEngine.renderEngine.EntityRender.render(Ljava/util/Map;)V+89
j  gameEngine.renderEngine.EntityRender.render(Lcom/dferreira/commons/Vector3f;Lcom/dferreira/commons/models/Light;Lcom/dferreira/commons/GLTransformation;Ljava/util/Map;)V+34
j  gameEngine.renderEngine.MasterRender.render(Lcom/dferreira/commons/models/Light;)V+34
j  gameEngine.engineTester.MainGameLoop.main([Ljava/lang/String;)V+64
v  ~StubRoutines::call_stub

---------------  P R O C E S S  ---------------

Java Threads: ( => current thread )
  0x00007ff9ea835000 JavaThread "AWT-Shutdown" [_thread_blocked, id=28179, stack(0x00000001e2e9b000,0x00000001e2f9b000)]
  0x00007ff9ea813800 JavaThread "AppKit Thread" daemon [_thread_in_native, id=1811, stack(0x00007fff57cc4000,0x00007fff584c4000)]
  0x00007ff9e9854000 JavaThread "Service Thread" daemon [_thread_blocked, id=18179, stack(0x00000001e10b7000,0x00000001e11b7000)]
  0x00007ff9e9849000 JavaThread "C1 CompilerThread2" daemon [_thread_blocked, id=17667, stack(0x00000001e0fb4000,0x00000001e10b4000)]
  0x00007ff9e9848800 JavaThread "C2 CompilerThread1" daemon [_thread_blocked, id=17155, stack(0x00000001e0eb1000,0x00000001e0fb1000)]
  0x00007ff9e9804800 JavaThread "C2 CompilerThread0" daemon [_thread_blocked, id=16643, stack(0x00000001e0dae000,0x00000001e0eae000)]
  0x00007ff9e9802000 JavaThread "Signal Dispatcher" daemon [_thread_blocked, id=16155, stack(0x00000001e0cab000,0x00000001e0dab000)]
  0x00007ff9ea013800 JavaThread "Finalizer" daemon [_thread_blocked, id=11523, stack(0x00000001df28b000,0x00000001df38b000)]
  0x00007ff9e9051000 JavaThread "Reference Handler" daemon [_thread_blocked, id=11011, stack(0x00000001df188000,0x00000001df288000)]
=>0x00007ff9ea808000 JavaThread "main" [_thread_in_native, id=4867, stack(0x0000000109001000,0x0000000109101000)]

Other Threads:
  0x00007ff9e904e800 VMThread [stack: 0x00000001df085000,0x00000001df185000] [id=10499]
  0x00007ff9e905d000 WatcherThread [stack: 0x00000001e11ba000,0x00000001e12ba000] [id=18691]

VM state:not at safepoint (normal execution)

VM Mutex/Monitor currently owned by a thread: None

Heap:
 PSYoungGen      total 38400K, used 7321K [0x000000016dd80000, 0x0000000170800000, 0x0000000198800000)
  eden space 33280K, 6% used [0x000000016dd80000,0x000000016dfa88f8,0x000000016fe00000)
  from space 5120K, 99% used [0x000000016fe00000,0x00000001702fdc28,0x0000000170300000)
  to   space 5120K, 0% used [0x0000000170300000,0x0000000170300000,0x0000000170800000)
 ParOldGen       total 87552K, used 16K [0x0000000118800000, 0x000000011dd80000, 0x000000016dd80000)
  object space 87552K, 0% used [0x0000000118800000,0x0000000118804000,0x000000011dd80000)
 Metaspace       used 12846K, capacity 13053K, committed 13312K, reserved 1060864K
  class space    used 1444K, capacity 1501K, committed 1536K, reserved 1048576K

Card table byte_map: [0x0000000198800000,0x0000000198c01000] byte_map_base: 0x0000000197f3c000

Marking Bits: (ParMarkBitMap*) 0x00000001080fd7a0
 Begin Bits: [0x00000001991b5000, 0x000000019b1b5000)
 End Bits:   [0x000000019b1b5000, 0x000000019d1b5000)

Polling page: 0x00000001087fe000

CodeCache: size=245760Kb used=3837Kb max_used=3849Kb free=241922Kb
 bounds [0x0000000109114000, 0x00000001094e4000, 0x0000000118114000]
 total_blobs=1552 nmethods=1086 adapters=380
 compilation: enabled

Compilation events (10 events):
Event: 3.938 Thread 0x00007ff9e9804800 nmethod 1082% 0x00000001094d55d0 code [0x00000001094d5740, 0x00000001094d5b18]
Event: 3.939 Thread 0x00007ff9e9804800 1083       4       org.newdawn.slick.opengl.PNGDecoder::expand2 (106 bytes)
Event: 3.943 Thread 0x00007ff9e9848800 nmethod 1080% 0x00000001094d33d0 code [0x00000001094d3560, 0x00000001094d3d18]
Event: 3.943 Thread 0x00007ff9e9848800 1084       4       org.newdawn.slick.opengl.PNGDecoder::copyPALtoRGBA (199 bytes)
Event: 3.944 Thread 0x00007ff9e9804800 nmethod 1083 0x00000001094d2cd0 code [0x00000001094d2e20, 0x00000001094d3218]
Event: 3.957 Thread 0x00007ff9e9848800 nmethod 1084 0x00000001094d7c90 code [0x00000001094d7e00, 0x00000001094d8598]
Event: 3.982 Thread 0x00007ff9e9804800 1085   !   4       org.newdawn.slick.opengl.PNGDecoder::readChunkUnzip (122 bytes)
Event: 3.991 Thread 0x00007ff9e9804800 nmethod 1085 0x00000001094d6910 code [0x00000001094d6ae0, 0x00000001094d7600]
Event: 4.005 Thread 0x00007ff9e9848800 1086       4       org.newdawn.slick.opengl.PNGDecoder::unfilter (104 bytes)
Event: 4.012 Thread 0x00007ff9e9848800 nmethod 1086 0x00000001094d6110 code [0x00000001094d6280, 0x00000001094d66b8]

GC Heap History (2 events):
Event: 3.713 GC heap before
{Heap before GC invocations=1 (full 0):
 PSYoungGen      total 38400K, used 33280K [0x000000016dd80000, 0x0000000170800000, 0x0000000198800000)
  eden space 33280K, 100% used [0x000000016dd80000,0x000000016fe00000,0x000000016fe00000)
  from space 5120K, 0% used [0x0000000170300000,0x0000000170300000,0x0000000170800000)
  to   space 5120K, 0% used [0x000000016fe00000,0x000000016fe00000,0x0000000170300000)
 ParOldGen       total 87552K, used 0K [0x0000000118800000, 0x000000011dd80000, 0x000000016dd80000)
  object space 87552K, 0% used [0x0000000118800000,0x0000000118800000,0x000000011dd80000)
 Metaspace       used 12679K, capacity 12861K, committed 13056K, reserved 1060864K
  class space    used 1436K, capacity 1501K, committed 1536K, reserved 1048576K
Event: 3.720 GC heap after
Heap after GC invocations=1 (full 0):
 PSYoungGen      total 38400K, used 5111K [0x000000016dd80000, 0x0000000170800000, 0x0000000198800000)
  eden space 33280K, 0% used [0x000000016dd80000,0x000000016dd80000,0x000000016fe00000)
  from space 5120K, 99% used [0x000000016fe00000,0x00000001702fdc28,0x0000000170300000)
  to   space 5120K, 0% used [0x0000000170300000,0x0000000170300000,0x0000000170800000)
 ParOldGen       total 87552K, used 16K [0x0000000118800000, 0x000000011dd80000, 0x000000016dd80000)
  object space 87552K, 0% used [0x0000000118800000,0x0000000118804000,0x000000011dd80000)
 Metaspace       used 12679K, capacity 12861K, committed 13056K, reserved 1060864K
  class space    used 1436K, capacity 1501K, committed 1536K, reserved 1048576K
}

Deoptimization events (7 events):
Event: 2.959 Thread 0x00007ff9ea813800 Uncommon trap: reason=unstable_if action=reinterpret pc=0x00000001092468c0 method=java.lang.String.indexOf(II)I @ 49
Event: 3.418 Thread 0x00007ff9ea808000 Uncommon trap: reason=unstable_if action=reinterpret pc=0x00000001093a08dc method=sun.misc.MetaIndex.mayContain(Ljava/lang/String;)Z @ 38
Event: 3.418 Thread 0x00007ff9ea808000 Uncommon trap: reason=unstable_if action=reinterpret pc=0x000000010939344c method=sun.misc.MetaIndex.mayContain(Ljava/lang/String;)Z @ 38
Event: 3.548 Thread 0x00007ff9ea808000 Uncommon trap: reason=unstable_if action=reinterpret pc=0x00000001093f127c method=java.util.HashMap.getNode(ILjava/lang/Object;)Ljava/util/HashMap$Node; @ 129
Event: 3.548 Thread 0x00007ff9ea808000 Uncommon trap: reason=unstable_if action=reinterpret pc=0x00000001093beb24 method=java.util.HashMap.getNode(ILjava/lang/Object;)Ljava/util/HashMap$Node; @ 129
Event: 3.552 Thread 0x00007ff9ea808000 Uncommon trap: reason=range_check action=make_not_entrant pc=0x00000001093c5c08 method=sun.reflect.generics.parser.SignatureParser.current()C @ 34
Event: 3.606 Thread 0x00007ff9ea808000 Uncommon trap: reason=unstable_if action=reinterpret pc=0x00000001092abc08 method=java.lang.String.indexOf([CII[CIII)I @ 3

Internal exceptions (10 events):
Event: 2.995 Thread 0x00007ff9ea813800 Exception <a 'java/lang/NoSuchFieldError': method resolution failed> (0x000000016e238600) thrown at [/Users/java_re/workspace/8-2-build-macosx-x86_64/jdk8u51/3951/hotspot/src/share/vm/prims/methodHandles.cpp, line 1125]
Event: 2.998 Thread 0x00007ff9ea813800 Exception <a 'java/lang/NoSuchFieldError': method resolution failed> (0x000000016e246ca0) thrown at [/Users/java_re/workspace/8-2-build-macosx-x86_64/jdk8u51/3951/hotspot/src/share/vm/prims/methodHandles.cpp, line 1125]
Event: 3.552 Thread 0x00007ff9ea808000 Exception <a 'java/lang/ArrayIndexOutOfBoundsException': 18> (0x000000016f8cf6e8) thrown at [/Users/java_re/workspace/8-2-build-macosx-x86_64/jdk8u51/3951/hotspot/src/share/vm/interpreter/interpreterRuntime.cpp, line 366]
Event: 3.552 Thread 0x00007ff9ea808000 Exception <a 'java/lang/ArrayIndexOutOfBoundsException': 110> (0x000000016f8d0b90) thrown at [/Users/java_re/workspace/8-2-build-macosx-x86_64/jdk8u51/3951/hotspot/src/share/vm/interpreter/interpreterRuntime.cpp, line 366]
Event: 3.553 Thread 0x00007ff9ea808000 Exception <a 'java/lang/ArrayIndexOutOfBoundsException': 40> (0x000000016f8d1d80) thrown at [/Users/java_re/workspace/8-2-build-macosx-x86_64/jdk8u51/3951/hotspot/src/share/vm/interpreter/interpreterRuntime.cpp, line 366]
Event: 3.553 Thread 0x00007ff9ea808000 Exception <a 'java/lang/ArrayIndexOutOfBoundsException': 110> (0x000000016f8d3748) thrown at [/Users/java_re/workspace/8-2-build-macosx-x86_64/jdk8u51/3951/hotspot/src/share/vm/interpreter/interpreterRuntime.cpp, line 366]
Event: 3.554 Thread 0x00007ff9ea808000 Exception <a 'java/lang/ArrayIndexOutOfBoundsException': 107> (0x000000016f8d51a8) thrown at [/Users/java_re/workspace/8-2-build-macosx-x86_64/jdk8u51/3951/hotspot/src/share/vm/interpreter/interpreterRuntime.cpp, line 366]
Event: 3.554 Thread 0x00007ff9ea808000 Exception <a 'java/lang/ArrayIndexOutOfBoundsException': 90> (0x000000016f8d67a8) thrown at [/Users/java_re/workspace/8-2-build-macosx-x86_64/jdk8u51/3951/hotspot/src/share/vm/interpreter/interpreterRuntime.cpp, line 366]
Event: 3.554 Thread 0x00007ff9ea808000 Exception <a 'java/lang/ArrayIndexOutOfBoundsException': 104> (0x000000016f8d7e80) thrown at [/Users/java_re/workspace/8-2-build-macosx-x86_64/jdk8u51/3951/hotspot/src/share/vm/interpreter/interpreterRuntime.cpp, line 366]
Event: 3.554 Thread 0x00007ff9ea808000 Exception <a 'java/lang/ArrayIndexOutOfBoundsException': 109> (0x000000016f8d97b8) thrown at [/Users/java_re/workspace/8-2-build-macosx-x86_64/jdk8u51/3951/hotspot/src/share/vm/interpreter/interpreterRuntime.cpp, line 366]

Events (10 events):
Event: 3.955 Thread 0x00007ff9ea808000 DEOPT PACKING pc=0x00000001094ca03d sp=0x00000001091005d0
Event: 3.955 Thread 0x00007ff9ea808000 DEOPT UNPACKING pc=0x000000010915b633 sp=0x0000000109100328 mode 0
Event: 3.956 Thread 0x00007ff9ea808000 DEOPT PACKING pc=0x00000001094ca03d sp=0x00000001091005d0
Event: 3.956 Thread 0x00007ff9ea808000 DEOPT UNPACKING pc=0x000000010915b633 sp=0x0000000109100328 mode 0
Event: 3.957 Thread 0x00007ff9ea808000 DEOPT PACKING pc=0x00000001094ca03d sp=0x00000001091005d0
Event: 3.957 Thread 0x00007ff9ea808000 DEOPT UNPACKING pc=0x000000010915b633 sp=0x0000000109100328 mode 0
Event: 3.957 Thread 0x00007ff9ea808000 DEOPT PACKING pc=0x00000001094ca03d sp=0x00000001091005d0
Event: 3.957 Thread 0x00007ff9ea808000 DEOPT UNPACKING pc=0x000000010915b633 sp=0x0000000109100328 mode 0
Event: 4.008 loading class gameEngine/models/SkyBox
Event: 4.008 loading class gameEngine/models/SkyBox done


Dynamic libraries:
0x000000000d8a3000 	/System/Library/Frameworks/Cocoa.framework/Versions/A/Cocoa
0x000000000d8a3000 	/System/Library/Frameworks/Security.framework/Versions/A/Security
0x000000000d8a3000 	/System/Library/Frameworks/ApplicationServices.framework/Versions/A/ApplicationServices
0x000000000d8a3000 	/usr/lib/libz.1.dylib
0x000000000d8a3000 	/usr/lib/libSystem.B.dylib
0x000000000d8a3000 	/usr/lib/libobjc.A.dylib
0x000000000d8a3000 	/System/Library/Frameworks/CoreFoundation.framework/Versions/A/CoreFoundation
0x000000000d8a3000 	/System/Library/Frameworks/Foundation.framework/Versions/C/Foundation
0x000000000d8a3000 	/System/Library/Frameworks/AppKit.framework/Versions/C/AppKit
0x000000000d8a3000 	/System/Library/Frameworks/CoreData.framework/Versions/A/CoreData
0x000000000d8a3000 	/System/Library/PrivateFrameworks/RemoteViewServices.framework/Versions/A/RemoteViewServices
0x000000000d8a3000 	/System/Library/PrivateFrameworks/UIFoundation.framework/Versions/A/UIFoundation
0x000000000d8a3000 	/System/Library/Frameworks/IOSurface.framework/Versions/A/IOSurface
0x000000000d8a3000 	/System/Library/Frameworks/AudioToolbox.framework/Versions/A/AudioToolbox
0x000000000d8a3000 	/System/Library/Frameworks/AudioUnit.framework/Versions/A/AudioUnit
0x000000000d8a3000 	/System/Library/PrivateFrameworks/DataDetectorsCore.framework/Versions/A/DataDetectorsCore
0x000000000d8a3000 	/System/Library/PrivateFrameworks/DesktopServicesPriv.framework/Versions/A/DesktopServicesPriv
0x000000000d8a3000 	/System/Library/Frameworks/Carbon.framework/Versions/A/Frameworks/HIToolbox.framework/Versions/A/HIToolbox
0x000000000d8a3000 	/System/Library/Frameworks/QuartzCore.framework/Versions/A/QuartzCore
0x000000000d8a3000 	/System/Library/Frameworks/Carbon.framework/Versions/A/Frameworks/SpeechRecognition.framework/Versions/A/SpeechRecognition
0x000000000d8a3000 	/usr/lib/libauto.dylib
0x000000000d8a3000 	/usr/lib/libicucore.A.dylib
0x000000000d8a3000 	/usr/lib/libxml2.2.dylib
0x000000000d8a3000 	/System/Library/PrivateFrameworks/CoreUI.framework/Versions/A/CoreUI
0x000000000d8a3000 	/System/Library/Frameworks/CoreAudio.framework/Versions/A/CoreAudio
0x000000000d8a3000 	/System/Library/Frameworks/DiskArbitration.framework/Versions/A/DiskArbitration
0x000000000d8a3000 	/usr/lib/liblangid.dylib
0x000000000d8a3000 	/System/Library/PrivateFrameworks/MultitouchSupport.framework/Versions/A/MultitouchSupport
0x000000000d8a3000 	/System/Library/Frameworks/IOKit.framework/Versions/A/IOKit
0x000000000d8a3000 	/usr/lib/libDiagnosticMessagesClient.dylib
0x000000000d8a3000 	/System/Library/Frameworks/CoreServices.framework/Versions/A/CoreServices
0x000000000d8a3000 	/System/Library/PrivateFrameworks/PerformanceAnalysis.framework/Versions/A/PerformanceAnalysis
0x000000000d8a3000 	/System/Library/PrivateFrameworks/GenerationalStorage.framework/Versions/A/GenerationalStorage
0x000000000d8a3000 	/System/Library/Frameworks/OpenGL.framework/Versions/A/OpenGL
0x000000000d8a3000 	/System/Library/PrivateFrameworks/Sharing.framework/Versions/A/Sharing
0x000000000d8a3000 	/System/Library/Frameworks/CoreGraphics.framework/Versions/A/CoreGraphics
0x000000000d8a3000 	/System/Library/Frameworks/CoreText.framework/Versions/A/CoreText
0x000000000d8a3000 	/System/Library/Frameworks/ImageIO.framework/Versions/A/ImageIO
0x000000000d8a3000 	/usr/lib/libextension.dylib
0x000000000d8a3000 	/System/Library/PrivateFrameworks/Backup.framework/Versions/A/Backup
0x000000000d8a3000 	/usr/lib/libarchive.2.dylib
0x000000000d8a3000 	/System/Library/Frameworks/CFNetwork.framework/Versions/A/CFNetwork
0x000000000d8a3000 	/System/Library/Frameworks/SystemConfiguration.framework/Versions/A/SystemConfiguration
0x000000000d8a3000 	/usr/lib/libCRFSuite.dylib
0x000000000d8a3000 	/usr/lib/libc++.1.dylib
0x000000000d8a3000 	/usr/lib/libc++abi.dylib
0x000000000d8a3000 	/usr/lib/system/libcache.dylib
0x000000000d8a3000 	/usr/lib/system/libcommonCrypto.dylib
0x000000000d8a3000 	/usr/lib/system/libcompiler_rt.dylib
0x000000000d8a3000 	/usr/lib/system/libcopyfile.dylib
0x000000000d8a3000 	/usr/lib/system/libcorecrypto.dylib
0x000000000d8a3000 	/usr/lib/system/libdispatch.dylib
0x000000000d8a3000 	/usr/lib/system/libdyld.dylib
0x000000000d8a3000 	/usr/lib/system/libkeymgr.dylib
0x000000000d8a3000 	/usr/lib/system/liblaunch.dylib
0x000000000d8a3000 	/usr/lib/system/libmacho.dylib
0x000000000d8a3000 	/usr/lib/system/libquarantine.dylib
0x000000000d8a3000 	/usr/lib/system/libremovefile.dylib
0x000000000d8a3000 	/usr/lib/system/libsystem_asl.dylib
0x000000000d8a3000 	/usr/lib/system/libsystem_blocks.dylib
0x000000000d8a3000 	/usr/lib/system/libsystem_c.dylib
0x000000000d8a3000 	/usr/lib/system/libsystem_configuration.dylib
0x000000000d8a3000 	/usr/lib/system/libsystem_coreservices.dylib
0x000000000d8a3000 	/usr/lib/system/libsystem_coretls.dylib
0x000000000d8a3000 	/usr/lib/system/libsystem_dnssd.dylib
0x000000000d8a3000 	/usr/lib/system/libsystem_info.dylib
0x000000000d8a3000 	/usr/lib/system/libsystem_kernel.dylib
0x000000000d8a3000 	/usr/lib/system/libsystem_m.dylib
0x000000000d8a3000 	/usr/lib/system/libsystem_malloc.dylib
0x000000000d8a3000 	/usr/lib/system/libsystem_network.dylib
0x000000000d8a3000 	/usr/lib/system/libsystem_networkextension.dylib
0x000000000d8a3000 	/usr/lib/system/libsystem_notify.dylib
0x000000000d8a3000 	/usr/lib/system/libsystem_platform.dylib
0x000000000d8a3000 	/usr/lib/system/libsystem_pthread.dylib
0x000000000d8a3000 	/usr/lib/system/libsystem_sandbox.dylib
0x000000000d8a3000 	/usr/lib/system/libsystem_secinit.dylib
0x000000000d8a3000 	/usr/lib/system/libsystem_stats.dylib
0x000000000d8a3000 	/usr/lib/system/libsystem_trace.dylib
0x000000000d8a3000 	/usr/lib/system/libunc.dylib
0x000000000d8a3000 	/usr/lib/system/libunwind.dylib
0x000000000d8a3000 	/usr/lib/system/libxpc.dylib
0x000000000d8a3000 	/usr/lib/libbz2.1.0.dylib
0x000000000d8a3000 	/usr/lib/liblzma.5.dylib
0x000000000d8a3000 	/usr/lib/libbsm.0.dylib
0x000000000d8a3000 	/usr/lib/libsqlite3.dylib
0x000000000d8a3000 	/usr/lib/system/libkxld.dylib
0x000000000d8a3000 	/usr/lib/libxar.1.dylib
0x000000000d8a3000 	/usr/lib/libpam.2.dylib
0x000000000d8a3000 	/usr/lib/libOpenScriptingUtil.dylib
0x000000000d8a3000 	/System/Library/Frameworks/CoreServices.framework/Versions/A/Frameworks/FSEvents.framework/Versions/A/FSEvents
0x000000000d8a3000 	/System/Library/Frameworks/CoreServices.framework/Versions/A/Frameworks/CarbonCore.framework/Versions/A/CarbonCore
0x000000000d8a3000 	/System/Library/Frameworks/CoreServices.framework/Versions/A/Frameworks/Metadata.framework/Versions/A/Metadata
0x000000000d8a3000 	/System/Library/Frameworks/CoreServices.framework/Versions/A/Frameworks/OSServices.framework/Versions/A/OSServices
0x000000000d8a3000 	/System/Library/Frameworks/CoreServices.framework/Versions/A/Frameworks/SearchKit.framework/Versions/A/SearchKit
0x000000000d8a3000 	/System/Library/Frameworks/CoreServices.framework/Versions/A/Frameworks/AE.framework/Versions/A/AE
0x000000000d8a3000 	/System/Library/Frameworks/CoreServices.framework/Versions/A/Frameworks/LaunchServices.framework/Versions/A/LaunchServices
0x000000000d8a3000 	/System/Library/Frameworks/CoreServices.framework/Versions/A/Frameworks/DictionaryServices.framework/Versions/A/DictionaryServices
0x000000000d8a3000 	/System/Library/Frameworks/NetFS.framework/Versions/A/NetFS
0x000000000d8a3000 	/System/Library/PrivateFrameworks/NetAuth.framework/Versions/A/NetAuth
0x000000000d8a3000 	/System/Library/PrivateFrameworks/login.framework/Versions/A/Frameworks/loginsupport.framework/Versions/A/loginsupport
0x000000000d8a3000 	/System/Library/PrivateFrameworks/TCC.framework/Versions/A/TCC
0x000000000d8a3000 	/usr/lib/libmecabra.dylib
0x000000000d8a3000 	/System/Library/Frameworks/ApplicationServices.framework/Versions/A/Frameworks/ATS.framework/Versions/A/ATS
0x000000000d8a3000 	/System/Library/Frameworks/ApplicationServices.framework/Versions/A/Frameworks/ColorSync.framework/Versions/A/ColorSync
0x000000000d8a3000 	/System/Library/Frameworks/ApplicationServices.framework/Versions/A/Frameworks/HIServices.framework/Versions/A/HIServices
0x000000000d8a3000 	/System/Library/Frameworks/ApplicationServices.framework/Versions/A/Frameworks/LangAnalysis.framework/Versions/A/LangAnalysis
0x000000000d8a3000 	/System/Library/Frameworks/ApplicationServices.framework/Versions/A/Frameworks/PrintCore.framework/Versions/A/PrintCore
0x000000000d8a3000 	/System/Library/Frameworks/ApplicationServices.framework/Versions/A/Frameworks/QD.framework/Versions/A/QD
0x000000000d8a3000 	/System/Library/Frameworks/ApplicationServices.framework/Versions/A/Frameworks/SpeechSynthesis.framework/Versions/A/SpeechSynthesis
0x000000000d8a3000 	/System/Library/Frameworks/Accelerate.framework/Versions/A/Accelerate
0x000000000d8a3000 	/System/Library/Frameworks/Accelerate.framework/Versions/A/Frameworks/vImage.framework/Versions/A/vImage
0x000000000d8a3000 	/System/Library/Frameworks/Accelerate.framework/Versions/A/Frameworks/vecLib.framework/Versions/A/vecLib
0x000000000d8a3000 	/System/Library/Frameworks/Accelerate.framework/Versions/A/Frameworks/vecLib.framework/Versions/A/libvDSP.dylib
0x000000000d8a3000 	/System/Library/Frameworks/Accelerate.framework/Versions/A/Frameworks/vecLib.framework/Versions/A/libvMisc.dylib
0x000000000d8a3000 	/System/Library/Frameworks/Accelerate.framework/Versions/A/Frameworks/vecLib.framework/Versions/A/libLAPACK.dylib
0x000000000d8a3000 	/System/Library/Frameworks/Accelerate.framework/Versions/A/Frameworks/vecLib.framework/Versions/A/libBLAS.dylib
0x000000000d8a3000 	/System/Library/Frameworks/Accelerate.framework/Versions/A/Frameworks/vecLib.framework/Versions/A/libLinearAlgebra.dylib
0x000000000d8a3000 	/System/Library/Frameworks/ApplicationServices.framework/Versions/A/Frameworks/ATS.framework/Versions/A/Resources/libFontParser.dylib
0x000000000d8a3000 	/System/Library/Frameworks/ApplicationServices.framework/Versions/A/Frameworks/ATS.framework/Versions/A/Resources/libFontRegistry.dylib
0x000000000d8a3000 	/System/Library/PrivateFrameworks/AppleVPA.framework/Versions/A/AppleVPA
0x000000000d8a3000 	/System/Library/PrivateFrameworks/AppleJPEG.framework/Versions/A/AppleJPEG
0x000000000d8a3000 	/System/Library/Frameworks/ImageIO.framework/Versions/A/Resources/libJPEG.dylib
0x000000000d8a3000 	/System/Library/Frameworks/ImageIO.framework/Versions/A/Resources/libTIFF.dylib
0x000000000d8a3000 	/System/Library/Frameworks/ImageIO.framework/Versions/A/Resources/libPng.dylib
0x000000000d8a3000 	/System/Library/Frameworks/ImageIO.framework/Versions/A/Resources/libGIF.dylib
0x000000000d8a3000 	/System/Library/Frameworks/ImageIO.framework/Versions/A/Resources/libJP2.dylib
0x000000000d8a3000 	/System/Library/Frameworks/ImageIO.framework/Versions/A/Resources/libRadiance.dylib
0x000000000d8a3000 	/System/Library/Frameworks/CoreVideo.framework/Versions/A/CoreVideo
0x000000000d8a3000 	/System/Library/Frameworks/OpenGL.framework/Versions/A/Libraries/libGLU.dylib
0x000000000d8a3000 	/System/Library/Frameworks/OpenGL.framework/Versions/A/Libraries/libGFXShared.dylib
0x000000000d8a3000 	/System/Library/Frameworks/OpenGL.framework/Versions/A/Libraries/libGL.dylib
0x000000000d8a3000 	/System/Library/Frameworks/OpenGL.framework/Versions/A/Libraries/libGLImage.dylib
0x000000000d8a3000 	/System/Library/Frameworks/OpenGL.framework/Versions/A/Libraries/libCVMSPluginSupport.dylib
0x000000000d8a3000 	/System/Library/Frameworks/OpenGL.framework/Versions/A/Libraries/libCoreVMClient.dylib
0x000000000d8a3000 	/usr/lib/libcups.2.dylib
0x000000000d8a3000 	/System/Library/Frameworks/Kerberos.framework/Versions/A/Kerberos
0x000000000d8a3000 	/System/Library/Frameworks/GSS.framework/Versions/A/GSS
0x000000000d8a3000 	/usr/lib/libresolv.9.dylib
0x000000000d8a3000 	/usr/lib/libiconv.2.dylib
0x000000000d8a3000 	/System/Library/PrivateFrameworks/Heimdal.framework/Versions/A/Heimdal
0x000000000d8a3000 	/usr/lib/libheimdal-asn1.dylib
0x000000000d8a3000 	/System/Library/Frameworks/OpenDirectory.framework/Versions/A/OpenDirectory
0x000000000d8a3000 	/System/Library/PrivateFrameworks/CommonAuth.framework/Versions/A/CommonAuth
0x000000000d8a3000 	/System/Library/Frameworks/OpenDirectory.framework/Versions/A/Frameworks/CFOpenDirectory.framework/Versions/A/CFOpenDirectory
0x000000000d8a3000 	/System/Library/Frameworks/SecurityFoundation.framework/Versions/A/SecurityFoundation
0x000000000d8a3000 	/System/Library/PrivateFrameworks/LanguageModeling.framework/Versions/A/LanguageModeling
0x000000000d8a3000 	/usr/lib/libcmph.dylib
0x000000000d8a3000 	/System/Library/Frameworks/ServiceManagement.framework/Versions/A/ServiceManagement
0x000000000d8a3000 	/usr/lib/libxslt.1.dylib
0x000000000d8a3000 	/System/Library/Frameworks/Carbon.framework/Versions/A/Frameworks/Ink.framework/Versions/A/Ink
0x000000000d8a3000 	/System/Library/Frameworks/QuartzCore.framework/Versions/A/Frameworks/CoreImage.framework/Versions/A/CoreImage
0x000000000d8a3000 	/System/Library/PrivateFrameworks/CrashReporterSupport.framework/Versions/A/CrashReporterSupport
0x000000000d8a3000 	/System/Library/Frameworks/OpenCL.framework/Versions/A/OpenCL
0x000000000d8a3000 	/System/Library/PrivateFrameworks/FaceCore.framework/Versions/A/FaceCore
0x000000000d8a3000 	/System/Library/PrivateFrameworks/Ubiquity.framework/Versions/A/Ubiquity
0x000000000d8a3000 	/System/Library/PrivateFrameworks/IconServices.framework/Versions/A/IconServices
0x000000000d8a3000 	/System/Library/PrivateFrameworks/ChunkingLibrary.framework/Versions/A/ChunkingLibrary
0x000000000d8a3000 	/System/Library/PrivateFrameworks/Apple80211.framework/Versions/A/Apple80211
0x000000000d8a3000 	/System/Library/Frameworks/CoreWLAN.framework/Versions/A/CoreWLAN
0x000000000d8a3000 	/System/Library/Frameworks/IOBluetooth.framework/Versions/A/IOBluetooth
0x000000000d8a3000 	/System/Library/PrivateFrameworks/CoreWiFi.framework/Versions/A/CoreWiFi
0x000000000d8a3000 	/System/Library/Frameworks/CoreBluetooth.framework/Versions/A/CoreBluetooth
0x000000000d8a3000 	/System/Library/PrivateFrameworks/DebugSymbols.framework/Versions/A/DebugSymbols
0x000000000d8a3000 	/System/Library/PrivateFrameworks/CoreSymbolication.framework/Versions/A/CoreSymbolication
0x000000000d8a3000 	/System/Library/PrivateFrameworks/Symbolication.framework/Versions/A/Symbolication
0x000000000d8a3000 	/System/Library/PrivateFrameworks/SpeechRecognitionCore.framework/Versions/A/SpeechRecognitionCore
0x000000010783b000 	/Library/Java/JavaVirtualMachines/jdk1.8.0_51.jdk/Contents/Home/jre/lib/server/libjvm.dylib
0x000000000d8a3000 	/usr/lib/libstdc++.6.dylib
0x00000001087bb000 	/Library/Java/JavaVirtualMachines/jdk1.8.0_51.jdk/Contents/Home/jre/lib/libverify.dylib
0x00000001087c9000 	/Library/Java/JavaVirtualMachines/jdk1.8.0_51.jdk/Contents/Home/jre/lib/libjava.dylib
0x000000010910b000 	/Library/Java/JavaVirtualMachines/jdk1.8.0_51.jdk/Contents/Home/jre/lib/libzip.dylib
0x00000001df38d000 	/System/Library/Frameworks/JavaVM.framework/Frameworks/JavaRuntimeSupport.framework/JavaRuntimeSupport
0x00000001df3a3000 	/System/Library/Frameworks/JavaVM.framework/Versions/A/Frameworks/JavaNativeFoundation.framework/Versions/A/JavaNativeFoundation
0x00000001df3b7000 	/System/Library/Frameworks/JavaVM.framework/Versions/A/JavaVM
0x000000000d8a3000 	/System/Library/Frameworks/Carbon.framework/Versions/A/Carbon
0x00000001df3c3000 	/System/Library/PrivateFrameworks/JavaLaunching.framework/Versions/A/JavaLaunching
0x000000000d8a3000 	/System/Library/Frameworks/Carbon.framework/Versions/A/Frameworks/CommonPanels.framework/Versions/A/CommonPanels
0x000000000d8a3000 	/System/Library/Frameworks/Carbon.framework/Versions/A/Frameworks/Help.framework/Versions/A/Help
0x000000000d8a3000 	/System/Library/Frameworks/Carbon.framework/Versions/A/Frameworks/ImageCapture.framework/Versions/A/ImageCapture
0x000000000d8a3000 	/System/Library/Frameworks/Carbon.framework/Versions/A/Frameworks/OpenScripting.framework/Versions/A/OpenScripting
0x000000000d8a3000 	/System/Library/Frameworks/Carbon.framework/Versions/A/Frameworks/Print.framework/Versions/A/Print
0x000000000d8a3000 	/System/Library/Frameworks/Carbon.framework/Versions/A/Frameworks/SecurityHI.framework/Versions/A/SecurityHI
0x00000001e12cd000 	/Library/Java/JavaVirtualMachines/jdk1.8.0_51.jdk/Contents/Home/jre/lib/libawt.dylib
0x00000001e1375000 	/Library/Java/JavaVirtualMachines/jdk1.8.0_51.jdk/Contents/Home/jre/lib/./libmlib_image.dylib
0x00000001e1441000 	/Library/Java/JavaVirtualMachines/jdk1.8.0_51.jdk/Contents/Home/jre/lib/libawt_lwawt.dylib
0x00000001e14f5000 	/Library/Java/JavaVirtualMachines/jdk1.8.0_51.jdk/Contents/Home/jre/lib/./libosxapp.dylib
0x000000000d8a3000 	/System/Library/Frameworks/ExceptionHandling.framework/Versions/A/ExceptionHandling
0x000000000d8a3000 	/System/Library/PrivateFrameworks/CoreServicesInternal.framework/Versions/A/CoreServicesInternal
0x000000000d8a3000 	/System/Library/PrivateFrameworks/CloudDocs.framework/Versions/A/CloudDocs
0x000000000d8a3000 	/System/Library/PrivateFrameworks/CoreDuet.framework/Versions/A/CoreDuet
0x000000000d8a3000 	/System/Library/Frameworks/CloudKit.framework/Versions/A/CloudKit
0x000000000d8a3000 	/System/Library/PrivateFrameworks/ProtocolBuffer.framework/Versions/A/ProtocolBuffer
0x000000000d8a3000 	/System/Library/PrivateFrameworks/CoreDuetDaemonProtocol.framework/Versions/A/CoreDuetDaemonProtocol
0x000000000d8a3000 	/System/Library/PrivateFrameworks/CoreDuetDebugLogging.framework/Versions/A/CoreDuetDebugLogging
0x000000000d8a3000 	/System/Library/PrivateFrameworks/MMCS.framework/Versions/A/MMCS
0x000000000d8a3000 	/System/Library/Frameworks/CoreLocation.framework/Versions/A/CoreLocation
0x000000000d8a3000 	/System/Library/PrivateFrameworks/ProtectedCloudStorage.framework/Versions/A/ProtectedCloudStorage
0x000000000d8a3000 	/System/Library/PrivateFrameworks/GeoServices.framework/Versions/A/GeoServices
0x000000000d8a3000 	/System/Library/Frameworks/CoreGraphics.framework/Versions/A/Resources/libCGCMS.A.dylib
0x000000000d8a3000 	/System/Library/Frameworks/CoreGraphics.framework/Versions/A/Resources/libRIP.A.dylib
0x000000000d8a3000 	/System/Library/Frameworks/CoreGraphics.framework/Versions/A/Resources/libCGXType.A.dylib
0x000000000d8a3000 	/System/Library/Frameworks/OpenCL.framework/Versions/A/Libraries/libcldcpuengine.dylib
0x000000000d8a3000 	/System/Library/PrivateFrameworks/DiskImages.framework/Versions/A/DiskImages
0x000000000d8a3000 	/System/Library/Frameworks/DiscRecording.framework/Versions/A/DiscRecording
0x000000000d8a3000 	/usr/lib/libcsfde.dylib
0x000000000d8a3000 	/usr/lib/libcurl.4.dylib
0x000000000d8a3000 	/System/Library/PrivateFrameworks/MediaKit.framework/Versions/A/MediaKit
0x000000000d8a3000 	/usr/lib/libCoreStorage.dylib
0x000000000d8a3000 	/System/Library/PrivateFrameworks/EFILogin.framework/Versions/A/EFILogin
0x000000000d8a3000 	/usr/lib/libutil.dylib
0x000000000d8a3000 	/System/Library/PrivateFrameworks/FindMyDevice.framework/Versions/A/FindMyDevice
0x000000000d8a3000 	/System/Library/Frameworks/LDAP.framework/Versions/A/LDAP
0x000000000d8a3000 	/usr/lib/libsasl2.2.dylib
0x000000000d8a3000 	/System/Library/PrivateFrameworks/CoreDaemon.framework/Versions/B/CoreDaemon
0x000000000d8a3000 	/usr/lib/libcrypto.0.9.8.dylib
0x000000000d8a3000 	/System/Library/PrivateFrameworks/AppleSRP.framework/Versions/A/AppleSRP
0x000000000d8a3000 	/System/Library/PrivateFrameworks/TrustEvaluationAgent.framework/Versions/A/TrustEvaluationAgent
0x00000001e1b94000 	cl_kernels
0x00000001e49b0000 	/System/Library/Frameworks/OpenCL.framework/Versions/A/Libraries/ImageFormats/unorm8_bgra.dylib
0x00000001e4aec000 	cl_kernels
0x000000000d8a3000 	/System/Library/PrivateFrameworks/FamilyControls.framework/Versions/A/FamilyControls
0x000000000d8a3000 	/System/Library/PrivateFrameworks/CommerceKit.framework/Versions/A/Frameworks/CommerceCore.framework/Versions/A/CommerceCore
0x000000000d8a3000 	/System/Library/PrivateFrameworks/SystemAdministration.framework/Versions/A/SystemAdministration
0x000000000d8a3000 	/System/Library/PrivateFrameworks/AppContainer.framework/Versions/A/AppContainer
0x000000000d8a3000 	/System/Library/PrivateFrameworks/SecCodeWrapper.framework/Versions/A/SecCodeWrapper
0x000000000d8a3000 	/System/Library/Frameworks/DirectoryService.framework/Versions/A/DirectoryService
0x000000000d8a3000 	/System/Library/PrivateFrameworks/LoginUIKit.framework/Versions/A/Frameworks/LoginUICore.framework/Versions/A/LoginUICore
0x000000000d8a3000 	/usr/lib/libodfde.dylib
0x00000001e5f2b000 	/Library/Java/JavaVirtualMachines/jdk1.8.0_51.jdk/Contents/Home/jre/lib/libfontmanager.dylib
0x00000001e5f92000 	/Users/danielferreira/Documents/workspace/GameEngineOpenGL3_2/target/natives/liblwjgl.dylib
0x00000001e6014000 	/Library/Java/JavaVirtualMachines/jdk1.8.0_51.jdk/Contents/Home/jre/lib/libjawt.dylib
0x000000000d8a3000 	/System/Library/Frameworks/OpenGL.framework/Versions/A/Resources/GLEngine.bundle/GLEngine
0x000000000d8a3000 	/System/Library/Frameworks/OpenGL.framework/Versions/A/Libraries/libGLProgrammability.dylib
0x00000001e63f1000 	/System/Library/Extensions/AppleIntelHD5000GraphicsGLDriver.bundle/Contents/MacOS/AppleIntelHD5000GraphicsGLDriver
0x000000000d8a3000 	/System/Library/PrivateFrameworks/IOAccelerator.framework/Versions/A/IOAccelerator
0x000000000d8a3000 	/System/Library/PrivateFrameworks/GPUSupport.framework/Versions/A/Libraries/libGPUSupportMercury.dylib
0x000000000d8a3000 	/System/Library/Frameworks/OpenGL.framework/Versions/A/Resources/GLRendererFloat.bundle/GLRendererFloat
0x00000001e7ea0000 	/Library/Java/JavaVirtualMachines/jdk1.8.0_51.jdk/Contents/Home/jre/lib/libmanagement.dylib
0x00000001e8203000 	/Library/Java/JavaVirtualMachines/jdk1.8.0_51.jdk/Contents/Home/jre/lib/libnet.dylib
0x00000001e84d1000 	/Library/Java/JavaVirtualMachines/jdk1.8.0_51.jdk/Contents/Home/jre/lib/libnio.dylib

VM Arguments:
jvm_args: -Djava.library.path=target/natives -Dfile.encoding=UTF-8 
java_command: gameEngine.engineTester.MainGameLoop
java_class_path (initial): /Users/danielferreira/Documents/workspace/GameEngineOpenGL3_2/target/classes:/Users/danielferreira/Documents/workspace/commons/target/classes:/Users/danielferreira/Documents/workspace/commons/target/test-classes:/Users/danielferreira/.m2/repository/org/lwjgl/lwjgl/lwjgl/2.9.3/lwjgl-2.9.3.jar:/Users/danielferreira/.m2/repository/org/lwjgl/lwjgl/lwjgl-platform/2.9.3/lwjgl-platform-2.9.3-natives-windows.jar:/Users/danielferreira/.m2/repository/org/lwjgl/lwjgl/lwjgl-platform/2.9.3/lwjgl-platform-2.9.3-natives-linux.jar:/Users/danielferreira/.m2/repository/org/lwjgl/lwjgl/lwjgl-platform/2.9.3/lwjgl-platform-2.9.3-natives-osx.jar:/Users/danielferreira/.m2/repository/net/java/jinput/jinput/2.0.5/jinput-2.0.5.jar:/Users/danielferreira/.m2/repository/net/java/jutils/jutils/1.0.0/jutils-1.0.0.jar:/Users/danielferreira/.m2/repository/net/java/jinput/jinput-platform/2.0.5/jinput-platform-2.0.5-natives-linux.jar:/Users/danielferreira/.m2/repository/net/java/jinput/jinput-platform/2.0.5/jinput-platform-2.0.5-natives-windows.jar:/Users/danielferreira/.m2/repository/net/java/jinput/jinput-platform/2.0.5/jinput-platform-2.0.5-natives-osx.jar:/Users/danielferreira/.m2/repository/org/slick2d/slick2d-core/1.0.1/slick2d-core-1.0.1.jar:/Library/Java/JavaVirtualMachines/jdk1.8.0_51.jdk/Contents/Home/jre/lib/javaws.jar:/Users/danielferreira/.m2/repository/org/jcraft/jorbis/0.0.17/jorbis-0.0.17.jar:/Users/danielferreira/.m2/repository/org/apache/logging/log4j/log4j-api/2.6.1/log4j-api-2.6.1.jar:/Users/danielferreira/.m2/repository/org/apache/logging/log4j/log4j-core/2.6.1/log4j-core-2.6.1.jar
Launcher Type: SUN_STANDARD

Environment Variables:
PATH=/usr/bin:/bin:/usr/sbin:/sbin
SHELL=/bin/bash
DISPLAY=/private/tmp/com.apple.launchd.UYsMu0Fida/org.macosforge.xquartz:0

Signal Handlers:
SIGSEGV: [libjvm.dylib+0x58ef35], sa_mask[0]=11111111011111110111111111111111, sa_flags=SA_ONSTACK|SA_RESTART|SA_SIGINFO
SIGBUS: [libjvm.dylib+0x58ef35], sa_mask[0]=11111111011111110111111111111111, sa_flags=SA_RESTART|SA_SIGINFO
SIGFPE: [libjvm.dylib+0x46c028], sa_mask[0]=11111111011111110111111111111111, sa_flags=SA_RESTART|SA_SIGINFO
SIGPIPE: [libjvm.dylib+0x46c028], sa_mask[0]=11111111011111110111111111111111, sa_flags=SA_RESTART|SA_SIGINFO
SIGXFSZ: [libjvm.dylib+0x46c028], sa_mask[0]=11111111011111110111111111111111, sa_flags=SA_RESTART|SA_SIGINFO
SIGILL: [libjvm.dylib+0x46c028], sa_mask[0]=11111111011111110111111111111111, sa_flags=SA_RESTART|SA_SIGINFO
SIGUSR1: SIG_DFL, sa_mask[0]=00000000000000000000000000000000, sa_flags=none
SIGUSR2: [libjvm.dylib+0x46bb46], sa_mask[0]=00100000000000000000000000000000, sa_flags=SA_RESTART|SA_SIGINFO
SIGHUP: [libjvm.dylib+0x46a119], sa_mask[0]=11111111011111110111111111111111, sa_flags=SA_RESTART|SA_SIGINFO
SIGINT: [libjvm.dylib+0x46a119], sa_mask[0]=11111111011111110111111111111111, sa_flags=SA_RESTART|SA_SIGINFO
SIGTERM: [libjvm.dylib+0x46a119], sa_mask[0]=11111111011111110111111111111111, sa_flags=SA_RESTART|SA_SIGINFO
SIGQUIT: [libjvm.dylib+0x46a119], sa_mask[0]=11111111011111110111111111111111, sa_flags=SA_RESTART|SA_SIGINFO


---------------  S Y S T E M  ---------------

OS:Bsduname:Darwin 14.5.0 Darwin Kernel Version 14.5.0: Wed Jul 29 02:26:53 PDT 2015; root:xnu-2782.40.9~1/RELEASE_X86_64 x86_64
rlimit: STACK 8192k, CORE 0k, NPROC 709, NOFILE 10240, AS infinity
load average:2.05 1.84 1.91

CPU:total 4 (2 cores per cpu, 2 threads per core) family 6 model 69 stepping 1, cmov, cx8, fxsr, mmx, sse, sse2, sse3, ssse3, sse4.1, sse4.2, popcnt, avx, avx2, aes, clmul, erms, lzcnt, ht, tsc, tscinvbit, bmi1, bmi2

Memory: 4k page, physical 8388608k(794172k free)

/proc/meminfo:


vm_info: Java HotSpot(TM) 64-Bit Server VM (25.51-b03) for bsd-amd64 JRE (1.8.0_51-b16), built on Jun  8 2015 18:01:11 by "java_re" with gcc 4.2.1 (Based on Apple Inc. build 5658) (LLVM build 2336.11.00)

time: Sat Aug 27 23:24:18 2016
elapsed time: 4 seconds (0d 0h 0m 4s)

