#
# A fatal error has been detected by the Java Runtime Environment:
#
#  SIGSEGV (0xb) at pc=0x00007fff8fca4080, pid=994, tid=3331
#
# JRE version: Java(TM) SE Runtime Environment (8.0_51-b16) (build 1.8.0_51-b16)
# Java VM: Java HotSpot(TM) 64-Bit Server VM (25.51-b03 mixed mode bsd-amd64 compressed oops)
# Problematic frame:
# C  [libsystem_platform.dylib+0x5080]  _platform_memmove$VARIANT$Unknown+0xe0
#
# Failed to write core dump. Core dumps have been disabled. To enable core dumping, try "ulimit -c unlimited" before starting Java again
#
# If you would like to submit a bug report, please visit:
#   http://bugreport.java.com/bugreport/crash.jsp
# The crash happened outside the Java Virtual Machine in native code.
# See problematic frame for where to report the bug.
#

---------------  T H R E A D  ---------------

Current thread (0x00007f84a3803800):  JavaThread "main" [_thread_in_native, id=3331, stack(0x0000000103875000,0x0000000103975000)]

siginfo: si_signo: 11 (SIGSEGV), si_code: 1 (SEGV_MAPERR), si_addr: 0x0000000000000000

Registers:
RAX=0x000000012271c0c0, RBX=0x0000000000000030, RCX=0x0000000000000002, RDX=0x0000000000000e88
RSP=0x0000000103974420, RBP=0x0000000103974420, RSI=0x0000000000000000, RDI=0x000000012271c0c0
R8 =0x0000000103974390, R9 =0x000000007a000003, R10=0x0000000010008010, R11=0x000000012271c0c0
R12=0x00000000000003a2, R13=0x0000000400000000, R14=0x000001047b000005, R15=0x00007f84a4134cd0
RIP=0x00007fff8fca4080, EFLAGS=0x0000000000010287, ERR=0x0000000000000004
  TRAPNO=0x000000000000000e

Top of Stack: (sp=0x0000000103974420)
0x0000000103974420:   00000001039744f0 000000012106d1ab
0x0000000103974430:   ffffffffffffffff ffffffffffffffff
0x0000000103974440:   ffffffffffffffff ffffffffffffffff
0x0000000103974450:   1c0058833d67ac22 00007f84a4130e00
0x0000000103974460:   0000000000000e88 000000029cdd2eb6
0x0000000103974470:   0000000000000002 0000000000000004
0x0000000103974480:   00000000000003a2 00007f84a4134b10
0x0000000103974490:   00007f84a4131c30 ffffff0100000004
0x00000001039744a0:   00007f84a4134cd0 0000000100001405
0x00000001039744b0:   0000000000000000 00007f84a5800000
0x00000001039744c0:   00000001039744f0 0000000000000004
0x00000001039744d0:   00007f84a5800000 000000011899b110
0x00000001039744e0:   00007f84a6026c28 00007f84a6026c00
0x00000001039744f0:   0000000103974560 00007fff9cd38c4b
0x0000000103974500:   0000000000000000 0000000100000001
0x0000000103974510:   0000000000000000 000000011899b110
0x0000000103974520:   00007f84a3803800 000000011899b110
0x0000000103974530:   000003a21899b110 000000011899b110
0x0000000103974540:   0000000000000000 000000011899b110
0x0000000103974550:   0000000103974638 00007f84a3803800
0x0000000103974560:   00000001039745e8 0000000104215954
0x0000000103974570:   00007fff982c95a7 00007f84a3803800
0x0000000103974580:   000000011899b110 0000000103974638
0x0000000103974590:   00000001039745e8 00000001042156e7
0x00000001039745a0:   00000001042156a2 00000001039745a8
0x00000001039745b0:   000000011899b110 0000000103974638
0x00000001039745c0:   00000001189b2428 0000000000000000
0x00000001039745d0:   000000011899b110 0000000000000000
0x00000001039745e0:   0000000103974608 0000000103974680
0x00000001039745f0:   0000000104207c4d 0000000797729560
0x0000000103974600:   000000010420f578 00007fff982c95a7
0x0000000103974610:   0000000122c46b90 0000000000000000 

Instructions: (pc=0x00007fff8fca4080)
0x00007fff8fca4060:   ea 01 74 14 42 8a 4c 06 01 42 88 4c 07 01 49 83
0x00007fff8fca4070:   c0 02 48 83 ea 01 75 de 5d c3 66 0f 1f 44 00 00
0x00007fff8fca4080:   c5 fc 10 06 48 83 c7 20 48 83 e7 e0 48 89 f9 48
0x00007fff8fca4090:   29 c1 48 01 ce 48 29 ca c5 fc 10 0e c5 fc 11 00 

Register to memory mapping:

RAX=0x000000012271c0c0 is an unknown value
RBX=0x0000000000000030 is an unknown value
RCX=0x0000000000000002 is an unknown value
RDX=0x0000000000000e88 is an unknown value
RSP=0x0000000103974420 is pointing into the stack for thread: 0x00007f84a3803800
RBP=0x0000000103974420 is pointing into the stack for thread: 0x00007f84a3803800
RSI=0x0000000000000000 is an unknown value
RDI=0x000000012271c0c0 is an unknown value
R8 =0x0000000103974390 is pointing into the stack for thread: 0x00007f84a3803800
R9 =0x000000007a000003 is an unknown value
R10=0x0000000010008010 is an unknown value
R11=0x000000012271c0c0 is an unknown value
R12=0x00000000000003a2 is an unknown value
R13=0x0000000400000000 is an unknown value
R14=0x000001047b000005 is an unknown value
R15=0x00007f84a4134cd0 is an unknown value


Stack: [0x0000000103875000,0x0000000103975000],  sp=0x0000000103974420,  free space=1021k
Native frames: (J=compiled Java code, j=interpreted, Vv=VM code, C=native code)
C  [libsystem_platform.dylib+0x5080]  _platform_memmove$VARIANT$Unknown+0xe0
C  [AppleIntelHD5000GraphicsGLDriver+0x44e1ab]  glrIntelRenderVertexArray+0x70b
C  [GLEngine+0xbbc4b]  glDrawElements_GL3Exec+0x120
j  org.lwjgl.opengl.GL11.nglDrawElementsBO(IIIJJ)V+0
j  org.lwjgl.opengl.GL11.glDrawElements(IIIJ)V+28
j  gameEngine.renderEngine.EntityRender.render(LgameEngine/models/Entity;)V+19
j  gameEngine.renderEngine.EntityRender.render(Ljava/util/Map;)V+89
j  gameEngine.renderEngine.EntityRender.render(Lcom/dferreira/commons/Vector3f;Lcom/dferreira/commons/models/Light;Lcom/dferreira/commons/GLTransformation;Ljava/util/Map;)V+34
j  gameEngine.renderEngine.MasterRender.render(Lcom/dferreira/commons/models/Light;)V+34
j  gameEngine.engineTester.MainGameLoop.main([Ljava/lang/String;)V+64
v  ~StubRoutines::call_stub
V  [libjvm.dylib+0x2e01e2]
V  [libjvm.dylib+0x3168ee]
V  [libjvm.dylib+0x30f668]
C  [java+0x393e]  JavaMain+0x9b1
C  [libsystem_pthread.dylib+0x405a]  _pthread_body+0x83
C  [libsystem_pthread.dylib+0x3fd7]  _pthread_body+0x0
C  [libsystem_pthread.dylib+0x13ed]  thread_start+0xd
C  0x0000000000000000

Java frames: (J=compiled Java code, j=interpreted, Vv=VM code)
j  org.lwjgl.opengl.GL11.nglDrawElementsBO(IIIJJ)V+0
j  org.lwjgl.opengl.GL11.glDrawElements(IIIJ)V+28
j  gameEngine.renderEngine.EntityRender.render(LgameEngine/models/Entity;)V+19
j  gameEngine.renderEngine.EntityRender.render(Ljava/util/Map;)V+89
j  gameEngine.renderEngine.EntityRender.render(Lcom/dferreira/commons/Vector3f;Lcom/dferreira/commons/models/Light;Lcom/dferreira/commons/GLTransformation;Ljava/util/Map;)V+34
j  gameEngine.renderEngine.MasterRender.render(Lcom/dferreira/commons/models/Light;)V+34
j  gameEngine.engineTester.MainGameLoop.main([Ljava/lang/String;)V+64
v  ~StubRoutines::call_stub

---------------  P R O C E S S  ---------------

Java Threads: ( => current thread )
  0x00007f84a3096800 JavaThread "AWT-Shutdown" [_thread_blocked, id=27667, stack(0x000000011dd51000,0x000000011de51000)]
  0x00007f84a3090800 JavaThread "AppKit Thread" daemon [_thread_in_native, id=1811, stack(0x00007fff5cbf4000,0x00007fff5d3f4000)]
  0x00007f84a3815000 JavaThread "Service Thread" daemon [_thread_blocked, id=17923, stack(0x000000011bf88000,0x000000011c088000)]
  0x00007f84a301e800 JavaThread "C1 CompilerThread2" daemon [_thread_blocked, id=17411, stack(0x000000011be85000,0x000000011bf85000)]
  0x00007f84a3811800 JavaThread "C2 CompilerThread1" daemon [_thread_blocked, id=16899, stack(0x000000011bd82000,0x000000011be82000)]
  0x00007f84a4001000 JavaThread "C2 CompilerThread0" daemon [_thread_blocked, id=16387, stack(0x000000011bc7f000,0x000000011bd7f000)]
  0x00007f84a4000000 JavaThread "Signal Dispatcher" daemon [_thread_blocked, id=14607, stack(0x000000011bb7c000,0x000000011bc7c000)]
  0x00007f84a3801000 JavaThread "Finalizer" daemon [_thread_blocked, id=11011, stack(0x000000011a176000,0x000000011a276000)]
  0x00007f84a3014000 JavaThread "Reference Handler" daemon [_thread_blocked, id=10499, stack(0x000000011a073000,0x000000011a173000)]
=>0x00007f84a3803800 JavaThread "main" [_thread_in_native, id=3331, stack(0x0000000103875000,0x0000000103975000)]

Other Threads:
  0x00007f84a3011000 VMThread [stack: 0x0000000119f70000,0x000000011a070000] [id=9987]
  0x00007f84a3043800 WatcherThread [stack: 0x000000011c08b000,0x000000011c18b000] [id=18435]

VM state:not at safepoint (normal execution)

VM Mutex/Monitor currently owned by a thread: None

Heap:
 PSYoungGen      total 38400K, used 7305K [0x0000000795580000, 0x0000000798000000, 0x00000007c0000000)
  eden space 33280K, 6% used [0x0000000795580000,0x00000007957ab6d8,0x0000000797600000)
  from space 5120K, 99% used [0x0000000797600000,0x0000000797af6d68,0x0000000797b00000)
  to   space 5120K, 0% used [0x0000000797b00000,0x0000000797b00000,0x0000000798000000)
 ParOldGen       total 87552K, used 16K [0x0000000740000000, 0x0000000745580000, 0x0000000795580000)
  object space 87552K, 0% used [0x0000000740000000,0x0000000740004000,0x0000000745580000)
 Metaspace       used 12845K, capacity 13053K, committed 13312K, reserved 1060864K
  class space    used 1442K, capacity 1501K, committed 1536K, reserved 1048576K

Card table byte_map: [0x00000001135c0000,0x00000001139c1000] byte_map_base: 0x000000010fbc0000

Marking Bits: (ParMarkBitMap*) 0x00000001031cd7a0
 Begin Bits: [0x0000000114078000, 0x0000000116078000)
 End Bits:   [0x0000000116078000, 0x0000000118078000)

Polling page: 0x00000001039ba000

CodeCache: size=245760Kb used=3791Kb max_used=3803Kb free=241968Kb
 bounds [0x0000000104200000, 0x00000001045c0000, 0x0000000113200000]
 total_blobs=1534 nmethods=1068 adapters=380
 compilation: enabled

Compilation events (10 events):
Event: 1.499 Thread 0x00007f84a3811800 nmethod 1062% 0x00000001045b0910 code [0x00000001045b0aa0, 0x00000001045b1258]
Event: 1.499 Thread 0x00007f84a3811800 1065       4       org.newdawn.slick.opengl.PNGDecoder::copyPALtoRGBA (199 bytes)
Event: 1.499 Thread 0x00007f84a4001000 nmethod 1064% 0x00000001045b64d0 code [0x00000001045b6640, 0x00000001045b6a18]
Event: 1.501 Thread 0x00007f84a4001000 1066       4       org.newdawn.slick.opengl.PNGDecoder::expand2 (106 bytes)
Event: 1.507 Thread 0x00007f84a4001000 nmethod 1066 0x00000001045b6cd0 code [0x00000001045b6e20, 0x00000001045b7218]
Event: 1.511 Thread 0x00007f84a3811800 nmethod 1065 0x00000001045b73d0 code [0x00000001045b7540, 0x00000001045b7cd8]
Event: 1.536 Thread 0x00007f84a4001000 1067   !   4       org.newdawn.slick.opengl.PNGDecoder::readChunkUnzip (122 bytes)
Event: 1.537 Thread 0x00007f84a3811800 1068       4       org.newdawn.slick.opengl.PNGDecoder::unfilter (104 bytes)
Event: 1.547 Thread 0x00007f84a4001000 nmethod 1067 0x00000001045b3c50 code [0x00000001045b3e20, 0x00000001045b4940]
Event: 1.547 Thread 0x00007f84a3811800 nmethod 1068 0x00000001045b3450 code [0x00000001045b35c0, 0x00000001045b39f8]

GC Heap History (2 events):
Event: 1.299 GC heap before
{Heap before GC invocations=1 (full 0):
 PSYoungGen      total 38400K, used 33280K [0x0000000795580000, 0x0000000798000000, 0x00000007c0000000)
  eden space 33280K, 100% used [0x0000000795580000,0x0000000797600000,0x0000000797600000)
  from space 5120K, 0% used [0x0000000797b00000,0x0000000797b00000,0x0000000798000000)
  to   space 5120K, 0% used [0x0000000797600000,0x0000000797600000,0x0000000797b00000)
 ParOldGen       total 87552K, used 0K [0x0000000740000000, 0x0000000745580000, 0x0000000795580000)
  object space 87552K, 0% used [0x0000000740000000,0x0000000740000000,0x0000000745580000)
 Metaspace       used 12680K, capacity 12861K, committed 13056K, reserved 1060864K
  class space    used 1433K, capacity 1501K, committed 1536K, reserved 1048576K
Event: 1.306 GC heap after
Heap after GC invocations=1 (full 0):
 PSYoungGen      total 38400K, used 5083K [0x0000000795580000, 0x0000000798000000, 0x00000007c0000000)
  eden space 33280K, 0% used [0x0000000795580000,0x0000000795580000,0x0000000797600000)
  from space 5120K, 99% used [0x0000000797600000,0x0000000797af6d68,0x0000000797b00000)
  to   space 5120K, 0% used [0x0000000797b00000,0x0000000797b00000,0x0000000798000000)
 ParOldGen       total 87552K, used 16K [0x0000000740000000, 0x0000000745580000, 0x0000000795580000)
  object space 87552K, 0% used [0x0000000740000000,0x0000000740004000,0x0000000745580000)
 Metaspace       used 12680K, capacity 12861K, committed 13056K, reserved 1060864K
  class space    used 1433K, capacity 1501K, committed 1536K, reserved 1048576K
}

Deoptimization events (5 events):
Event: 0.457 Thread 0x00007f84a3090800 Uncommon trap: reason=unstable_if action=reinterpret pc=0x0000000104336b80 method=java.lang.String.indexOf(II)I @ 49
Event: 1.135 Thread 0x00007f84a3803800 Uncommon trap: reason=unstable_if action=reinterpret pc=0x00000001044b613c method=java.util.HashMap.getNode(ILjava/lang/Object;)Ljava/util/HashMap$Node; @ 129
Event: 1.135 Thread 0x00007f84a3803800 Uncommon trap: reason=unstable_if action=reinterpret pc=0x000000010449d4e4 method=java.util.HashMap.getNode(ILjava/lang/Object;)Ljava/util/HashMap$Node; @ 129
Event: 1.140 Thread 0x00007f84a3803800 Uncommon trap: reason=range_check action=make_not_entrant pc=0x00000001044a3c88 method=sun.reflect.generics.parser.SignatureParser.current()C @ 34
Event: 1.199 Thread 0x00007f84a3803800 Uncommon trap: reason=unstable_if action=reinterpret pc=0x000000010438e5c8 method=java.lang.String.indexOf([CII[CIII)I @ 3

Internal exceptions (10 events):
Event: 0.211 Thread 0x00007f84a3803800 Exception <a 'java/security/PrivilegedActionException'> (0x0000000795851368) thrown at [/Users/java_re/workspace/8-2-build-macosx-x86_64/jdk8u51/3951/hotspot/src/share/vm/prims/jvm.cpp, line 1382]
Event: 0.211 Thread 0x00007f84a3803800 Exception <a 'java/security/PrivilegedActionException'> (0x0000000795851520) thrown at [/Users/java_re/workspace/8-2-build-macosx-x86_64/jdk8u51/3951/hotspot/src/share/vm/prims/jvm.cpp, line 1382]
Event: 0.211 Thread 0x00007f84a3803800 Exception <a 'java/security/PrivilegedActionException'> (0x00000007958548a0) thrown at [/Users/java_re/workspace/8-2-build-macosx-x86_64/jdk8u51/3951/hotspot/src/share/vm/prims/jvm.cpp, line 1382]
Event: 0.211 Thread 0x00007f84a3803800 Exception <a 'java/security/PrivilegedActionException'> (0x0000000795854a58) thrown at [/Users/java_re/workspace/8-2-build-macosx-x86_64/jdk8u51/3951/hotspot/src/share/vm/prims/jvm.cpp, line 1382]
Event: 0.430 Thread 0x00007f84a3803800 Exception <a 'java/io/FileNotFoundException'> (0x00000007958592f8) thrown at [/Users/java_re/workspace/8-2-build-macosx-x86_64/jdk8u51/3951/hotspot/src/share/vm/prims/jni.cpp, line 709]
Event: 0.430 Thread 0x00007f84a3803800 Exception <a 'java/io/FileNotFoundException'> (0x0000000795859e58) thrown at [/Users/java_re/workspace/8-2-build-macosx-x86_64/jdk8u51/3951/hotspot/src/share/vm/prims/jni.cpp, line 709]
Event: 0.495 Thread 0x00007f84a3090800 Exception <a 'java/lang/NoSuchFieldError': method resolution failed> (0x0000000795a38640) thrown at [/Users/java_re/workspace/8-2-build-macosx-x86_64/jdk8u51/3951/hotspot/src/share/vm/prims/methodHandles.cpp, line 1125]
Event: 0.497 Thread 0x00007f84a3090800 Exception <a 'java/lang/NoSuchFieldError': method resolution failed> (0x0000000795a46ce0) thrown at [/Users/java_re/workspace/8-2-build-macosx-x86_64/jdk8u51/3951/hotspot/src/share/vm/prims/methodHandles.cpp, line 1125]
Event: 1.140 Thread 0x00007f84a3803800 Exception <a 'java/lang/ArrayIndexOutOfBoundsException': 18> (0x00000007970cf458) thrown at [/Users/java_re/workspace/8-2-build-macosx-x86_64/jdk8u51/3951/hotspot/src/share/vm/interpreter/interpreterRuntime.cpp, line 366]
Event: 1.141 Thread 0x00007f84a3803800 Exception <a 'java/lang/ArrayIndexOutOfBoundsException': 110> (0x00000007970d0900) thrown at [/Users/java_re/workspace/8-2-build-macosx-x86_64/jdk8u51/3951/hotspot/src/share/vm/interpreter/interpreterRuntime.cpp, line 366]

Events (10 events):
Event: 1.509 Thread 0x00007f84a3803800 DEOPT PACKING pc=0x00000001045b283d sp=0x00000001039745d0
Event: 1.509 Thread 0x00007f84a3803800 DEOPT UNPACKING pc=0x0000000104247633 sp=0x0000000103974328 mode 0
Event: 1.510 Thread 0x00007f84a3803800 DEOPT PACKING pc=0x00000001045b283d sp=0x00000001039745d0
Event: 1.510 Thread 0x00007f84a3803800 DEOPT UNPACKING pc=0x0000000104247633 sp=0x0000000103974328 mode 0
Event: 1.510 Thread 0x00007f84a3803800 DEOPT PACKING pc=0x00000001045b283d sp=0x00000001039745d0
Event: 1.510 Thread 0x00007f84a3803800 DEOPT UNPACKING pc=0x0000000104247633 sp=0x0000000103974328 mode 0
Event: 1.511 Thread 0x00007f84a3803800 DEOPT PACKING pc=0x00000001045b283d sp=0x00000001039745d0
Event: 1.511 Thread 0x00007f84a3803800 DEOPT UNPACKING pc=0x0000000104247633 sp=0x0000000103974328 mode 0
Event: 1.564 loading class gameEngine/models/SkyBox
Event: 1.564 loading class gameEngine/models/SkyBox done


Dynamic libraries:
0x000000000d8a3000 	/System/Library/Frameworks/Cocoa.framework/Versions/A/Cocoa
0x000000000d8a3000 	/System/Library/Frameworks/Security.framework/Versions/A/Security
0x000000000d8a3000 	/System/Library/Frameworks/ApplicationServices.framework/Versions/A/ApplicationServices
0x000000000d8a3000 	/usr/lib/libz.1.dylib
0x000000000d8a3000 	/usr/lib/libSystem.B.dylib
0x000000000d8a3000 	/usr/lib/libobjc.A.dylib
0x000000000d8a3000 	/System/Library/Frameworks/CoreFoundation.framework/Versions/A/CoreFoundation
0x000000000d8a3000 	/System/Library/Frameworks/Foundation.framework/Versions/C/Foundation
0x000000000d8a3000 	/System/Library/Frameworks/AppKit.framework/Versions/C/AppKit
0x000000000d8a3000 	/System/Library/Frameworks/CoreData.framework/Versions/A/CoreData
0x000000000d8a3000 	/System/Library/PrivateFrameworks/RemoteViewServices.framework/Versions/A/RemoteViewServices
0x000000000d8a3000 	/System/Library/PrivateFrameworks/UIFoundation.framework/Versions/A/UIFoundation
0x000000000d8a3000 	/System/Library/Frameworks/IOSurface.framework/Versions/A/IOSurface
0x000000000d8a3000 	/System/Library/Frameworks/AudioToolbox.framework/Versions/A/AudioToolbox
0x000000000d8a3000 	/System/Library/Frameworks/AudioUnit.framework/Versions/A/AudioUnit
0x000000000d8a3000 	/System/Library/PrivateFrameworks/DataDetectorsCore.framework/Versions/A/DataDetectorsCore
0x000000000d8a3000 	/System/Library/PrivateFrameworks/DesktopServicesPriv.framework/Versions/A/DesktopServicesPriv
0x000000000d8a3000 	/System/Library/Frameworks/Carbon.framework/Versions/A/Frameworks/HIToolbox.framework/Versions/A/HIToolbox
0x000000000d8a3000 	/System/Library/Frameworks/QuartzCore.framework/Versions/A/QuartzCore
0x000000000d8a3000 	/System/Library/Frameworks/Carbon.framework/Versions/A/Frameworks/SpeechRecognition.framework/Versions/A/SpeechRecognition
0x000000000d8a3000 	/usr/lib/libauto.dylib
0x000000000d8a3000 	/usr/lib/libicucore.A.dylib
0x000000000d8a3000 	/usr/lib/libxml2.2.dylib
0x000000000d8a3000 	/System/Library/PrivateFrameworks/CoreUI.framework/Versions/A/CoreUI
0x000000000d8a3000 	/System/Library/Frameworks/CoreAudio.framework/Versions/A/CoreAudio
0x000000000d8a3000 	/System/Library/Frameworks/DiskArbitration.framework/Versions/A/DiskArbitration
0x000000000d8a3000 	/usr/lib/liblangid.dylib
0x000000000d8a3000 	/System/Library/PrivateFrameworks/MultitouchSupport.framework/Versions/A/MultitouchSupport
0x000000000d8a3000 	/System/Library/Frameworks/IOKit.framework/Versions/A/IOKit
0x000000000d8a3000 	/usr/lib/libDiagnosticMessagesClient.dylib
0x000000000d8a3000 	/System/Library/Frameworks/CoreServices.framework/Versions/A/CoreServices
0x000000000d8a3000 	/System/Library/PrivateFrameworks/PerformanceAnalysis.framework/Versions/A/PerformanceAnalysis
0x000000000d8a3000 	/System/Library/PrivateFrameworks/GenerationalStorage.framework/Versions/A/GenerationalStorage
0x000000000d8a3000 	/System/Library/Frameworks/OpenGL.framework/Versions/A/OpenGL
0x000000000d8a3000 	/System/Library/PrivateFrameworks/Sharing.framework/Versions/A/Sharing
0x000000000d8a3000 	/System/Library/Frameworks/CoreGraphics.framework/Versions/A/CoreGraphics
0x000000000d8a3000 	/System/Library/Frameworks/CoreText.framework/Versions/A/CoreText
0x000000000d8a3000 	/System/Library/Frameworks/ImageIO.framework/Versions/A/ImageIO
0x000000000d8a3000 	/usr/lib/libextension.dylib
0x000000000d8a3000 	/System/Library/PrivateFrameworks/Backup.framework/Versions/A/Backup
0x000000000d8a3000 	/usr/lib/libarchive.2.dylib
0x000000000d8a3000 	/System/Library/Frameworks/CFNetwork.framework/Versions/A/CFNetwork
0x000000000d8a3000 	/System/Library/Frameworks/SystemConfiguration.framework/Versions/A/SystemConfiguration
0x000000000d8a3000 	/usr/lib/libCRFSuite.dylib
0x000000000d8a3000 	/usr/lib/libc++.1.dylib
0x000000000d8a3000 	/usr/lib/libc++abi.dylib
0x000000000d8a3000 	/usr/lib/system/libcache.dylib
0x000000000d8a3000 	/usr/lib/system/libcommonCrypto.dylib
0x000000000d8a3000 	/usr/lib/system/libcompiler_rt.dylib
0x000000000d8a3000 	/usr/lib/system/libcopyfile.dylib
0x000000000d8a3000 	/usr/lib/system/libcorecrypto.dylib
0x000000000d8a3000 	/usr/lib/system/libdispatch.dylib
0x000000000d8a3000 	/usr/lib/system/libdyld.dylib
0x000000000d8a3000 	/usr/lib/system/libkeymgr.dylib
0x000000000d8a3000 	/usr/lib/system/liblaunch.dylib
0x000000000d8a3000 	/usr/lib/system/libmacho.dylib
0x000000000d8a3000 	/usr/lib/system/libquarantine.dylib
0x000000000d8a3000 	/usr/lib/system/libremovefile.dylib
0x000000000d8a3000 	/usr/lib/system/libsystem_asl.dylib
0x000000000d8a3000 	/usr/lib/system/libsystem_blocks.dylib
0x000000000d8a3000 	/usr/lib/system/libsystem_c.dylib
0x000000000d8a3000 	/usr/lib/system/libsystem_configuration.dylib
0x000000000d8a3000 	/usr/lib/system/libsystem_coreservices.dylib
0x000000000d8a3000 	/usr/lib/system/libsystem_coretls.dylib
0x000000000d8a3000 	/usr/lib/system/libsystem_dnssd.dylib
0x000000000d8a3000 	/usr/lib/system/libsystem_info.dylib
0x000000000d8a3000 	/usr/lib/system/libsystem_kernel.dylib
0x000000000d8a3000 	/usr/lib/system/libsystem_m.dylib
0x000000000d8a3000 	/usr/lib/system/libsystem_malloc.dylib
0x000000000d8a3000 	/usr/lib/system/libsystem_network.dylib
0x000000000d8a3000 	/usr/lib/system/libsystem_networkextension.dylib
0x000000000d8a3000 	/usr/lib/system/libsystem_notify.dylib
0x000000000d8a3000 	/usr/lib/system/libsystem_platform.dylib
0x000000000d8a3000 	/usr/lib/system/libsystem_pthread.dylib
0x000000000d8a3000 	/usr/lib/system/libsystem_sandbox.dylib
0x000000000d8a3000 	/usr/lib/system/libsystem_secinit.dylib
0x000000000d8a3000 	/usr/lib/system/libsystem_stats.dylib
0x000000000d8a3000 	/usr/lib/system/libsystem_trace.dylib
0x000000000d8a3000 	/usr/lib/system/libunc.dylib
0x000000000d8a3000 	/usr/lib/system/libunwind.dylib
0x000000000d8a3000 	/usr/lib/system/libxpc.dylib
0x000000000d8a3000 	/usr/lib/libbz2.1.0.dylib
0x000000000d8a3000 	/usr/lib/liblzma.5.dylib
0x000000000d8a3000 	/usr/lib/libbsm.0.dylib
0x000000000d8a3000 	/usr/lib/libsqlite3.dylib
0x000000000d8a3000 	/usr/lib/system/libkxld.dylib
0x000000000d8a3000 	/usr/lib/libxar.1.dylib
0x000000000d8a3000 	/usr/lib/libpam.2.dylib
0x000000000d8a3000 	/usr/lib/libOpenScriptingUtil.dylib
0x000000000d8a3000 	/System/Library/Frameworks/CoreServices.framework/Versions/A/Frameworks/FSEvents.framework/Versions/A/FSEvents
0x000000000d8a3000 	/System/Library/Frameworks/CoreServices.framework/Versions/A/Frameworks/CarbonCore.framework/Versions/A/CarbonCore
0x000000000d8a3000 	/System/Library/Frameworks/CoreServices.framework/Versions/A/Frameworks/Metadata.framework/Versions/A/Metadata
0x000000000d8a3000 	/System/Library/Frameworks/CoreServices.framework/Versions/A/Frameworks/OSServices.framework/Versions/A/OSServices
0x000000000d8a3000 	/System/Library/Frameworks/CoreServices.framework/Versions/A/Frameworks/SearchKit.framework/Versions/A/SearchKit
0x000000000d8a3000 	/System/Library/Frameworks/CoreServices.framework/Versions/A/Frameworks/AE.framework/Versions/A/AE
0x000000000d8a3000 	/System/Library/Frameworks/CoreServices.framework/Versions/A/Frameworks/LaunchServices.framework/Versions/A/LaunchServices
0x000000000d8a3000 	/System/Library/Frameworks/CoreServices.framework/Versions/A/Frameworks/DictionaryServices.framework/Versions/A/DictionaryServices
0x000000000d8a3000 	/System/Library/Frameworks/NetFS.framework/Versions/A/NetFS
0x000000000d8a3000 	/System/Library/PrivateFrameworks/NetAuth.framework/Versions/A/NetAuth
0x000000000d8a3000 	/System/Library/PrivateFrameworks/login.framework/Versions/A/Frameworks/loginsupport.framework/Versions/A/loginsupport
0x000000000d8a3000 	/System/Library/PrivateFrameworks/TCC.framework/Versions/A/TCC
0x000000000d8a3000 	/usr/lib/libmecabra.dylib
0x000000000d8a3000 	/System/Library/Frameworks/ApplicationServices.framework/Versions/A/Frameworks/ATS.framework/Versions/A/ATS
0x000000000d8a3000 	/System/Library/Frameworks/ApplicationServices.framework/Versions/A/Frameworks/ColorSync.framework/Versions/A/ColorSync
0x000000000d8a3000 	/System/Library/Frameworks/ApplicationServices.framework/Versions/A/Frameworks/HIServices.framework/Versions/A/HIServices
0x000000000d8a3000 	/System/Library/Frameworks/ApplicationServices.framework/Versions/A/Frameworks/LangAnalysis.framework/Versions/A/LangAnalysis
0x000000000d8a3000 	/System/Library/Frameworks/ApplicationServices.framework/Versions/A/Frameworks/PrintCore.framework/Versions/A/PrintCore
0x000000000d8a3000 	/System/Library/Frameworks/ApplicationServices.framework/Versions/A/Frameworks/QD.framework/Versions/A/QD
0x000000000d8a3000 	/System/Library/Frameworks/ApplicationServices.framework/Versions/A/Frameworks/SpeechSynthesis.framework/Versions/A/SpeechSynthesis
0x000000000d8a3000 	/System/Library/Frameworks/Accelerate.framework/Versions/A/Accelerate
0x000000000d8a3000 	/System/Library/Frameworks/Accelerate.framework/Versions/A/Frameworks/vImage.framework/Versions/A/vImage
0x000000000d8a3000 	/System/Library/Frameworks/Accelerate.framework/Versions/A/Frameworks/vecLib.framework/Versions/A/vecLib
0x000000000d8a3000 	/System/Library/Frameworks/Accelerate.framework/Versions/A/Frameworks/vecLib.framework/Versions/A/libvDSP.dylib
0x000000000d8a3000 	/System/Library/Frameworks/Accelerate.framework/Versions/A/Frameworks/vecLib.framework/Versions/A/libvMisc.dylib
0x000000000d8a3000 	/System/Library/Frameworks/Accelerate.framework/Versions/A/Frameworks/vecLib.framework/Versions/A/libLAPACK.dylib
0x000000000d8a3000 	/System/Library/Frameworks/Accelerate.framework/Versions/A/Frameworks/vecLib.framework/Versions/A/libBLAS.dylib
0x000000000d8a3000 	/System/Library/Frameworks/Accelerate.framework/Versions/A/Frameworks/vecLib.framework/Versions/A/libLinearAlgebra.dylib
0x000000000d8a3000 	/System/Library/Frameworks/ApplicationServices.framework/Versions/A/Frameworks/ATS.framework/Versions/A/Resources/libFontParser.dylib
0x000000000d8a3000 	/System/Library/Frameworks/ApplicationServices.framework/Versions/A/Frameworks/ATS.framework/Versions/A/Resources/libFontRegistry.dylib
0x000000000d8a3000 	/System/Library/PrivateFrameworks/AppleVPA.framework/Versions/A/AppleVPA
0x000000000d8a3000 	/System/Library/PrivateFrameworks/AppleJPEG.framework/Versions/A/AppleJPEG
0x000000000d8a3000 	/System/Library/Frameworks/ImageIO.framework/Versions/A/Resources/libJPEG.dylib
0x000000000d8a3000 	/System/Library/Frameworks/ImageIO.framework/Versions/A/Resources/libTIFF.dylib
0x000000000d8a3000 	/System/Library/Frameworks/ImageIO.framework/Versions/A/Resources/libPng.dylib
0x000000000d8a3000 	/System/Library/Frameworks/ImageIO.framework/Versions/A/Resources/libGIF.dylib
0x000000000d8a3000 	/System/Library/Frameworks/ImageIO.framework/Versions/A/Resources/libJP2.dylib
0x000000000d8a3000 	/System/Library/Frameworks/ImageIO.framework/Versions/A/Resources/libRadiance.dylib
0x000000000d8a3000 	/System/Library/Frameworks/CoreVideo.framework/Versions/A/CoreVideo
0x000000000d8a3000 	/System/Library/Frameworks/OpenGL.framework/Versions/A/Libraries/libGLU.dylib
0x000000000d8a3000 	/System/Library/Frameworks/OpenGL.framework/Versions/A/Libraries/libGFXShared.dylib
0x000000000d8a3000 	/System/Library/Frameworks/OpenGL.framework/Versions/A/Libraries/libGL.dylib
0x000000000d8a3000 	/System/Library/Frameworks/OpenGL.framework/Versions/A/Libraries/libGLImage.dylib
0x000000000d8a3000 	/System/Library/Frameworks/OpenGL.framework/Versions/A/Libraries/libCVMSPluginSupport.dylib
0x000000000d8a3000 	/System/Library/Frameworks/OpenGL.framework/Versions/A/Libraries/libCoreVMClient.dylib
0x000000000d8a3000 	/usr/lib/libcups.2.dylib
0x000000000d8a3000 	/System/Library/Frameworks/Kerberos.framework/Versions/A/Kerberos
0x000000000d8a3000 	/System/Library/Frameworks/GSS.framework/Versions/A/GSS
0x000000000d8a3000 	/usr/lib/libresolv.9.dylib
0x000000000d8a3000 	/usr/lib/libiconv.2.dylib
0x000000000d8a3000 	/System/Library/PrivateFrameworks/Heimdal.framework/Versions/A/Heimdal
0x000000000d8a3000 	/usr/lib/libheimdal-asn1.dylib
0x000000000d8a3000 	/System/Library/Frameworks/OpenDirectory.framework/Versions/A/OpenDirectory
0x000000000d8a3000 	/System/Library/PrivateFrameworks/CommonAuth.framework/Versions/A/CommonAuth
0x000000000d8a3000 	/System/Library/Frameworks/OpenDirectory.framework/Versions/A/Frameworks/CFOpenDirectory.framework/Versions/A/CFOpenDirectory
0x000000000d8a3000 	/System/Library/Frameworks/SecurityFoundation.framework/Versions/A/SecurityFoundation
0x000000000d8a3000 	/System/Library/PrivateFrameworks/LanguageModeling.framework/Versions/A/LanguageModeling
0x000000000d8a3000 	/usr/lib/libcmph.dylib
0x000000000d8a3000 	/System/Library/Frameworks/ServiceManagement.framework/Versions/A/ServiceManagement
0x000000000d8a3000 	/usr/lib/libxslt.1.dylib
0x000000000d8a3000 	/System/Library/Frameworks/Carbon.framework/Versions/A/Frameworks/Ink.framework/Versions/A/Ink
0x000000000d8a3000 	/System/Library/Frameworks/QuartzCore.framework/Versions/A/Frameworks/CoreImage.framework/Versions/A/CoreImage
0x000000000d8a3000 	/System/Library/PrivateFrameworks/CrashReporterSupport.framework/Versions/A/CrashReporterSupport
0x000000000d8a3000 	/System/Library/Frameworks/OpenCL.framework/Versions/A/OpenCL
0x000000000d8a3000 	/System/Library/PrivateFrameworks/FaceCore.framework/Versions/A/FaceCore
0x000000000d8a3000 	/System/Library/PrivateFrameworks/Ubiquity.framework/Versions/A/Ubiquity
0x000000000d8a3000 	/System/Library/PrivateFrameworks/IconServices.framework/Versions/A/IconServices
0x000000000d8a3000 	/System/Library/PrivateFrameworks/ChunkingLibrary.framework/Versions/A/ChunkingLibrary
0x000000000d8a3000 	/System/Library/PrivateFrameworks/Apple80211.framework/Versions/A/Apple80211
0x000000000d8a3000 	/System/Library/Frameworks/CoreWLAN.framework/Versions/A/CoreWLAN
0x000000000d8a3000 	/System/Library/Frameworks/IOBluetooth.framework/Versions/A/IOBluetooth
0x000000000d8a3000 	/System/Library/PrivateFrameworks/CoreWiFi.framework/Versions/A/CoreWiFi
0x000000000d8a3000 	/System/Library/Frameworks/CoreBluetooth.framework/Versions/A/CoreBluetooth
0x000000000d8a3000 	/System/Library/PrivateFrameworks/DebugSymbols.framework/Versions/A/DebugSymbols
0x000000000d8a3000 	/System/Library/PrivateFrameworks/CoreSymbolication.framework/Versions/A/CoreSymbolication
0x000000000d8a3000 	/System/Library/PrivateFrameworks/Symbolication.framework/Versions/A/Symbolication
0x000000000d8a3000 	/System/Library/PrivateFrameworks/SpeechRecognitionCore.framework/Versions/A/SpeechRecognitionCore
0x000000010290b000 	/Library/Java/JavaVirtualMachines/jdk1.8.0_51.jdk/Contents/Home/jre/lib/server/libjvm.dylib
0x000000000d8a3000 	/usr/lib/libstdc++.6.dylib
0x0000000103977000 	/Library/Java/JavaVirtualMachines/jdk1.8.0_51.jdk/Contents/Home/jre/lib/libverify.dylib
0x0000000103985000 	/Library/Java/JavaVirtualMachines/jdk1.8.0_51.jdk/Contents/Home/jre/lib/libjava.dylib
0x00000001039db000 	/Library/Java/JavaVirtualMachines/jdk1.8.0_51.jdk/Contents/Home/jre/lib/libzip.dylib
0x00000001039e5000 	/System/Library/Frameworks/JavaVM.framework/Frameworks/JavaRuntimeSupport.framework/JavaRuntimeSupport
0x000000011a278000 	/System/Library/Frameworks/JavaVM.framework/Versions/A/Frameworks/JavaNativeFoundation.framework/Versions/A/JavaNativeFoundation
0x000000011a28c000 	/System/Library/Frameworks/JavaVM.framework/Versions/A/JavaVM
0x000000000d8a3000 	/System/Library/Frameworks/Carbon.framework/Versions/A/Carbon
0x000000011a298000 	/System/Library/PrivateFrameworks/JavaLaunching.framework/Versions/A/JavaLaunching
0x000000000d8a3000 	/System/Library/Frameworks/Carbon.framework/Versions/A/Frameworks/CommonPanels.framework/Versions/A/CommonPanels
0x000000000d8a3000 	/System/Library/Frameworks/Carbon.framework/Versions/A/Frameworks/Help.framework/Versions/A/Help
0x000000000d8a3000 	/System/Library/Frameworks/Carbon.framework/Versions/A/Frameworks/ImageCapture.framework/Versions/A/ImageCapture
0x000000000d8a3000 	/System/Library/Frameworks/Carbon.framework/Versions/A/Frameworks/OpenScripting.framework/Versions/A/OpenScripting
0x000000000d8a3000 	/System/Library/Frameworks/Carbon.framework/Versions/A/Frameworks/Print.framework/Versions/A/Print
0x000000000d8a3000 	/System/Library/Frameworks/Carbon.framework/Versions/A/Frameworks/SecurityHI.framework/Versions/A/SecurityHI
0x000000011c19e000 	/Library/Java/JavaVirtualMachines/jdk1.8.0_51.jdk/Contents/Home/jre/lib/libawt.dylib
0x000000011c246000 	/Library/Java/JavaVirtualMachines/jdk1.8.0_51.jdk/Contents/Home/jre/lib/./libmlib_image.dylib
0x000000011c312000 	/Library/Java/JavaVirtualMachines/jdk1.8.0_51.jdk/Contents/Home/jre/lib/libawt_lwawt.dylib
0x000000011c3c6000 	/Library/Java/JavaVirtualMachines/jdk1.8.0_51.jdk/Contents/Home/jre/lib/./libosxapp.dylib
0x000000000d8a3000 	/System/Library/Frameworks/ExceptionHandling.framework/Versions/A/ExceptionHandling
0x000000000d8a3000 	/System/Library/PrivateFrameworks/CoreServicesInternal.framework/Versions/A/CoreServicesInternal
0x000000000d8a3000 	/System/Library/PrivateFrameworks/CloudDocs.framework/Versions/A/CloudDocs
0x000000000d8a3000 	/System/Library/PrivateFrameworks/CoreDuet.framework/Versions/A/CoreDuet
0x000000000d8a3000 	/System/Library/Frameworks/CloudKit.framework/Versions/A/CloudKit
0x000000000d8a3000 	/System/Library/PrivateFrameworks/ProtocolBuffer.framework/Versions/A/ProtocolBuffer
0x000000000d8a3000 	/System/Library/PrivateFrameworks/CoreDuetDaemonProtocol.framework/Versions/A/CoreDuetDaemonProtocol
0x000000000d8a3000 	/System/Library/PrivateFrameworks/CoreDuetDebugLogging.framework/Versions/A/CoreDuetDebugLogging
0x000000000d8a3000 	/System/Library/PrivateFrameworks/MMCS.framework/Versions/A/MMCS
0x000000000d8a3000 	/System/Library/Frameworks/CoreLocation.framework/Versions/A/CoreLocation
0x000000000d8a3000 	/System/Library/PrivateFrameworks/ProtectedCloudStorage.framework/Versions/A/ProtectedCloudStorage
0x000000000d8a3000 	/System/Library/PrivateFrameworks/GeoServices.framework/Versions/A/GeoServices
0x000000000d8a3000 	/System/Library/Frameworks/CoreGraphics.framework/Versions/A/Resources/libCGCMS.A.dylib
0x000000000d8a3000 	/System/Library/Frameworks/CoreGraphics.framework/Versions/A/Resources/libRIP.A.dylib
0x000000000d8a3000 	/System/Library/Frameworks/CoreGraphics.framework/Versions/A/Resources/libCGXType.A.dylib
0x000000000d8a3000 	/System/Library/Frameworks/OpenCL.framework/Versions/A/Libraries/libcldcpuengine.dylib
0x000000000d8a3000 	/System/Library/PrivateFrameworks/DiskImages.framework/Versions/A/DiskImages
0x000000000d8a3000 	/System/Library/Frameworks/DiscRecording.framework/Versions/A/DiscRecording
0x000000000d8a3000 	/usr/lib/libcsfde.dylib
0x000000000d8a3000 	/usr/lib/libcurl.4.dylib
0x000000000d8a3000 	/System/Library/PrivateFrameworks/MediaKit.framework/Versions/A/MediaKit
0x000000000d8a3000 	/usr/lib/libCoreStorage.dylib
0x000000000d8a3000 	/System/Library/PrivateFrameworks/EFILogin.framework/Versions/A/EFILogin
0x000000000d8a3000 	/usr/lib/libutil.dylib
0x000000000d8a3000 	/System/Library/PrivateFrameworks/FindMyDevice.framework/Versions/A/FindMyDevice
0x000000000d8a3000 	/System/Library/Frameworks/LDAP.framework/Versions/A/LDAP
0x000000000d8a3000 	/usr/lib/libsasl2.2.dylib
0x000000000d8a3000 	/System/Library/PrivateFrameworks/CoreDaemon.framework/Versions/B/CoreDaemon
0x000000000d8a3000 	/usr/lib/libcrypto.0.9.8.dylib
0x000000000d8a3000 	/System/Library/PrivateFrameworks/AppleSRP.framework/Versions/A/AppleSRP
0x000000000d8a3000 	/System/Library/PrivateFrameworks/TrustEvaluationAgent.framework/Versions/A/TrustEvaluationAgent
0x000000011f88d000 	cl_kernels
0x000000011f88f000 	/System/Library/Frameworks/OpenCL.framework/Versions/A/Libraries/ImageFormats/unorm8_bgra.dylib
0x000000011f87f000 	cl_kernels
0x000000000d8a3000 	/System/Library/PrivateFrameworks/FamilyControls.framework/Versions/A/FamilyControls
0x000000000d8a3000 	/System/Library/PrivateFrameworks/CommerceKit.framework/Versions/A/Frameworks/CommerceCore.framework/Versions/A/CommerceCore
0x000000000d8a3000 	/System/Library/PrivateFrameworks/SystemAdministration.framework/Versions/A/SystemAdministration
0x000000000d8a3000 	/System/Library/PrivateFrameworks/AppContainer.framework/Versions/A/AppContainer
0x000000000d8a3000 	/System/Library/PrivateFrameworks/SecCodeWrapper.framework/Versions/A/SecCodeWrapper
0x000000000d8a3000 	/System/Library/Frameworks/DirectoryService.framework/Versions/A/DirectoryService
0x000000000d8a3000 	/System/Library/PrivateFrameworks/LoginUIKit.framework/Versions/A/Frameworks/LoginUICore.framework/Versions/A/LoginUICore
0x000000000d8a3000 	/usr/lib/libodfde.dylib
0x0000000120b36000 	/Library/Java/JavaVirtualMachines/jdk1.8.0_51.jdk/Contents/Home/jre/lib/libfontmanager.dylib
0x0000000120b9d000 	/Users/danielferreira/Documents/workspace/GameEngineOpenGL3_2/target/natives/liblwjgl.dylib
0x000000011f885000 	/Library/Java/JavaVirtualMachines/jdk1.8.0_51.jdk/Contents/Home/jre/lib/libjawt.dylib
0x000000000d8a3000 	/System/Library/Frameworks/OpenGL.framework/Versions/A/Resources/GLEngine.bundle/GLEngine
0x000000000d8a3000 	/System/Library/Frameworks/OpenGL.framework/Versions/A/Libraries/libGLProgrammability.dylib
0x0000000120c1f000 	/System/Library/Extensions/AppleIntelHD5000GraphicsGLDriver.bundle/Contents/MacOS/AppleIntelHD5000GraphicsGLDriver
0x000000000d8a3000 	/System/Library/PrivateFrameworks/IOAccelerator.framework/Versions/A/IOAccelerator
0x000000000d8a3000 	/System/Library/PrivateFrameworks/GPUSupport.framework/Versions/A/Libraries/libGPUSupportMercury.dylib
0x000000000d8a3000 	/System/Library/Frameworks/OpenGL.framework/Versions/A/Resources/GLRendererFloat.bundle/GLRendererFloat
0x000000012275c000 	/Library/Java/JavaVirtualMachines/jdk1.8.0_51.jdk/Contents/Home/jre/lib/libmanagement.dylib
0x0000000122a7e000 	/Library/Java/JavaVirtualMachines/jdk1.8.0_51.jdk/Contents/Home/jre/lib/libnet.dylib
0x0000000122d8c000 	/Library/Java/JavaVirtualMachines/jdk1.8.0_51.jdk/Contents/Home/jre/lib/libnio.dylib

VM Arguments:
jvm_args: -Djava.library.path=target/natives -Dfile.encoding=UTF-8 
java_command: gameEngine.engineTester.MainGameLoop
java_class_path (initial): /Users/danielferreira/Documents/workspace/GameEngineOpenGL3_2/target/classes:/Users/danielferreira/Documents/workspace/commons/target/classes:/Users/danielferreira/Documents/workspace/commons/target/test-classes:/Users/danielferreira/.m2/repository/org/lwjgl/lwjgl/lwjgl/2.9.3/lwjgl-2.9.3.jar:/Users/danielferreira/.m2/repository/org/lwjgl/lwjgl/lwjgl-platform/2.9.3/lwjgl-platform-2.9.3-natives-windows.jar:/Users/danielferreira/.m2/repository/org/lwjgl/lwjgl/lwjgl-platform/2.9.3/lwjgl-platform-2.9.3-natives-linux.jar:/Users/danielferreira/.m2/repository/org/lwjgl/lwjgl/lwjgl-platform/2.9.3/lwjgl-platform-2.9.3-natives-osx.jar:/Users/danielferreira/.m2/repository/net/java/jinput/jinput/2.0.5/jinput-2.0.5.jar:/Users/danielferreira/.m2/repository/net/java/jutils/jutils/1.0.0/jutils-1.0.0.jar:/Users/danielferreira/.m2/repository/net/java/jinput/jinput-platform/2.0.5/jinput-platform-2.0.5-natives-linux.jar:/Users/danielferreira/.m2/repository/net/java/jinput/jinput-platform/2.0.5/jinput-platform-2.0.5-natives-windows.jar:/Users/danielferreira/.m2/repository/net/java/jinput/jinput-platform/2.0.5/jinput-platform-2.0.5-natives-osx.jar:/Users/danielferreira/.m2/repository/org/slick2d/slick2d-core/1.0.1/slick2d-core-1.0.1.jar:/Library/Java/JavaVirtualMachines/jdk1.8.0_51.jdk/Contents/Home/jre/lib/javaws.jar:/Users/danielferreira/.m2/repository/org/jcraft/jorbis/0.0.17/jorbis-0.0.17.jar:/Users/danielferreira/.m2/repository/org/apache/logging/log4j/log4j-api/2.6.1/log4j-api-2.6.1.jar:/Users/danielferreira/.m2/repository/org/apache/logging/log4j/log4j-core/2.6.1/log4j-core-2.6.1.jar
Launcher Type: SUN_STANDARD

Environment Variables:
PATH=/usr/bin:/bin:/usr/sbin:/sbin
SHELL=/bin/bash
DISPLAY=/private/tmp/com.apple.launchd.UYsMu0Fida/org.macosforge.xquartz:0

Signal Handlers:
SIGSEGV: [libjvm.dylib+0x58ef35], sa_mask[0]=11111111011111110111111111111111, sa_flags=SA_ONSTACK|SA_RESTART|SA_SIGINFO
SIGBUS: [libjvm.dylib+0x58ef35], sa_mask[0]=11111111011111110111111111111111, sa_flags=SA_RESTART|SA_SIGINFO
SIGFPE: [libjvm.dylib+0x46c028], sa_mask[0]=11111111011111110111111111111111, sa_flags=SA_RESTART|SA_SIGINFO
SIGPIPE: [libjvm.dylib+0x46c028], sa_mask[0]=11111111011111110111111111111111, sa_flags=SA_RESTART|SA_SIGINFO
SIGXFSZ: [libjvm.dylib+0x46c028], sa_mask[0]=11111111011111110111111111111111, sa_flags=SA_RESTART|SA_SIGINFO
SIGILL: [libjvm.dylib+0x46c028], sa_mask[0]=11111111011111110111111111111111, sa_flags=SA_RESTART|SA_SIGINFO
SIGUSR1: SIG_DFL, sa_mask[0]=00000000000000000000000000000000, sa_flags=none
SIGUSR2: [libjvm.dylib+0x46bb46], sa_mask[0]=00100000000000000000000000000000, sa_flags=SA_RESTART|SA_SIGINFO
SIGHUP: [libjvm.dylib+0x46a119], sa_mask[0]=11111111011111110111111111111111, sa_flags=SA_RESTART|SA_SIGINFO
SIGINT: [libjvm.dylib+0x46a119], sa_mask[0]=11111111011111110111111111111111, sa_flags=SA_RESTART|SA_SIGINFO
SIGTERM: [libjvm.dylib+0x46a119], sa_mask[0]=11111111011111110111111111111111, sa_flags=SA_RESTART|SA_SIGINFO
SIGQUIT: [libjvm.dylib+0x46a119], sa_mask[0]=11111111011111110111111111111111, sa_flags=SA_RESTART|SA_SIGINFO


---------------  S Y S T E M  ---------------

OS:Bsduname:Darwin 14.5.0 Darwin Kernel Version 14.5.0: Wed Jul 29 02:26:53 PDT 2015; root:xnu-2782.40.9~1/RELEASE_X86_64 x86_64
rlimit: STACK 8192k, CORE 0k, NPROC 709, NOFILE 10240, AS infinity
load average:1.83 1.79 1.89

CPU:total 4 (2 cores per cpu, 2 threads per core) family 6 model 69 stepping 1, cmov, cx8, fxsr, mmx, sse, sse2, sse3, ssse3, sse4.1, sse4.2, popcnt, avx, avx2, aes, clmul, erms, lzcnt, ht, tsc, tscinvbit, bmi1, bmi2

Memory: 4k page, physical 8388608k(849520k free)

/proc/meminfo:


vm_info: Java HotSpot(TM) 64-Bit Server VM (25.51-b03) for bsd-amd64 JRE (1.8.0_51-b16), built on Jun  8 2015 18:01:11 by "java_re" with gcc 4.2.1 (Based on Apple Inc. build 5658) (LLVM build 2336.11.00)

time: Sat Aug 27 23:23:44 2016
elapsed time: 1 seconds (0d 0h 0m 1s)

