#
# A fatal error has been detected by the Java Runtime Environment:
#
#  SIGILL (0x4) at pc=0x00007fff986302ea, pid=683, tid=1811
#
# JRE version: Java(TM) SE Runtime Environment (8.0_51-b16) (build 1.8.0_51-b16)
# Java VM: Java HotSpot(TM) 64-Bit Server VM (25.51-b03 mixed mode bsd-amd64 compressed oops)
# Problematic frame:
# C  [libobjc.A.dylib+0x122ea]  _objc_trap()+0x0
#
# Failed to write core dump. Core dumps have been disabled. To enable core dumping, try "ulimit -c unlimited" before starting Java again
#
# If you would like to submit a bug report, please visit:
#   http://bugreport.java.com/bugreport/crash.jsp
# The crash happened outside the Java Virtual Machine in native code.
# See problematic frame for where to report the bug.
#

---------------  T H R E A D  ---------------

Current thread (0x00007faa2d06a000):  JavaThread "AppKit Thread" daemon [_thread_in_native, id=1811, stack(0x00007fff5dc29000,0x00007fff5e429000)]

siginfo: si_signo: 4 (SIGILL), si_code: 1 (ILL_ILLOPC), si_addr: 0x00007fff986302ea

Registers:
RAX=0x0000000000000000, RBX=0x00007faa2b775bd0, RCX=0x0000000000000000, RDX=0x00007fff7d2c21e0
RSP=0x00007fff5e4225a8, RBP=0x00007fff5e422690, RSI=0x0000010000000100, RDI=0x0000000000000103
R8 =0x00007fff5e422550, R9 =0x00000000c0000000, R10=0x000000000000001a, R11=0x0000000000000140
R12=0x00007fff7d2e3070, R13=0x00007fff7d2cbe80, R14=0x00007fff7d2cc6a8, R15=0x00007faa2b45f328
RIP=0x00007fff986302ea, EFLAGS=0x0000000000010206, ERR=0x0000000000000000
  TRAPNO=0x0000000000000006

Top of Stack: (sp=0x00007fff5e4225a8)
0x00007fff5e4225a8:   00007fff9863042a 0000000000000000
0x00007fff5e4225b8:   00007faa2b775bd0 00007fff90598bd5
0x00007fff5e4225c8:   00007fff90598bd5 000000000000005f
0x00007fff5e4225d8:   00007faa2b775bd0 00007fff5e422610
0x00007fff5e4225e8:   00007fff98640225 00007fff5e422650
0x00007fff5e4225f8:   00007fff98633da1 00007fff7d2cc690
0x00007fff5e422608:   00007fff7d2e3070 00007fff5e422670
0x00007fff5e422618:   00007faa2b45f328 00007fff5e422650
0x00007fff5e422628:   00007fff90598bd5 00007fff90598bd5
0x00007fff5e422638:   0000000000000000 00007fff7bfad0b0
0x00007fff5e422648:   00007faa2b45f328 00007fff5e422690
0x00007fff5e422658:   00007fff986355ad 00007faa2b69bfe0
0x00007fff5e422668:   00007faa2b66e140 0000003000000018
0x00007fff5e422678:   00007fff5e4226a0 00007fff5e4225b0
0x00007fff5e422688:   00007faa2b45f328 00007fff5e422700
0x00007fff5e422698:   00007fff98627c87 0000000000000000
0x00007fff5e4226a8:   00007faa2b451550 00007fff7d2cbe80
0x00007fff5e4226b8:   00007faa2b45f2a8 00007fff5e422720
0x00007fff5e4226c8:   00007fff98627b21 dd001615998f9b25
0x00007fff5e4226d8:   00007fff7d2cbe80 0000000000000000
0x00007fff5e4226e8:   00007fff7d2cbe80 00007faa2b45f328
0x00007fff5e4226f8:   00007fff7d2cc680 00007fff5e422760
0x00007fff5e422708:   00007fff98627ac7 000000000000000d
0x00007fff5e422718:   00007faa2b775bd0 0000000000000800
0x00007fff5e422728:   00007faa2b45f328 000000000000000d
0x00007fff5e422738:   00007faa2b6361f0 0000000000000000
0x00007fff5e422748:   00007faa2b76f270 00007faa2b45f110
0x00007fff5e422758:   00007faa2b775bd0 00007fff5e4227a0
0x00007fff5e422768:   00007fff8df2e20c 00007faa2b6361f0
0x00007fff5e422778:   0000000000000000 00007faa2b775bd0
0x00007fff5e422788:   00007fff9861f0c0 00007faa2b6361f0
0x00007fff5e422798:   00007fff7bfc4bd8 00007fff5e4227d0 

Instructions: (pc=0x00007fff986302ea)
0x00007fff986302ca:   c0 44 89 f2 e8 1f 08 01 00 48 8b 7d e0 e8 30 cc
0x00007fff986302da:   ff ff 48 8b 7d e0 e8 d3 15 ff ff e8 00 00 00 00
0x00007fff986302ea:   0f 0b 55 48 89 e5 48 81 ec d0 00 00 00 84 c0 74
0x00007fff986302fa:   26 0f 29 85 60 ff ff ff 0f 29 8d 70 ff ff ff 0f 

Register to memory mapping:

RAX=0x0000000000000000 is an unknown value
RBX=0x00007faa2b775bd0 is an unknown value
RCX=0x0000000000000000 is an unknown value
RDX=0x00007fff7d2c21e0: _ZZL14_objc_crashlogPKcE13crashlog_lock+0x20 in /usr/lib/libobjc.A.dylib at 0x00007fff9861e000
RSP=0x00007fff5e4225a8 is pointing into the stack for thread: 0x00007faa2d06a000
RBP=0x00007fff5e422690 is pointing into the stack for thread: 0x00007faa2d06a000
RSI=0x0000010000000100 is an unknown value
RDI=0x0000000000000103 is an unknown value
R8 =0x00007fff5e422550 is pointing into the stack for thread: 0x00007faa2d06a000
R9 =0x00000000c0000000 is an unknown value
R10=0x000000000000001a is an unknown value
R11=0x0000000000000140 is an unknown value
R12=0x00007fff7d2e3070: __stack_chk_guard+0 in /usr/lib/system/libsystem_c.dylib at 0x00007fff98833000
R13=0x00007fff7d2cbe80: _ZN12_GLOBAL__N_19SideTable9table_bufE+0 in /usr/lib/libobjc.A.dylib at 0x00007fff9861e000
R14=0x00007fff7d2cc6a8: _ZN12_GLOBAL__N_19SideTable9table_bufE+0x828 in /usr/lib/libobjc.A.dylib at 0x00007fff9861e000
R15=0x00007faa2b45f328 is an unknown value


Stack: [0x00007fff5dc29000,0x00007fff5e429000],  sp=0x00007fff5e4225a8,  free space=8165k
Native frames: (J=compiled Java code, j=interpreted, Vv=VM code, C=native code)
C  [libobjc.A.dylib+0x122ea]  _objc_trap()+0x0
C  [libobjc.A.dylib+0x9c87]  class_getMethodImplementation+0x0
C  [libobjc.A.dylib+0x9ac7]  objc_storeWeak+0xe9
C  [Foundation+0x1620c]  -[NSConcreteMapTable setObject:forKey:]+0x6e
C  [AppKit+0x31df3e]  -[NSView(NSOpenGLContextAssociation) _setOpenGLContext:]+0xf2
C  [AppKit+0x31db54]  -[NSOpenGLContext setView:]+0x5b
C  [liblwjgl.dylib+0xa586]  -[MacOSXOpenGLView lockFocus]+0x76
C  [AppKit+0xe1f45]  -[NSView _recursiveDisplayRectIfNeededIgnoringOpacity:isVisibleRect:rectIsVisibleRectForView:topView:]+0x740
C  [AppKit+0xe2fa0]  -[NSView _recursiveDisplayRectIfNeededIgnoringOpacity:isVisibleRect:rectIsVisibleRectForView:topView:]+0x179b
C  [AppKit+0xe12f3]  -[NSThemeFrame _recursiveDisplayRectIfNeededIgnoringOpacity:isVisibleRect:rectIsVisibleRectForView:topView:]+0x14d
C  [AppKit+0xdd68b]  -[NSView _displayRectIgnoringOpacity:isVisibleRect:rectIsVisibleRectForView:]+0xac9
C  [AppKit+0x951ae]  -[NSView displayIfNeeded]+0x754
C  [AppKit+0x94a09]  -[NSWindow displayIfNeeded]+0xec
C  [AppKit+0x94672]  _handleWindowNeedsDisplayOrLayoutOrUpdateConstraints+0x3a8
C  [Foundation+0x4ba23]  __NSFireTimer+0x5f
C  [CoreFoundation+0xb72e4]  __CFRUNLOOP_IS_CALLING_OUT_TO_A_TIMER_CALLBACK_FUNCTION__+0x14
C  [CoreFoundation+0xb6f73]  __CFRunLoopDoTimer+0x423
C  [CoreFoundation+0x12a53d]  __CFRunLoopDoTimers+0x12d
C  [CoreFoundation+0x72608]  __CFRunLoopRun+0x7e8
C  [CoreFoundation+0x71bd8]  CFRunLoopRunSpecific+0x128
C  [HIToolbox+0x3256f]  RunCurrentEventLoopInMode+0xeb
C  [HIToolbox+0x322ea]  ReceiveNextEventCommon+0x1af
C  [HIToolbox+0x3212b]  _BlockUntilNextEventMatchingListInModeWithFilter+0x47
C  [AppKit+0x918ab]  _DPSNextEvent+0x3d2
C  [AppKit+0x90e58]  -[NSApplication nextEventMatchingMask:untilDate:inMode:dequeue:]+0x15a
C  [libosxapp.dylib+0x242a]  -[NSApplicationAWT nextEventMatchingMask:untilDate:inMode:dequeue:]+0x7c
C  [AppKit+0x86af3]  -[NSApplication run]+0x252
C  [libosxapp.dylib+0x223e]  +[NSApplicationAWT runAWTLoopWithApp:]+0x9c
C  [libawt_lwawt.dylib+0x4454b]  -[AWTStarter starter:]+0x389
C  [Foundation+0x92dd0]  __NSThreadPerformPerform+0x125
C  [CoreFoundation+0x80a01]  __CFRUNLOOP_IS_CALLING_OUT_TO_A_SOURCE0_PERFORM_FUNCTION__+0x11
C  [CoreFoundation+0x72b8d]  __CFRunLoopDoSources0+0x10d
C  [CoreFoundation+0x721bf]  __CFRunLoopRun+0x39f
C  [CoreFoundation+0x71bd8]  CFRunLoopRunSpecific+0x128
C  [java+0x6463]  CreateExecutionEnvironment+0x367
C  [java+0x21ac]  JLI_Launch+0x7a0
C  [java+0x84c0]  main+0x65
C  [java+0x1a04]  start+0x34
C  0x0000000000000006


---------------  P R O C E S S  ---------------

Java Threads: ( => current thread )
  0x00007faa2ba52000 JavaThread "AWT-Shutdown" [_thread_blocked, id=28451, stack(0x000000011cd9f000,0x000000011ce9f000)]
=>0x00007faa2d06a000 JavaThread "AppKit Thread" daemon [_thread_in_native, id=1811, stack(0x00007fff5dc29000,0x00007fff5e429000)]
  0x00007faa2d04f000 JavaThread "Service Thread" daemon [_thread_blocked, id=18179, stack(0x000000011af52000,0x000000011b052000)]
  0x00007faa2d01e800 JavaThread "C1 CompilerThread2" daemon [_thread_blocked, id=17667, stack(0x000000011ae4f000,0x000000011af4f000)]
  0x00007faa2d01d800 JavaThread "C2 CompilerThread1" daemon [_thread_blocked, id=17155, stack(0x000000011ad4c000,0x000000011ae4c000)]
  0x00007faa2c034800 JavaThread "C2 CompilerThread0" daemon [_thread_blocked, id=16643, stack(0x000000011ac49000,0x000000011ad49000)]
  0x00007faa2c033800 JavaThread "Signal Dispatcher" daemon [_thread_blocked, id=13327, stack(0x000000011ab46000,0x000000011ac46000)]
  0x00007faa2b813800 JavaThread "Finalizer" daemon [_thread_blocked, id=11523, stack(0x0000000119126000,0x0000000119226000)]
  0x00007faa2b812800 JavaThread "Reference Handler" daemon [_thread_blocked, id=11011, stack(0x0000000119023000,0x0000000119123000)]
  0x00007faa2d000000 JavaThread "main" [_thread_in_native, id=4867, stack(0x0000000102857000,0x0000000102957000)]

Other Threads:
  0x00007faa2b810000 VMThread [stack: 0x0000000118f20000,0x0000000119020000] [id=10499]
  0x00007faa2d050000 WatcherThread [stack: 0x000000011b055000,0x000000011b155000] [id=18691]

VM state:not at safepoint (normal execution)

VM Mutex/Monitor currently owned by a thread: None

Heap:
 PSYoungGen      total 32768K, used 29485K [0x0000000795580000, 0x0000000797f80000, 0x00000007c0000000)
  eden space 29696K, 89% used [0x0000000795580000,0x0000000796f7b4a8,0x0000000797280000)
  from space 3072K, 93% used [0x0000000797300000,0x00000007975d0000,0x0000000797600000)
  to   space 6656K, 0% used [0x0000000797900000,0x0000000797900000,0x0000000797f80000)
 ParOldGen       total 87552K, used 3275K [0x0000000740000000, 0x0000000745580000, 0x0000000795580000)
  object space 87552K, 3% used [0x0000000740000000,0x0000000740332ec0,0x0000000745580000)
 Metaspace       used 13047K, capacity 13213K, committed 13312K, reserved 1060864K
  class space    used 1467K, capacity 1533K, committed 1536K, reserved 1048576K

Card table byte_map: [0x00000001125c0000,0x00000001129c1000] byte_map_base: 0x000000010ebc0000

Marking Bits: (ParMarkBitMap*) 0x00000001021987a0
 Begin Bits: [0x0000000113078000, 0x0000000115078000)
 End Bits:   [0x0000000115078000, 0x0000000117078000)

Polling page: 0x000000010299c000

CodeCache: size=245760Kb used=5015Kb max_used=5022Kb free=240744Kb
 bounds [0x0000000103200000, 0x00000001036f0000, 0x0000000112200000]
 total_blobs=1909 nmethods=1443 adapters=380
 compilation: enabled

Compilation events (10 events):
Event: 19.813 Thread 0x00007faa2d01e800 1443       3       java.nio.Bits::putIntB (43 bytes)
Event: 19.813 Thread 0x00007faa2d01e800 nmethod 1443 0x00000001036def90 code [0x00000001036df140, 0x00000001036df718]
Event: 19.813 Thread 0x00007faa2d01e800 1439       3       java.nio.Bits::int3 (6 bytes)
Event: 19.813 Thread 0x00007faa2d01e800 nmethod 1439 0x00000001036ddb90 code [0x00000001036ddce0, 0x00000001036dde10]
Event: 19.813 Thread 0x00007faa2d01e800 1440       3       java.nio.Bits::int2 (6 bytes)
Event: 19.814 Thread 0x00007faa2d01e800 nmethod 1440 0x00000001036e05d0 code [0x00000001036e0720, 0x00000001036e0850]
Event: 19.814 Thread 0x00007faa2d01e800 1441       3       java.nio.Bits::int1 (6 bytes)
Event: 19.814 Thread 0x00007faa2d01e800 nmethod 1441 0x00000001036ed4d0 code [0x00000001036ed620, 0x00000001036ed750]
Event: 19.814 Thread 0x00007faa2d01e800 1442       3       java.nio.Bits::int0 (3 bytes)
Event: 19.814 Thread 0x00007faa2d01e800 nmethod 1442 0x00000001036ed1d0 code [0x00000001036ed320, 0x00000001036ed450]

GC Heap History (10 events):
Event: 12.060 GC heap before
{Heap before GC invocations=7 (full 0):
 PSYoungGen      total 37888K, used 37664K [0x0000000795580000, 0x0000000798100000, 0x00000007c0000000)
  eden space 32256K, 100% used [0x0000000795580000,0x0000000797500000,0x0000000797500000)
  from space 5632K, 96% used [0x0000000797b80000,0x00000007980c8030,0x0000000798100000)
  to   space 6144K, 0% used [0x0000000797500000,0x0000000797500000,0x0000000797b00000)
 ParOldGen       total 87552K, used 901K [0x0000000740000000, 0x0000000745580000, 0x0000000795580000)
  object space 87552K, 1% used [0x0000000740000000,0x00000007400e16e0,0x0000000745580000)
 Metaspace       used 13039K, capacity 13213K, committed 13312K, reserved 1060864K
  class space    used 1467K, capacity 1533K, committed 1536K, reserved 1048576K
Event: 12.073 GC heap after
Heap after GC invocations=7 (full 0):
 PSYoungGen      total 37888K, used 3072K [0x0000000795580000, 0x0000000798180000, 0x00000007c0000000)
  eden space 31744K, 0% used [0x0000000795580000,0x0000000795580000,0x0000000797480000)
  from space 6144K, 50% used [0x0000000797500000,0x0000000797800000,0x0000000797b00000)
  to   space 6656K, 0% used [0x0000000797b00000,0x0000000797b00000,0x0000000798180000)
 ParOldGen       total 87552K, used 3195K [0x0000000740000000, 0x0000000745580000, 0x0000000795580000)
  object space 87552K, 3% used [0x0000000740000000,0x000000074031eec0,0x0000000745580000)
 Metaspace       used 13039K, capacity 13213K, committed 13312K, reserved 1060864K
  class space    used 1467K, capacity 1533K, committed 1536K, reserved 1048576K
}
Event: 13.876 GC heap before
{Heap before GC invocations=8 (full 0):
 PSYoungGen      total 37888K, used 34816K [0x0000000795580000, 0x0000000798180000, 0x00000007c0000000)
  eden space 31744K, 100% used [0x0000000795580000,0x0000000797480000,0x0000000797480000)
  from space 6144K, 50% used [0x0000000797500000,0x0000000797800000,0x0000000797b00000)
  to   space 6656K, 0% used [0x0000000797b00000,0x0000000797b00000,0x0000000798180000)
 ParOldGen       total 87552K, used 3195K [0x0000000740000000, 0x0000000745580000, 0x0000000795580000)
  object space 87552K, 3% used [0x0000000740000000,0x000000074031eec0,0x0000000745580000)
 Metaspace       used 13039K, capacity 13213K, committed 13312K, reserved 1060864K
  class space    used 1467K, capacity 1533K, committed 1536K, reserved 1048576K
Event: 13.887 GC heap after
Heap after GC invocations=8 (full 0):
 PSYoungGen      total 37376K, used 3008K [0x0000000795580000, 0x0000000798100000, 0x00000007c0000000)
  eden space 31232K, 0% used [0x0000000795580000,0x0000000795580000,0x0000000797400000)
  from space 6144K, 48% used [0x0000000797b00000,0x0000000797df0000,0x0000000798100000)
  to   space 6656K, 0% used [0x0000000797400000,0x0000000797400000,0x0000000797a80000)
 ParOldGen       total 87552K, used 3227K [0x0000000740000000, 0x0000000745580000, 0x0000000795580000)
  object space 87552K, 3% used [0x0000000740000000,0x0000000740326ec0,0x0000000745580000)
 Metaspace       used 13039K, capacity 13213K, committed 13312K, reserved 1060864K
  class space    used 1467K, capacity 1533K, committed 1536K, reserved 1048576K
}
Event: 15.679 GC heap before
{Heap before GC invocations=9 (full 0):
 PSYoungGen      total 37376K, used 34240K [0x0000000795580000, 0x0000000798100000, 0x00000007c0000000)
  eden space 31232K, 100% used [0x0000000795580000,0x0000000797400000,0x0000000797400000)
  from space 6144K, 48% used [0x0000000797b00000,0x0000000797df0000,0x0000000798100000)
  to   space 6656K, 0% used [0x0000000797400000,0x0000000797400000,0x0000000797a80000)
 ParOldGen       total 87552K, used 3227K [0x0000000740000000, 0x0000000745580000, 0x0000000795580000)
  object space 87552K, 3% used [0x0000000740000000,0x0000000740326ec0,0x0000000745580000)
 Metaspace       used 13044K, capacity 13213K, committed 13312K, reserved 1060864K
  class space    used 1467K, capacity 1533K, committed 1536K, reserved 1048576K
Event: 15.689 GC heap after
Heap after GC invocations=9 (full 0):
 PSYoungGen      total 33792K, used 2976K [0x0000000795580000, 0x0000000798080000, 0x00000007c0000000)
  eden space 30720K, 0% used [0x0000000795580000,0x0000000795580000,0x0000000797380000)
  from space 3072K, 96% used [0x0000000797400000,0x00000007976e8000,0x0000000797700000)
  to   space 6656K, 0% used [0x0000000797a00000,0x0000000797a00000,0x0000000798080000)
 ParOldGen       total 87552K, used 3251K [0x0000000740000000, 0x0000000745580000, 0x0000000795580000)
  object space 87552K, 3% used [0x0000000740000000,0x000000074032cec0,0x0000000745580000)
 Metaspace       used 13044K, capacity 13213K, committed 13312K, reserved 1060864K
  class space    used 1467K, capacity 1533K, committed 1536K, reserved 1048576K
}
Event: 17.434 GC heap before
{Heap before GC invocations=10 (full 0):
 PSYoungGen      total 33792K, used 33696K [0x0000000795580000, 0x0000000798080000, 0x00000007c0000000)
  eden space 30720K, 100% used [0x0000000795580000,0x0000000797380000,0x0000000797380000)
  from space 3072K, 96% used [0x0000000797400000,0x00000007976e8000,0x0000000797700000)
  to   space 6656K, 0% used [0x0000000797a00000,0x0000000797a00000,0x0000000798080000)
 ParOldGen       total 87552K, used 3251K [0x0000000740000000, 0x0000000745580000, 0x0000000795580000)
  object space 87552K, 3% used [0x0000000740000000,0x000000074032cec0,0x0000000745580000)
 Metaspace       used 13044K, capacity 13213K, committed 13312K, reserved 1060864K
  class space    used 1467K, capacity 1533K, committed 1536K, reserved 1048576K
Event: 17.443 GC heap after
Heap after GC invocations=10 (full 0):
 PSYoungGen      total 36352K, used 2944K [0x0000000795580000, 0x0000000798000000, 0x00000007c0000000)
  eden space 30208K, 0% used [0x0000000795580000,0x0000000795580000,0x0000000797300000)
  from space 6144K, 47% used [0x0000000797a00000,0x0000000797ce0000,0x0000000798000000)
  to   space 6656K, 0% used [0x0000000797300000,0x0000000797300000,0x0000000797980000)
 ParOldGen       total 87552K, used 3259K [0x0000000740000000, 0x0000000745580000, 0x0000000795580000)
  object space 87552K, 3% used [0x0000000740000000,0x000000074032eec0,0x0000000745580000)
 Metaspace       used 13044K, capacity 13213K, committed 13312K, reserved 1060864K
  class space    used 1467K, capacity 1533K, committed 1536K, reserved 1048576K
}
Event: 19.168 GC heap before
{Heap before GC invocations=11 (full 0):
 PSYoungGen      total 36352K, used 33152K [0x0000000795580000, 0x0000000798000000, 0x00000007c0000000)
  eden space 30208K, 100% used [0x0000000795580000,0x0000000797300000,0x0000000797300000)
  from space 6144K, 47% used [0x0000000797a00000,0x0000000797ce0000,0x0000000798000000)
  to   space 6656K, 0% used [0x0000000797300000,0x0000000797300000,0x0000000797980000)
 ParOldGen       total 87552K, used 3259K [0x0000000740000000, 0x0000000745580000, 0x0000000795580000)
  object space 87552K, 3% used [0x0000000740000000,0x000000074032eec0,0x0000000745580000)
 Metaspace       used 13045K, capacity 13213K, committed 13312K, reserved 1060864K
  class space    used 1467K, capacity 1533K, committed 1536K, reserved 1048576K
Event: 19.177 GC heap after
Heap after GC invocations=11 (full 0):
 PSYoungGen      total 32768K, used 2880K [0x0000000795580000, 0x0000000797f80000, 0x00000007c0000000)
  eden space 29696K, 0% used [0x0000000795580000,0x0000000795580000,0x0000000797280000)
  from space 3072K, 93% used [0x0000000797300000,0x00000007975d0000,0x0000000797600000)
  to   space 6656K, 0% used [0x0000000797900000,0x0000000797900000,0x0000000797f80000)
 ParOldGen       total 87552K, used 3275K [0x0000000740000000, 0x0000000745580000, 0x0000000795580000)
  object space 87552K, 3% used [0x0000000740000000,0x0000000740332ec0,0x0000000745580000)
 Metaspace       used 13045K, capacity 13213K, committed 13312K, reserved 1060864K
  class space    used 1467K, capacity 1533K, committed 1536K, reserved 1048576K
}

Deoptimization events (10 events):
Event: 0.970 Thread 0x00007faa2d000000 Uncommon trap: reason=unstable_if action=reinterpret pc=0x00000001034b3964 method=java.util.HashMap.getNode(ILjava/lang/Object;)Ljava/util/HashMap$Node; @ 129
Event: 0.973 Thread 0x00007faa2d000000 Uncommon trap: reason=range_check action=make_not_entrant pc=0x00000001034bbac8 method=sun.reflect.generics.parser.SignatureParser.current()C @ 34
Event: 1.018 Thread 0x00007faa2d000000 Uncommon trap: reason=unstable_if action=reinterpret pc=0x00000001033a9d48 method=java.lang.String.indexOf([CII[CIII)I @ 3
Event: 1.153 Thread 0x00007faa2d000000 Uncommon trap: reason=predicate action=maybe_recompile pc=0x0000000103593f08 method=java.util.AbstractCollection.toArray([Ljava/lang/Object;)[Ljava/lang/Object; @ 49
Event: 1.181 Thread 0x00007faa2d000000 Uncommon trap: reason=array_check action=maybe_recompile pc=0x00000001035935f8 method=java.util.AbstractCollection.toArray([Ljava/lang/Object;)[Ljava/lang/Object; @ 119
Event: 1.181 Thread 0x00007faa2d000000 Uncommon trap: reason=array_check action=maybe_recompile pc=0x00000001035935f8 method=java.util.AbstractCollection.toArray([Ljava/lang/Object;)[Ljava/lang/Object; @ 119
Event: 1.181 Thread 0x00007faa2d000000 Uncommon trap: reason=array_check action=maybe_recompile pc=0x00000001035935f8 method=java.util.AbstractCollection.toArray([Ljava/lang/Object;)[Ljava/lang/Object; @ 119
Event: 1.181 Thread 0x00007faa2d000000 Uncommon trap: reason=array_check action=maybe_recompile pc=0x00000001035935f8 method=java.util.AbstractCollection.toArray([Ljava/lang/Object;)[Ljava/lang/Object; @ 119
Event: 1.181 Thread 0x00007faa2d000000 Uncommon trap: reason=unstable_if action=reinterpret pc=0x00000001035945fc method=sun.misc.FloatingDecimal$ASCIIToBinaryBuffer.floatValue()F @ 65
Event: 1.183 Thread 0x00007faa2d000000 Uncommon trap: reason=unstable_if action=reinterpret pc=0x000000010359e3f8 method=sun.misc.FloatingDecimal.readJavaFormatString(Ljava/lang/String;)Lsun/misc/FloatingDecimal$ASCIIToBinaryConverter; @ 733

Internal exceptions (10 events):
Event: 0.147 Thread 0x00007faa2d000000 Exception <a 'java/security/PrivilegedActionException'> (0x0000000795851438) thrown at [/Users/java_re/workspace/8-2-build-macosx-x86_64/jdk8u51/3951/hotspot/src/share/vm/prims/jvm.cpp, line 1382]
Event: 0.147 Thread 0x00007faa2d000000 Exception <a 'java/security/PrivilegedActionException'> (0x00000007958515f0) thrown at [/Users/java_re/workspace/8-2-build-macosx-x86_64/jdk8u51/3951/hotspot/src/share/vm/prims/jvm.cpp, line 1382]
Event: 0.147 Thread 0x00007faa2d000000 Exception <a 'java/security/PrivilegedActionException'> (0x0000000795854970) thrown at [/Users/java_re/workspace/8-2-build-macosx-x86_64/jdk8u51/3951/hotspot/src/share/vm/prims/jvm.cpp, line 1382]
Event: 0.147 Thread 0x00007faa2d000000 Exception <a 'java/security/PrivilegedActionException'> (0x0000000795854b28) thrown at [/Users/java_re/workspace/8-2-build-macosx-x86_64/jdk8u51/3951/hotspot/src/share/vm/prims/jvm.cpp, line 1382]
Event: 0.312 Thread 0x00007faa2d000000 Exception <a 'java/io/FileNotFoundException'> (0x00000007958593c8) thrown at [/Users/java_re/workspace/8-2-build-macosx-x86_64/jdk8u51/3951/hotspot/src/share/vm/prims/jni.cpp, line 709]
Event: 0.312 Thread 0x00007faa2d000000 Exception <a 'java/io/FileNotFoundException'> (0x0000000795859f28) thrown at [/Users/java_re/workspace/8-2-build-macosx-x86_64/jdk8u51/3951/hotspot/src/share/vm/prims/jni.cpp, line 709]
Event: 0.386 Thread 0x00007faa2d06a000 Exception <a 'java/lang/NoSuchFieldError': method resolution failed> (0x0000000795a386f0) thrown at [/Users/java_re/workspace/8-2-build-macosx-x86_64/jdk8u51/3951/hotspot/src/share/vm/prims/methodHandles.cpp, line 1125]
Event: 0.392 Thread 0x00007faa2d06a000 Exception <a 'java/lang/NoSuchFieldError': method resolution failed> (0x0000000795a46d90) thrown at [/Users/java_re/workspace/8-2-build-macosx-x86_64/jdk8u51/3951/hotspot/src/share/vm/prims/methodHandles.cpp, line 1125]
Event: 0.973 Thread 0x00007faa2d000000 Exception <a 'java/lang/ArrayIndexOutOfBoundsException': 18> (0x00000007970c3098) thrown at [/Users/java_re/workspace/8-2-build-macosx-x86_64/jdk8u51/3951/hotspot/src/share/vm/interpreter/interpreterRuntime.cpp, line 366]
Event: 0.973 Thread 0x00007faa2d000000 Exception <a 'java/lang/ArrayIndexOutOfBoundsException': 110> (0x00000007970c4540) thrown at [/Users/java_re/workspace/8-2-build-macosx-x86_64/jdk8u51/3951/hotspot/src/share/vm/interpreter/interpreterRuntime.cpp, line 366]

Events (10 events):
Event: 17.434 Executing VM operation: ParallelGCFailedAllocation
Event: 17.443 Executing VM operation: ParallelGCFailedAllocation done
Event: 19.080 Executing VM operation: RevokeBias
Event: 19.080 Executing VM operation: RevokeBias done
Event: 19.080 Executing VM operation: RevokeBias
Event: 19.080 Executing VM operation: RevokeBias done
Event: 19.080 Thread 0x00007faa2d2bc800 Thread exited: 0x00007faa2d2bc800
Event: 19.086 Thread 0x00007faa2ba52000 Thread added: 0x00007faa2ba52000
Event: 19.168 Executing VM operation: ParallelGCFailedAllocation
Event: 19.178 Executing VM operation: ParallelGCFailedAllocation done


Dynamic libraries:
0x000000000b0ff000 	/System/Library/Frameworks/Cocoa.framework/Versions/A/Cocoa
0x000000000b0ff000 	/System/Library/Frameworks/Security.framework/Versions/A/Security
0x000000000b0ff000 	/System/Library/Frameworks/ApplicationServices.framework/Versions/A/ApplicationServices
0x000000000b0ff000 	/usr/lib/libz.1.dylib
0x000000000b0ff000 	/usr/lib/libSystem.B.dylib
0x000000000b0ff000 	/usr/lib/libobjc.A.dylib
0x000000000b0ff000 	/System/Library/Frameworks/CoreFoundation.framework/Versions/A/CoreFoundation
0x000000000b0ff000 	/System/Library/Frameworks/Foundation.framework/Versions/C/Foundation
0x000000000b0ff000 	/System/Library/Frameworks/AppKit.framework/Versions/C/AppKit
0x000000000b0ff000 	/System/Library/Frameworks/CoreData.framework/Versions/A/CoreData
0x000000000b0ff000 	/System/Library/PrivateFrameworks/RemoteViewServices.framework/Versions/A/RemoteViewServices
0x000000000b0ff000 	/System/Library/PrivateFrameworks/UIFoundation.framework/Versions/A/UIFoundation
0x000000000b0ff000 	/System/Library/Frameworks/IOSurface.framework/Versions/A/IOSurface
0x000000000b0ff000 	/System/Library/Frameworks/AudioToolbox.framework/Versions/A/AudioToolbox
0x000000000b0ff000 	/System/Library/Frameworks/AudioUnit.framework/Versions/A/AudioUnit
0x000000000b0ff000 	/System/Library/PrivateFrameworks/DataDetectorsCore.framework/Versions/A/DataDetectorsCore
0x000000000b0ff000 	/System/Library/PrivateFrameworks/DesktopServicesPriv.framework/Versions/A/DesktopServicesPriv
0x000000000b0ff000 	/System/Library/Frameworks/Carbon.framework/Versions/A/Frameworks/HIToolbox.framework/Versions/A/HIToolbox
0x000000000b0ff000 	/System/Library/Frameworks/QuartzCore.framework/Versions/A/QuartzCore
0x000000000b0ff000 	/System/Library/Frameworks/Carbon.framework/Versions/A/Frameworks/SpeechRecognition.framework/Versions/A/SpeechRecognition
0x000000000b0ff000 	/usr/lib/libauto.dylib
0x000000000b0ff000 	/usr/lib/libicucore.A.dylib
0x000000000b0ff000 	/usr/lib/libxml2.2.dylib
0x000000000b0ff000 	/System/Library/PrivateFrameworks/CoreUI.framework/Versions/A/CoreUI
0x000000000b0ff000 	/System/Library/Frameworks/CoreAudio.framework/Versions/A/CoreAudio
0x000000000b0ff000 	/System/Library/Frameworks/DiskArbitration.framework/Versions/A/DiskArbitration
0x000000000b0ff000 	/usr/lib/liblangid.dylib
0x000000000b0ff000 	/System/Library/PrivateFrameworks/MultitouchSupport.framework/Versions/A/MultitouchSupport
0x000000000b0ff000 	/System/Library/Frameworks/IOKit.framework/Versions/A/IOKit
0x000000000b0ff000 	/usr/lib/libDiagnosticMessagesClient.dylib
0x000000000b0ff000 	/System/Library/Frameworks/CoreServices.framework/Versions/A/CoreServices
0x000000000b0ff000 	/System/Library/PrivateFrameworks/PerformanceAnalysis.framework/Versions/A/PerformanceAnalysis
0x000000000b0ff000 	/System/Library/PrivateFrameworks/GenerationalStorage.framework/Versions/A/GenerationalStorage
0x000000000b0ff000 	/System/Library/Frameworks/OpenGL.framework/Versions/A/OpenGL
0x000000000b0ff000 	/System/Library/PrivateFrameworks/Sharing.framework/Versions/A/Sharing
0x000000000b0ff000 	/System/Library/Frameworks/CoreGraphics.framework/Versions/A/CoreGraphics
0x000000000b0ff000 	/System/Library/Frameworks/CoreText.framework/Versions/A/CoreText
0x000000000b0ff000 	/System/Library/Frameworks/ImageIO.framework/Versions/A/ImageIO
0x000000000b0ff000 	/usr/lib/libextension.dylib
0x000000000b0ff000 	/System/Library/PrivateFrameworks/Backup.framework/Versions/A/Backup
0x000000000b0ff000 	/usr/lib/libarchive.2.dylib
0x000000000b0ff000 	/System/Library/Frameworks/CFNetwork.framework/Versions/A/CFNetwork
0x000000000b0ff000 	/System/Library/Frameworks/SystemConfiguration.framework/Versions/A/SystemConfiguration
0x000000000b0ff000 	/usr/lib/libCRFSuite.dylib
0x000000000b0ff000 	/usr/lib/libc++.1.dylib
0x000000000b0ff000 	/usr/lib/libc++abi.dylib
0x000000000b0ff000 	/usr/lib/system/libcache.dylib
0x000000000b0ff000 	/usr/lib/system/libcommonCrypto.dylib
0x000000000b0ff000 	/usr/lib/system/libcompiler_rt.dylib
0x000000000b0ff000 	/usr/lib/system/libcopyfile.dylib
0x000000000b0ff000 	/usr/lib/system/libcorecrypto.dylib
0x000000000b0ff000 	/usr/lib/system/libdispatch.dylib
0x000000000b0ff000 	/usr/lib/system/libdyld.dylib
0x000000000b0ff000 	/usr/lib/system/libkeymgr.dylib
0x000000000b0ff000 	/usr/lib/system/liblaunch.dylib
0x000000000b0ff000 	/usr/lib/system/libmacho.dylib
0x000000000b0ff000 	/usr/lib/system/libquarantine.dylib
0x000000000b0ff000 	/usr/lib/system/libremovefile.dylib
0x000000000b0ff000 	/usr/lib/system/libsystem_asl.dylib
0x000000000b0ff000 	/usr/lib/system/libsystem_blocks.dylib
0x000000000b0ff000 	/usr/lib/system/libsystem_c.dylib
0x000000000b0ff000 	/usr/lib/system/libsystem_configuration.dylib
0x000000000b0ff000 	/usr/lib/system/libsystem_coreservices.dylib
0x000000000b0ff000 	/usr/lib/system/libsystem_coretls.dylib
0x000000000b0ff000 	/usr/lib/system/libsystem_dnssd.dylib
0x000000000b0ff000 	/usr/lib/system/libsystem_info.dylib
0x000000000b0ff000 	/usr/lib/system/libsystem_kernel.dylib
0x000000000b0ff000 	/usr/lib/system/libsystem_m.dylib
0x000000000b0ff000 	/usr/lib/system/libsystem_malloc.dylib
0x000000000b0ff000 	/usr/lib/system/libsystem_network.dylib
0x000000000b0ff000 	/usr/lib/system/libsystem_networkextension.dylib
0x000000000b0ff000 	/usr/lib/system/libsystem_notify.dylib
0x000000000b0ff000 	/usr/lib/system/libsystem_platform.dylib
0x000000000b0ff000 	/usr/lib/system/libsystem_pthread.dylib
0x000000000b0ff000 	/usr/lib/system/libsystem_sandbox.dylib
0x000000000b0ff000 	/usr/lib/system/libsystem_secinit.dylib
0x000000000b0ff000 	/usr/lib/system/libsystem_stats.dylib
0x000000000b0ff000 	/usr/lib/system/libsystem_trace.dylib
0x000000000b0ff000 	/usr/lib/system/libunc.dylib
0x000000000b0ff000 	/usr/lib/system/libunwind.dylib
0x000000000b0ff000 	/usr/lib/system/libxpc.dylib
0x000000000b0ff000 	/usr/lib/libbz2.1.0.dylib
0x000000000b0ff000 	/usr/lib/liblzma.5.dylib
0x000000000b0ff000 	/usr/lib/libbsm.0.dylib
0x000000000b0ff000 	/usr/lib/libsqlite3.dylib
0x000000000b0ff000 	/usr/lib/system/libkxld.dylib
0x000000000b0ff000 	/usr/lib/libxar.1.dylib
0x000000000b0ff000 	/usr/lib/libpam.2.dylib
0x000000000b0ff000 	/usr/lib/libOpenScriptingUtil.dylib
0x000000000b0ff000 	/System/Library/Frameworks/CoreServices.framework/Versions/A/Frameworks/FSEvents.framework/Versions/A/FSEvents
0x000000000b0ff000 	/System/Library/Frameworks/CoreServices.framework/Versions/A/Frameworks/CarbonCore.framework/Versions/A/CarbonCore
0x000000000b0ff000 	/System/Library/Frameworks/CoreServices.framework/Versions/A/Frameworks/Metadata.framework/Versions/A/Metadata
0x000000000b0ff000 	/System/Library/Frameworks/CoreServices.framework/Versions/A/Frameworks/OSServices.framework/Versions/A/OSServices
0x000000000b0ff000 	/System/Library/Frameworks/CoreServices.framework/Versions/A/Frameworks/SearchKit.framework/Versions/A/SearchKit
0x000000000b0ff000 	/System/Library/Frameworks/CoreServices.framework/Versions/A/Frameworks/AE.framework/Versions/A/AE
0x000000000b0ff000 	/System/Library/Frameworks/CoreServices.framework/Versions/A/Frameworks/LaunchServices.framework/Versions/A/LaunchServices
0x000000000b0ff000 	/System/Library/Frameworks/CoreServices.framework/Versions/A/Frameworks/DictionaryServices.framework/Versions/A/DictionaryServices
0x000000000b0ff000 	/System/Library/Frameworks/NetFS.framework/Versions/A/NetFS
0x000000000b0ff000 	/System/Library/PrivateFrameworks/NetAuth.framework/Versions/A/NetAuth
0x000000000b0ff000 	/System/Library/PrivateFrameworks/login.framework/Versions/A/Frameworks/loginsupport.framework/Versions/A/loginsupport
0x000000000b0ff000 	/System/Library/PrivateFrameworks/TCC.framework/Versions/A/TCC
0x000000000b0ff000 	/usr/lib/libmecabra.dylib
0x000000000b0ff000 	/System/Library/Frameworks/ApplicationServices.framework/Versions/A/Frameworks/ATS.framework/Versions/A/ATS
0x000000000b0ff000 	/System/Library/Frameworks/ApplicationServices.framework/Versions/A/Frameworks/ColorSync.framework/Versions/A/ColorSync
0x000000000b0ff000 	/System/Library/Frameworks/ApplicationServices.framework/Versions/A/Frameworks/HIServices.framework/Versions/A/HIServices
0x000000000b0ff000 	/System/Library/Frameworks/ApplicationServices.framework/Versions/A/Frameworks/LangAnalysis.framework/Versions/A/LangAnalysis
0x000000000b0ff000 	/System/Library/Frameworks/ApplicationServices.framework/Versions/A/Frameworks/PrintCore.framework/Versions/A/PrintCore
0x000000000b0ff000 	/System/Library/Frameworks/ApplicationServices.framework/Versions/A/Frameworks/QD.framework/Versions/A/QD
0x000000000b0ff000 	/System/Library/Frameworks/ApplicationServices.framework/Versions/A/Frameworks/SpeechSynthesis.framework/Versions/A/SpeechSynthesis
0x000000000b0ff000 	/System/Library/Frameworks/Accelerate.framework/Versions/A/Accelerate
0x000000000b0ff000 	/System/Library/Frameworks/Accelerate.framework/Versions/A/Frameworks/vImage.framework/Versions/A/vImage
0x000000000b0ff000 	/System/Library/Frameworks/Accelerate.framework/Versions/A/Frameworks/vecLib.framework/Versions/A/vecLib
0x000000000b0ff000 	/System/Library/Frameworks/Accelerate.framework/Versions/A/Frameworks/vecLib.framework/Versions/A/libvDSP.dylib
0x000000000b0ff000 	/System/Library/Frameworks/Accelerate.framework/Versions/A/Frameworks/vecLib.framework/Versions/A/libvMisc.dylib
0x000000000b0ff000 	/System/Library/Frameworks/Accelerate.framework/Versions/A/Frameworks/vecLib.framework/Versions/A/libLAPACK.dylib
0x000000000b0ff000 	/System/Library/Frameworks/Accelerate.framework/Versions/A/Frameworks/vecLib.framework/Versions/A/libBLAS.dylib
0x000000000b0ff000 	/System/Library/Frameworks/Accelerate.framework/Versions/A/Frameworks/vecLib.framework/Versions/A/libLinearAlgebra.dylib
0x000000000b0ff000 	/System/Library/Frameworks/ApplicationServices.framework/Versions/A/Frameworks/ATS.framework/Versions/A/Resources/libFontParser.dylib
0x000000000b0ff000 	/System/Library/Frameworks/ApplicationServices.framework/Versions/A/Frameworks/ATS.framework/Versions/A/Resources/libFontRegistry.dylib
0x000000000b0ff000 	/System/Library/PrivateFrameworks/AppleVPA.framework/Versions/A/AppleVPA
0x000000000b0ff000 	/System/Library/PrivateFrameworks/AppleJPEG.framework/Versions/A/AppleJPEG
0x000000000b0ff000 	/System/Library/Frameworks/ImageIO.framework/Versions/A/Resources/libJPEG.dylib
0x000000000b0ff000 	/System/Library/Frameworks/ImageIO.framework/Versions/A/Resources/libTIFF.dylib
0x000000000b0ff000 	/System/Library/Frameworks/ImageIO.framework/Versions/A/Resources/libPng.dylib
0x000000000b0ff000 	/System/Library/Frameworks/ImageIO.framework/Versions/A/Resources/libGIF.dylib
0x000000000b0ff000 	/System/Library/Frameworks/ImageIO.framework/Versions/A/Resources/libJP2.dylib
0x000000000b0ff000 	/System/Library/Frameworks/ImageIO.framework/Versions/A/Resources/libRadiance.dylib
0x000000000b0ff000 	/System/Library/Frameworks/CoreVideo.framework/Versions/A/CoreVideo
0x000000000b0ff000 	/System/Library/Frameworks/OpenGL.framework/Versions/A/Libraries/libGLU.dylib
0x000000000b0ff000 	/System/Library/Frameworks/OpenGL.framework/Versions/A/Libraries/libGFXShared.dylib
0x000000000b0ff000 	/System/Library/Frameworks/OpenGL.framework/Versions/A/Libraries/libGL.dylib
0x000000000b0ff000 	/System/Library/Frameworks/OpenGL.framework/Versions/A/Libraries/libGLImage.dylib
0x000000000b0ff000 	/System/Library/Frameworks/OpenGL.framework/Versions/A/Libraries/libCVMSPluginSupport.dylib
0x000000000b0ff000 	/System/Library/Frameworks/OpenGL.framework/Versions/A/Libraries/libCoreVMClient.dylib
0x000000000b0ff000 	/usr/lib/libcups.2.dylib
0x000000000b0ff000 	/System/Library/Frameworks/Kerberos.framework/Versions/A/Kerberos
0x000000000b0ff000 	/System/Library/Frameworks/GSS.framework/Versions/A/GSS
0x000000000b0ff000 	/usr/lib/libresolv.9.dylib
0x000000000b0ff000 	/usr/lib/libiconv.2.dylib
0x000000000b0ff000 	/System/Library/PrivateFrameworks/Heimdal.framework/Versions/A/Heimdal
0x000000000b0ff000 	/usr/lib/libheimdal-asn1.dylib
0x000000000b0ff000 	/System/Library/Frameworks/OpenDirectory.framework/Versions/A/OpenDirectory
0x000000000b0ff000 	/System/Library/PrivateFrameworks/CommonAuth.framework/Versions/A/CommonAuth
0x000000000b0ff000 	/System/Library/Frameworks/OpenDirectory.framework/Versions/A/Frameworks/CFOpenDirectory.framework/Versions/A/CFOpenDirectory
0x000000000b0ff000 	/System/Library/Frameworks/SecurityFoundation.framework/Versions/A/SecurityFoundation
0x000000000b0ff000 	/System/Library/PrivateFrameworks/LanguageModeling.framework/Versions/A/LanguageModeling
0x000000000b0ff000 	/usr/lib/libcmph.dylib
0x000000000b0ff000 	/System/Library/Frameworks/ServiceManagement.framework/Versions/A/ServiceManagement
0x000000000b0ff000 	/usr/lib/libxslt.1.dylib
0x000000000b0ff000 	/System/Library/Frameworks/Carbon.framework/Versions/A/Frameworks/Ink.framework/Versions/A/Ink
0x000000000b0ff000 	/System/Library/Frameworks/QuartzCore.framework/Versions/A/Frameworks/CoreImage.framework/Versions/A/CoreImage
0x000000000b0ff000 	/System/Library/PrivateFrameworks/CrashReporterSupport.framework/Versions/A/CrashReporterSupport
0x000000000b0ff000 	/System/Library/Frameworks/OpenCL.framework/Versions/A/OpenCL
0x000000000b0ff000 	/System/Library/PrivateFrameworks/FaceCore.framework/Versions/A/FaceCore
0x000000000b0ff000 	/System/Library/PrivateFrameworks/Ubiquity.framework/Versions/A/Ubiquity
0x000000000b0ff000 	/System/Library/PrivateFrameworks/IconServices.framework/Versions/A/IconServices
0x000000000b0ff000 	/System/Library/PrivateFrameworks/ChunkingLibrary.framework/Versions/A/ChunkingLibrary
0x000000000b0ff000 	/System/Library/PrivateFrameworks/Apple80211.framework/Versions/A/Apple80211
0x000000000b0ff000 	/System/Library/Frameworks/CoreWLAN.framework/Versions/A/CoreWLAN
0x000000000b0ff000 	/System/Library/Frameworks/IOBluetooth.framework/Versions/A/IOBluetooth
0x000000000b0ff000 	/System/Library/PrivateFrameworks/CoreWiFi.framework/Versions/A/CoreWiFi
0x000000000b0ff000 	/System/Library/Frameworks/CoreBluetooth.framework/Versions/A/CoreBluetooth
0x000000000b0ff000 	/System/Library/PrivateFrameworks/DebugSymbols.framework/Versions/A/DebugSymbols
0x000000000b0ff000 	/System/Library/PrivateFrameworks/CoreSymbolication.framework/Versions/A/CoreSymbolication
0x000000000b0ff000 	/System/Library/PrivateFrameworks/Symbolication.framework/Versions/A/Symbolication
0x000000000b0ff000 	/System/Library/PrivateFrameworks/SpeechRecognitionCore.framework/Versions/A/SpeechRecognitionCore
0x00000001018d6000 	/Library/Java/JavaVirtualMachines/jdk1.8.0_51.jdk/Contents/Home/jre/lib/server/libjvm.dylib
0x000000000b0ff000 	/usr/lib/libstdc++.6.dylib
0x0000000102959000 	/Library/Java/JavaVirtualMachines/jdk1.8.0_51.jdk/Contents/Home/jre/lib/libverify.dylib
0x0000000102967000 	/Library/Java/JavaVirtualMachines/jdk1.8.0_51.jdk/Contents/Home/jre/lib/libjava.dylib
0x00000001029a6000 	/Library/Java/JavaVirtualMachines/jdk1.8.0_51.jdk/Contents/Home/jre/lib/libzip.dylib
0x0000000119228000 	/System/Library/Frameworks/JavaVM.framework/Frameworks/JavaRuntimeSupport.framework/JavaRuntimeSupport
0x000000011923e000 	/System/Library/Frameworks/JavaVM.framework/Versions/A/Frameworks/JavaNativeFoundation.framework/Versions/A/JavaNativeFoundation
0x0000000119252000 	/System/Library/Frameworks/JavaVM.framework/Versions/A/JavaVM
0x000000000b0ff000 	/System/Library/Frameworks/Carbon.framework/Versions/A/Carbon
0x000000011925e000 	/System/Library/PrivateFrameworks/JavaLaunching.framework/Versions/A/JavaLaunching
0x000000000b0ff000 	/System/Library/Frameworks/Carbon.framework/Versions/A/Frameworks/CommonPanels.framework/Versions/A/CommonPanels
0x000000000b0ff000 	/System/Library/Frameworks/Carbon.framework/Versions/A/Frameworks/Help.framework/Versions/A/Help
0x000000000b0ff000 	/System/Library/Frameworks/Carbon.framework/Versions/A/Frameworks/ImageCapture.framework/Versions/A/ImageCapture
0x000000000b0ff000 	/System/Library/Frameworks/Carbon.framework/Versions/A/Frameworks/OpenScripting.framework/Versions/A/OpenScripting
0x000000000b0ff000 	/System/Library/Frameworks/Carbon.framework/Versions/A/Frameworks/Print.framework/Versions/A/Print
0x000000000b0ff000 	/System/Library/Frameworks/Carbon.framework/Versions/A/Frameworks/SecurityHI.framework/Versions/A/SecurityHI
0x000000011b168000 	/Library/Java/JavaVirtualMachines/jdk1.8.0_51.jdk/Contents/Home/jre/lib/libawt.dylib
0x000000011b210000 	/Library/Java/JavaVirtualMachines/jdk1.8.0_51.jdk/Contents/Home/jre/lib/./libmlib_image.dylib
0x000000011b2dc000 	/Library/Java/JavaVirtualMachines/jdk1.8.0_51.jdk/Contents/Home/jre/lib/libawt_lwawt.dylib
0x000000011b390000 	/Library/Java/JavaVirtualMachines/jdk1.8.0_51.jdk/Contents/Home/jre/lib/./libosxapp.dylib
0x000000000b0ff000 	/System/Library/Frameworks/ExceptionHandling.framework/Versions/A/ExceptionHandling
0x000000000b0ff000 	/System/Library/PrivateFrameworks/CoreServicesInternal.framework/Versions/A/CoreServicesInternal
0x000000000b0ff000 	/System/Library/PrivateFrameworks/CloudDocs.framework/Versions/A/CloudDocs
0x000000000b0ff000 	/System/Library/PrivateFrameworks/CoreDuet.framework/Versions/A/CoreDuet
0x000000000b0ff000 	/System/Library/Frameworks/CloudKit.framework/Versions/A/CloudKit
0x000000000b0ff000 	/System/Library/PrivateFrameworks/ProtocolBuffer.framework/Versions/A/ProtocolBuffer
0x000000000b0ff000 	/System/Library/PrivateFrameworks/CoreDuetDaemonProtocol.framework/Versions/A/CoreDuetDaemonProtocol
0x000000000b0ff000 	/System/Library/PrivateFrameworks/CoreDuetDebugLogging.framework/Versions/A/CoreDuetDebugLogging
0x000000000b0ff000 	/System/Library/PrivateFrameworks/MMCS.framework/Versions/A/MMCS
0x000000000b0ff000 	/System/Library/Frameworks/CoreLocation.framework/Versions/A/CoreLocation
0x000000000b0ff000 	/System/Library/PrivateFrameworks/ProtectedCloudStorage.framework/Versions/A/ProtectedCloudStorage
0x000000000b0ff000 	/System/Library/PrivateFrameworks/GeoServices.framework/Versions/A/GeoServices
0x000000000b0ff000 	/System/Library/Frameworks/CoreGraphics.framework/Versions/A/Resources/libCGCMS.A.dylib
0x000000000b0ff000 	/System/Library/Frameworks/CoreGraphics.framework/Versions/A/Resources/libRIP.A.dylib
0x000000000b0ff000 	/System/Library/Frameworks/CoreGraphics.framework/Versions/A/Resources/libCGXType.A.dylib
0x000000000b0ff000 	/System/Library/Frameworks/OpenCL.framework/Versions/A/Libraries/libcldcpuengine.dylib
0x000000000b0ff000 	/System/Library/PrivateFrameworks/DiskImages.framework/Versions/A/DiskImages
0x000000000b0ff000 	/System/Library/Frameworks/DiscRecording.framework/Versions/A/DiscRecording
0x000000000b0ff000 	/usr/lib/libcsfde.dylib
0x000000000b0ff000 	/usr/lib/libcurl.4.dylib
0x000000000b0ff000 	/System/Library/PrivateFrameworks/MediaKit.framework/Versions/A/MediaKit
0x000000000b0ff000 	/usr/lib/libCoreStorage.dylib
0x000000000b0ff000 	/System/Library/PrivateFrameworks/EFILogin.framework/Versions/A/EFILogin
0x000000000b0ff000 	/usr/lib/libutil.dylib
0x000000000b0ff000 	/System/Library/PrivateFrameworks/FindMyDevice.framework/Versions/A/FindMyDevice
0x000000000b0ff000 	/System/Library/Frameworks/LDAP.framework/Versions/A/LDAP
0x000000000b0ff000 	/usr/lib/libsasl2.2.dylib
0x000000000b0ff000 	/System/Library/PrivateFrameworks/CoreDaemon.framework/Versions/B/CoreDaemon
0x000000000b0ff000 	/usr/lib/libcrypto.0.9.8.dylib
0x000000000b0ff000 	/System/Library/PrivateFrameworks/AppleSRP.framework/Versions/A/AppleSRP
0x000000000b0ff000 	/System/Library/PrivateFrameworks/TrustEvaluationAgent.framework/Versions/A/TrustEvaluationAgent
0x000000011e8db000 	cl_kernels
0x000000011e8dd000 	/System/Library/Frameworks/OpenCL.framework/Versions/A/Libraries/ImageFormats/unorm8_bgra.dylib
0x000000011e8cd000 	cl_kernels
0x000000000b0ff000 	/System/Library/PrivateFrameworks/FamilyControls.framework/Versions/A/FamilyControls
0x000000000b0ff000 	/System/Library/PrivateFrameworks/CommerceKit.framework/Versions/A/Frameworks/CommerceCore.framework/Versions/A/CommerceCore
0x000000000b0ff000 	/System/Library/PrivateFrameworks/SystemAdministration.framework/Versions/A/SystemAdministration
0x000000000b0ff000 	/System/Library/PrivateFrameworks/AppContainer.framework/Versions/A/AppContainer
0x000000000b0ff000 	/System/Library/PrivateFrameworks/SecCodeWrapper.framework/Versions/A/SecCodeWrapper
0x000000000b0ff000 	/System/Library/Frameworks/DirectoryService.framework/Versions/A/DirectoryService
0x000000000b0ff000 	/System/Library/PrivateFrameworks/LoginUIKit.framework/Versions/A/Frameworks/LoginUICore.framework/Versions/A/LoginUICore
0x000000000b0ff000 	/usr/lib/libodfde.dylib
0x000000011fb84000 	/Library/Java/JavaVirtualMachines/jdk1.8.0_51.jdk/Contents/Home/jre/lib/libfontmanager.dylib
0x000000011fbeb000 	/Users/danielferreira/Documents/workspace/GameEngineOpenGL3_2/target/natives/liblwjgl.dylib
0x000000011e8d3000 	/Library/Java/JavaVirtualMachines/jdk1.8.0_51.jdk/Contents/Home/jre/lib/libjawt.dylib
0x000000000b0ff000 	/System/Library/Frameworks/OpenGL.framework/Versions/A/Resources/GLEngine.bundle/GLEngine
0x000000000b0ff000 	/System/Library/Frameworks/OpenGL.framework/Versions/A/Libraries/libGLProgrammability.dylib
0x000000011fc6d000 	/System/Library/Extensions/AppleIntelHD5000GraphicsGLDriver.bundle/Contents/MacOS/AppleIntelHD5000GraphicsGLDriver
0x000000000b0ff000 	/System/Library/PrivateFrameworks/IOAccelerator.framework/Versions/A/IOAccelerator
0x000000000b0ff000 	/System/Library/PrivateFrameworks/GPUSupport.framework/Versions/A/Libraries/libGPUSupportMercury.dylib
0x000000000b0ff000 	/System/Library/Frameworks/OpenGL.framework/Versions/A/Resources/GLRendererFloat.bundle/GLRendererFloat
0x00000001217ff000 	/Library/Java/JavaVirtualMachines/jdk1.8.0_51.jdk/Contents/Home/jre/lib/libmanagement.dylib
0x0000000121b9b000 	/Library/Java/JavaVirtualMachines/jdk1.8.0_51.jdk/Contents/Home/jre/lib/libnet.dylib
0x0000000121e32000 	/Library/Java/JavaVirtualMachines/jdk1.8.0_51.jdk/Contents/Home/jre/lib/libnio.dylib

VM Arguments:
jvm_args: -Djava.library.path=target/natives -Dfile.encoding=UTF-8 
java_command: gameEngine.engineTester.MainGameLoop
java_class_path (initial): /Users/danielferreira/Documents/workspace/GameEngineOpenGL3_2/target/classes:/Users/danielferreira/Documents/workspace/commons/target/classes:/Users/danielferreira/Documents/workspace/commons/target/test-classes:/Users/danielferreira/.m2/repository/org/lwjgl/lwjgl/lwjgl/2.9.3/lwjgl-2.9.3.jar:/Users/danielferreira/.m2/repository/org/lwjgl/lwjgl/lwjgl-platform/2.9.3/lwjgl-platform-2.9.3-natives-windows.jar:/Users/danielferreira/.m2/repository/org/lwjgl/lwjgl/lwjgl-platform/2.9.3/lwjgl-platform-2.9.3-natives-linux.jar:/Users/danielferreira/.m2/repository/org/lwjgl/lwjgl/lwjgl-platform/2.9.3/lwjgl-platform-2.9.3-natives-osx.jar:/Users/danielferreira/.m2/repository/net/java/jinput/jinput/2.0.5/jinput-2.0.5.jar:/Users/danielferreira/.m2/repository/net/java/jutils/jutils/1.0.0/jutils-1.0.0.jar:/Users/danielferreira/.m2/repository/net/java/jinput/jinput-platform/2.0.5/jinput-platform-2.0.5-natives-linux.jar:/Users/danielferreira/.m2/repository/net/java/jinput/jinput-platform/2.0.5/jinput-platform-2.0.5-natives-windows.jar:/Users/danielferreira/.m2/repository/net/java/jinput/jinput-platform/2.0.5/jinput-platform-2.0.5-natives-osx.jar:/Users/danielferreira/.m2/repository/org/slick2d/slick2d-core/1.0.1/slick2d-core-1.0.1.jar:/Library/Java/JavaVirtualMachines/jdk1.8.0_51.jdk/Contents/Home/jre/lib/javaws.jar:/Users/danielferreira/.m2/repository/org/jcraft/jorbis/0.0.17/jorbis-0.0.17.jar:/Users/danielferreira/.m2/repository/org/apache/logging/log4j/log4j-api/2.6.1/log4j-api-2.6.1.jar:/Users/danielferreira/.m2/repository/org/apache/logging/log4j/log4j-core/2.6.1/log4j-core-2.6.1.jar
Launcher Type: SUN_STANDARD

Environment Variables:
PATH=/usr/bin:/bin:/usr/sbin:/sbin
SHELL=/bin/bash
DISPLAY=/private/tmp/com.apple.launchd.FhJfsee8Zw/org.macosforge.xquartz:0

Signal Handlers:
SIGSEGV: [libjvm.dylib+0x58ef35], sa_mask[0]=11111111011111110111111111111111, sa_flags=SA_ONSTACK|SA_RESTART|SA_SIGINFO
SIGBUS: [libjvm.dylib+0x58ef35], sa_mask[0]=11111111011111110111111111111111, sa_flags=SA_RESTART|SA_SIGINFO
SIGFPE: [libjvm.dylib+0x46c028], sa_mask[0]=11111111011111110111111111111111, sa_flags=SA_RESTART|SA_SIGINFO
SIGPIPE: [libjvm.dylib+0x46c028], sa_mask[0]=11111111011111110111111111111111, sa_flags=SA_RESTART|SA_SIGINFO
SIGXFSZ: [libjvm.dylib+0x46c028], sa_mask[0]=11111111011111110111111111111111, sa_flags=SA_RESTART|SA_SIGINFO
SIGILL: [libjvm.dylib+0x46c028], sa_mask[0]=11111111011111110111111111111111, sa_flags=SA_RESTART|SA_SIGINFO
SIGUSR1: SIG_DFL, sa_mask[0]=00000000000000000000000000000000, sa_flags=none
SIGUSR2: [libjvm.dylib+0x46bb46], sa_mask[0]=00100000000000000000000000000000, sa_flags=SA_RESTART|SA_SIGINFO
SIGHUP: [libjvm.dylib+0x46a119], sa_mask[0]=11111111011111110111111111111111, sa_flags=SA_RESTART|SA_SIGINFO
SIGINT: [libjvm.dylib+0x46a119], sa_mask[0]=11111111011111110111111111111111, sa_flags=SA_RESTART|SA_SIGINFO
SIGTERM: [libjvm.dylib+0x46a119], sa_mask[0]=11111111011111110111111111111111, sa_flags=SA_RESTART|SA_SIGINFO
SIGQUIT: [libjvm.dylib+0x46a119], sa_mask[0]=11111111011111110111111111111111, sa_flags=SA_RESTART|SA_SIGINFO


---------------  S Y S T E M  ---------------

OS:Bsduname:Darwin 14.5.0 Darwin Kernel Version 14.5.0: Wed Jul 29 02:26:53 PDT 2015; root:xnu-2782.40.9~1/RELEASE_X86_64 x86_64
rlimit: STACK 8192k, CORE 0k, NPROC 709, NOFILE 10240, AS infinity
load average:0.96 0.97 0.98

CPU:total 4 (2 cores per cpu, 2 threads per core) family 6 model 69 stepping 1, cmov, cx8, fxsr, mmx, sse, sse2, sse3, ssse3, sse4.1, sse4.2, popcnt, avx, avx2, aes, clmul, erms, lzcnt, ht, tsc, tscinvbit, bmi1, bmi2

Memory: 4k page, physical 8388608k(984864k free)

/proc/meminfo:


vm_info: Java HotSpot(TM) 64-Bit Server VM (25.51-b03) for bsd-amd64 JRE (1.8.0_51-b16), built on Jun  8 2015 18:01:11 by "java_re" with gcc 4.2.1 (Based on Apple Inc. build 5658) (LLVM build 2336.11.00)

time: Sat Sep  3 00:05:11 2016
elapsed time: 20 seconds (0d 0h 0m 20s)

