2016-09-03 12:48:37,993 [Worker-16] INFO  o.e.m.c.i.l.LifecycleMappingFactory - Using org.eclipse.m2e.jdt.JarLifecycleMapping lifecycle mapping for MavenProject: com.dferreira:commons:0.0.1-SNAPSHOT @ /Users/danielferreira/Documents/GameEngine/GameEngine_PC/commons/pom.xml.
2016-09-03 12:48:38,615 [Worker-8] INFO  o.e.m.c.i.l.LifecycleMappingFactory - Using org.eclipse.m2e.jdt.JarLifecycleMapping lifecycle mapping for MavenProject: com.dferreira:commons:0.0.1-SNAPSHOT @ /Users/danielferreira/Documents/GameEngine/GameEngine_PC/commons/pom.xml.
2016-09-03 12:48:39,192 [Worker-8] INFO  o.e.m.c.i.embedder.EclipseLogger - Using 'UTF-8' encoding to copy filtered resources.
2016-09-03 12:48:39,192 [Worker-8] INFO  o.e.m.c.i.embedder.EclipseLogger - skip non existing resourceDirectory /Users/danielferreira/Documents/GameEngine/GameEngine_PC/commons/src/main/resources
2016-09-03 12:48:39,195 [Worker-8] INFO  o.e.m.c.i.embedder.EclipseLogger - Using 'UTF-8' encoding to copy filtered resources.
2016-09-03 12:48:39,195 [Worker-8] INFO  o.e.m.c.i.embedder.EclipseLogger - skip non existing resourceDirectory /Users/danielferreira/Documents/GameEngine/GameEngine_PC/commons/src/test/resources
2016-09-03 12:48:41,731 [Worker-7] INFO  o.e.m.c.i.l.LifecycleMappingFactory - Using org.eclipse.m2e.jdt.JarLifecycleMapping lifecycle mapping for MavenProject: com.dferreira:commons:0.0.1-SNAPSHOT @ /Users/danielferreira/Documents/GameEngine/GameEngine_PC/commons/pom.xml.
2016-09-03 12:48:42,393 [Worker-6] INFO  o.e.m.c.i.embedder.EclipseLogger - Using 'UTF-8' encoding to copy filtered resources.
2016-09-03 12:48:42,393 [Worker-6] INFO  o.e.m.c.i.embedder.EclipseLogger - skip non existing resourceDirectory /Users/danielferreira/Documents/GameEngine/GameEngine_PC/commons/src/main/resources
2016-09-03 12:48:42,395 [Worker-6] INFO  o.e.m.c.i.embedder.EclipseLogger - Using 'UTF-8' encoding to copy filtered resources.
2016-09-03 12:48:42,395 [Worker-6] INFO  o.e.m.c.i.embedder.EclipseLogger - skip non existing resourceDirectory /Users/danielferreira/Documents/GameEngine/GameEngine_PC/commons/src/test/resources
2016-09-03 12:48:43,494 [Worker-9] INFO  o.e.m.c.i.embedder.EclipseLogger - Using 'UTF-8' encoding to copy filtered resources.
2016-09-03 12:48:43,495 [Worker-9] INFO  o.e.m.c.i.embedder.EclipseLogger - skip non existing resourceDirectory /Users/danielferreira/Documents/GameEngine/GameEngine_PC/commons/src/main/resources
2016-09-03 12:48:43,497 [Worker-9] INFO  o.e.m.c.i.embedder.EclipseLogger - Using 'UTF-8' encoding to copy filtered resources.
2016-09-03 12:48:43,497 [Worker-9] INFO  o.e.m.c.i.embedder.EclipseLogger - skip non existing resourceDirectory /Users/danielferreira/Documents/GameEngine/GameEngine_PC/commons/src/test/resources
2016-09-03 12:48:49,923 [main] INFO  c.g.t.t.d.PublishedGradleVersions - Gradle version information cache file is not out-of-date. No remote download required.
2016-09-03 12:48:53,662 [Worker-12] INFO  o.e.m.i.launch.MavenLaunchDelegate - /Users/danielferreira/Documents/GameEngine/GameEngine_PC/commons
2016-09-03 12:48:53,662 [Worker-12] INFO  o.e.m.i.launch.MavenLaunchDelegate -  mvn  -B clean
2016-09-03 12:48:56,299 [Worker-5] INFO  o.e.m.c.i.embedder.EclipseLogger - Using 'UTF-8' encoding to copy filtered resources.
2016-09-03 12:48:56,299 [Worker-5] INFO  o.e.m.c.i.embedder.EclipseLogger - skip non existing resourceDirectory /Users/danielferreira/Documents/GameEngine/GameEngine_PC/commons/src/main/resources
2016-09-03 12:48:56,301 [Worker-5] INFO  o.e.m.c.i.embedder.EclipseLogger - Using 'UTF-8' encoding to copy filtered resources.
2016-09-03 12:48:56,301 [Worker-5] INFO  o.e.m.c.i.embedder.EclipseLogger - skip non existing resourceDirectory /Users/danielferreira/Documents/GameEngine/GameEngine_PC/commons/src/test/resources
2016-09-03 12:49:06,054 [Worker-13] INFO  o.e.m.i.launch.MavenLaunchDelegate - /Users/danielferreira/Documents/GameEngine/GameEngine_PC/commons
2016-09-03 12:49:06,054 [Worker-13] INFO  o.e.m.i.launch.MavenLaunchDelegate -  mvn  -B install
2016-09-03 12:49:12,592 [Worker-4] INFO  o.e.m.c.i.embedder.EclipseLogger - Using 'UTF-8' encoding to copy filtered resources.
2016-09-03 12:49:12,593 [Worker-4] INFO  o.e.m.c.i.embedder.EclipseLogger - skip non existing resourceDirectory /Users/danielferreira/Documents/GameEngine/GameEngine_PC/commons/src/main/resources
2016-09-03 12:49:12,594 [Worker-4] INFO  o.e.m.c.i.embedder.EclipseLogger - Using 'UTF-8' encoding to copy filtered resources.
2016-09-03 12:49:12,594 [Worker-4] INFO  o.e.m.c.i.embedder.EclipseLogger - skip non existing resourceDirectory /Users/danielferreira/Documents/GameEngine/GameEngine_PC/commons/src/test/resources
2016-09-03 12:49:34,181 [Worker-1] INFO  o.e.m.c.i.l.LifecycleMappingFactory - Using org.eclipse.m2e.jdt.JarLifecycleMapping lifecycle mapping for MavenProject: GameEngine:GameEngine2_1:0.0.1-SNAPSHOT @ /Users/danielferreira/Documents/GameEngine/GameEngine_PC/GameEngineOpenGL2_1/pom.xml.
2016-09-03 12:49:34,283 [Worker-1] INFO  o.e.m.c.i.embedder.EclipseLogger - Using 'UTF-8' encoding to copy filtered resources.
2016-09-03 12:49:34,289 [Worker-1] INFO  o.e.m.c.i.embedder.EclipseLogger - Copying 1 resource
2016-09-03 12:49:34,300 [Worker-1] INFO  o.e.m.c.i.embedder.EclipseLogger - Using 'UTF-8' encoding to copy filtered resources.
2016-09-03 12:49:34,300 [Worker-1] INFO  o.e.m.c.i.embedder.EclipseLogger - skip non existing resourceDirectory /Users/danielferreira/Documents/GameEngine/GameEngine_PC/GameEngineOpenGL2_1/src/test/resources
2016-09-03 12:49:35,608 [Worker-0] INFO  o.e.m.c.i.embedder.EclipseLogger - Using 'UTF-8' encoding to copy filtered resources.
2016-09-03 12:49:35,614 [Worker-0] INFO  o.e.m.c.i.embedder.EclipseLogger - Copying 1 resource
2016-09-03 12:49:35,617 [Worker-0] INFO  o.e.m.c.i.embedder.EclipseLogger - Using 'UTF-8' encoding to copy filtered resources.
2016-09-03 12:49:35,617 [Worker-0] INFO  o.e.m.c.i.embedder.EclipseLogger - skip non existing resourceDirectory /Users/danielferreira/Documents/GameEngine/GameEngine_PC/GameEngineOpenGL2_1/src/test/resources
2016-09-03 12:49:45,035 [Worker-15] INFO  o.e.m.c.i.embedder.EclipseLogger - Using 'UTF-8' encoding to copy filtered resources.
2016-09-03 12:49:45,035 [Worker-15] INFO  o.e.m.c.i.embedder.EclipseLogger - skip non existing resourceDirectory /Users/danielferreira/Documents/GameEngine/GameEngine_PC/commons/src/main/resources
2016-09-03 12:49:45,037 [Worker-15] INFO  o.e.m.c.i.embedder.EclipseLogger - Using 'UTF-8' encoding to copy filtered resources.
2016-09-03 12:49:45,037 [Worker-15] INFO  o.e.m.c.i.embedder.EclipseLogger - skip non existing resourceDirectory /Users/danielferreira/Documents/GameEngine/GameEngine_PC/commons/src/test/resources
2016-09-03 12:49:45,047 [Worker-15] INFO  o.e.m.c.i.embedder.EclipseLogger - Using 'UTF-8' encoding to copy filtered resources.
2016-09-03 12:49:45,048 [Worker-15] INFO  o.e.m.c.i.embedder.EclipseLogger - Copying 0 resource
2016-09-03 12:49:45,050 [Worker-15] INFO  o.e.m.c.i.embedder.EclipseLogger - Using 'UTF-8' encoding to copy filtered resources.
2016-09-03 12:49:45,051 [Worker-15] INFO  o.e.m.c.i.embedder.EclipseLogger - skip non existing resourceDirectory /Users/danielferreira/Documents/GameEngine/GameEngine_PC/GameEngineOpenGL2_1/src/test/resources
2016-09-03 12:49:52,710 [Worker-15] INFO  o.e.m.i.launch.MavenLaunchDelegate - /Users/danielferreira/Documents/GameEngine/GameEngine_PC/GameEngineOpenGL2_1
2016-09-03 12:49:52,711 [Worker-15] INFO  o.e.m.i.launch.MavenLaunchDelegate -  mvn  -B clean
2016-09-03 12:49:54,516 [Worker-14] INFO  o.e.m.c.i.embedder.EclipseLogger - Using 'UTF-8' encoding to copy filtered resources.
2016-09-03 12:49:54,517 [Worker-14] INFO  o.e.m.c.i.embedder.EclipseLogger - Copying 1 resource
2016-09-03 12:49:54,526 [Worker-14] INFO  o.e.m.c.i.embedder.EclipseLogger - Using 'UTF-8' encoding to copy filtered resources.
2016-09-03 12:49:54,526 [Worker-14] INFO  o.e.m.c.i.embedder.EclipseLogger - skip non existing resourceDirectory /Users/danielferreira/Documents/GameEngine/GameEngine_PC/GameEngineOpenGL2_1/src/test/resources
2016-09-03 12:49:55,553 [Worker-4] INFO  o.e.m.c.i.embedder.EclipseLogger - Using 'UTF-8' encoding to copy filtered resources.
2016-09-03 12:49:55,554 [Worker-4] INFO  o.e.m.c.i.embedder.EclipseLogger - Copying 0 resource
2016-09-03 12:49:55,555 [Worker-4] INFO  o.e.m.c.i.embedder.EclipseLogger - Using 'UTF-8' encoding to copy filtered resources.
2016-09-03 12:49:55,555 [Worker-4] INFO  o.e.m.c.i.embedder.EclipseLogger - skip non existing resourceDirectory /Users/danielferreira/Documents/GameEngine/GameEngine_PC/GameEngineOpenGL2_1/src/test/resources
2016-09-03 12:50:02,479 [Worker-12] INFO  o.e.m.i.launch.MavenLaunchDelegate - /Users/danielferreira/Documents/GameEngine/GameEngine_PC/GameEngineOpenGL2_1
2016-09-03 12:50:02,480 [Worker-12] INFO  o.e.m.i.launch.MavenLaunchDelegate -  mvn  -B install
2016-09-03 12:50:06,791 [Worker-11] INFO  o.e.m.c.i.embedder.EclipseLogger - Using 'UTF-8' encoding to copy filtered resources.
2016-09-03 12:50:06,792 [Worker-11] INFO  o.e.m.c.i.embedder.EclipseLogger - Copying 1 resource
2016-09-03 12:50:06,793 [Worker-11] INFO  o.e.m.c.i.embedder.EclipseLogger - Using 'UTF-8' encoding to copy filtered resources.
2016-09-03 12:50:06,793 [Worker-11] INFO  o.e.m.c.i.embedder.EclipseLogger - skip non existing resourceDirectory /Users/danielferreira/Documents/GameEngine/GameEngine_PC/GameEngineOpenGL2_1/src/test/resources
2016-09-03 12:50:43,076 [Worker-10] INFO  o.e.m.i.launch.MavenLaunchDelegate - /Users/danielferreira/Documents/GameEngine/GameEngine_PC/GameEngineOpenGL2_1
2016-09-03 12:50:43,077 [Worker-10] INFO  o.e.m.i.launch.MavenLaunchDelegate -  mvn  -B install
2016-09-03 12:50:46,946 [Worker-5] INFO  o.e.m.c.i.embedder.EclipseLogger - Using 'UTF-8' encoding to copy filtered resources.
2016-09-03 12:50:46,946 [Worker-5] INFO  o.e.m.c.i.embedder.EclipseLogger - Copying 0 resource
2016-09-03 12:50:46,947 [Worker-5] INFO  o.e.m.c.i.embedder.EclipseLogger - Using 'UTF-8' encoding to copy filtered resources.
2016-09-03 12:50:46,947 [Worker-5] INFO  o.e.m.c.i.embedder.EclipseLogger - skip non existing resourceDirectory /Users/danielferreira/Documents/GameEngine/GameEngine_PC/GameEngineOpenGL2_1/src/test/resources
2016-09-03 12:51:14,919 [Worker-6] INFO  o.e.m.c.i.l.LifecycleMappingFactory - Using org.eclipse.m2e.jdt.JarLifecycleMapping lifecycle mapping for MavenProject: GameEngine:Example1:0.0.1-SNAPSHOT @ /Users/danielferreira/Documents/GameEngine/GameEngine_PC/GameEngineOpenGL3_2/pom.xml.
2016-09-03 12:51:15,012 [Worker-6] INFO  o.e.m.c.i.embedder.EclipseLogger - Using 'UTF-8' encoding to copy filtered resources.
2016-09-03 12:51:15,013 [Worker-6] INFO  o.e.m.c.i.embedder.EclipseLogger - Copying 1 resource
2016-09-03 12:51:15,016 [Worker-6] INFO  o.e.m.c.i.embedder.EclipseLogger - Using 'UTF-8' encoding to copy filtered resources.
2016-09-03 12:51:15,017 [Worker-6] INFO  o.e.m.c.i.embedder.EclipseLogger - skip non existing resourceDirectory /Users/danielferreira/Documents/GameEngine/GameEngine_PC/GameEngineOpenGL3_2/src/test/resources
2016-09-03 12:51:16,300 [Worker-2] INFO  o.e.m.c.i.embedder.EclipseLogger - Using 'UTF-8' encoding to copy filtered resources.
2016-09-03 12:51:16,300 [Worker-2] INFO  o.e.m.c.i.embedder.EclipseLogger - Copying 1 resource
2016-09-03 12:51:16,302 [Worker-2] INFO  o.e.m.c.i.embedder.EclipseLogger - Using 'UTF-8' encoding to copy filtered resources.
2016-09-03 12:51:16,302 [Worker-2] INFO  o.e.m.c.i.embedder.EclipseLogger - skip non existing resourceDirectory /Users/danielferreira/Documents/GameEngine/GameEngine_PC/GameEngineOpenGL3_2/src/test/resources
2016-09-03 12:51:18,865 [Worker-4] INFO  o.e.m.i.launch.MavenLaunchDelegate - /Users/danielferreira/Documents/GameEngine/GameEngine_PC/GameEngineOpenGL3_2
2016-09-03 12:51:18,866 [Worker-4] INFO  o.e.m.i.launch.MavenLaunchDelegate -  mvn  -B clean
2016-09-03 12:51:20,686 [Worker-9] INFO  o.e.m.c.i.embedder.EclipseLogger - Using 'UTF-8' encoding to copy filtered resources.
2016-09-03 12:51:20,686 [Worker-9] INFO  o.e.m.c.i.embedder.EclipseLogger - Copying 1 resource
2016-09-03 12:51:20,697 [Worker-9] INFO  o.e.m.c.i.embedder.EclipseLogger - Using 'UTF-8' encoding to copy filtered resources.
2016-09-03 12:51:20,697 [Worker-9] INFO  o.e.m.c.i.embedder.EclipseLogger - skip non existing resourceDirectory /Users/danielferreira/Documents/GameEngine/GameEngine_PC/GameEngineOpenGL3_2/src/test/resources
2016-09-03 12:51:21,716 [Worker-8] INFO  o.e.m.c.i.embedder.EclipseLogger - Using 'UTF-8' encoding to copy filtered resources.
2016-09-03 12:51:21,716 [Worker-8] INFO  o.e.m.c.i.embedder.EclipseLogger - Copying 0 resource
2016-09-03 12:51:21,718 [Worker-8] INFO  o.e.m.c.i.embedder.EclipseLogger - Using 'UTF-8' encoding to copy filtered resources.
2016-09-03 12:51:21,718 [Worker-8] INFO  o.e.m.c.i.embedder.EclipseLogger - skip non existing resourceDirectory /Users/danielferreira/Documents/GameEngine/GameEngine_PC/GameEngineOpenGL3_2/src/test/resources
2016-09-03 12:51:40,800 [Worker-11] INFO  o.e.m.i.launch.MavenLaunchDelegate - /Users/danielferreira/Documents/GameEngine/GameEngine_PC/GameEngineOpenGL3_2
2016-09-03 12:51:40,801 [Worker-11] INFO  o.e.m.i.launch.MavenLaunchDelegate -  mvn  -B install
2016-09-03 12:51:48,038 [Worker-6] INFO  o.e.m.c.i.embedder.EclipseLogger - Using 'UTF-8' encoding to copy filtered resources.
2016-09-03 12:51:48,038 [Worker-6] INFO  o.e.m.c.i.embedder.EclipseLogger - Copying 1 resource
2016-09-03 12:51:48,040 [Worker-6] INFO  o.e.m.c.i.embedder.EclipseLogger - Using 'UTF-8' encoding to copy filtered resources.
2016-09-03 12:51:48,040 [Worker-6] INFO  o.e.m.c.i.embedder.EclipseLogger - skip non existing resourceDirectory /Users/danielferreira/Documents/GameEngine/GameEngine_PC/GameEngineOpenGL3_2/src/test/resources
2016-09-03 12:51:58,381 [Worker-13] INFO  o.e.m.i.launch.MavenLaunchDelegate - /Users/danielferreira/Documents/GameEngine/GameEngine_PC/GameEngineOpenGL3_2
2016-09-03 12:51:58,381 [Worker-13] INFO  o.e.m.i.launch.MavenLaunchDelegate -  mvn  -B install
2016-09-03 12:52:02,360 [Worker-7] INFO  o.e.m.c.i.embedder.EclipseLogger - Using 'UTF-8' encoding to copy filtered resources.
2016-09-03 12:52:02,360 [Worker-7] INFO  o.e.m.c.i.embedder.EclipseLogger - Copying 0 resource
2016-09-03 12:52:02,362 [Worker-7] INFO  o.e.m.c.i.embedder.EclipseLogger - Using 'UTF-8' encoding to copy filtered resources.
2016-09-03 12:52:02,362 [Worker-7] INFO  o.e.m.c.i.embedder.EclipseLogger - skip non existing resourceDirectory /Users/danielferreira/Documents/GameEngine/GameEngine_PC/GameEngineOpenGL3_2/src/test/resources
2016-09-03 13:01:13,216 [main] INFO  c.g.t.t.d.PublishedGradleVersions - Gradle version information cache file is not out-of-date. No remote download required.
2016-09-03 14:06:38,203 [Worker-15] INFO  o.e.m.c.i.embedder.EclipseLogger - Using 'UTF-8' encoding to copy filtered resources.
2016-09-03 14:06:38,213 [Worker-15] INFO  o.e.m.c.i.embedder.EclipseLogger - Copying 1 resource
2016-09-03 14:06:38,222 [Worker-15] INFO  o.e.m.c.i.embedder.EclipseLogger - Using 'UTF-8' encoding to copy filtered resources.
2016-09-03 14:06:38,222 [Worker-15] INFO  o.e.m.c.i.embedder.EclipseLogger - skip non existing resourceDirectory /Users/danielferreira/Documents/GameEngine/GameEngine_PC/GameEngineOpenGL2_1/src/test/resources
2016-09-03 14:07:35,298 [Worker-16] INFO  o.e.m.c.i.embedder.EclipseLogger - Using 'UTF-8' encoding to copy filtered resources.
2016-09-03 14:07:35,299 [Worker-16] INFO  o.e.m.c.i.embedder.EclipseLogger - Copying 1 resource
2016-09-03 14:07:35,300 [Worker-16] INFO  o.e.m.c.i.embedder.EclipseLogger - Using 'UTF-8' encoding to copy filtered resources.
2016-09-03 14:07:35,301 [Worker-16] INFO  o.e.m.c.i.embedder.EclipseLogger - skip non existing resourceDirectory /Users/danielferreira/Documents/GameEngine/GameEngine_PC/GameEngineOpenGL3_2/src/test/resources
2016-09-03 14:07:43,798 [Worker-13] INFO  o.e.m.c.i.embedder.EclipseLogger - Using 'UTF-8' encoding to copy filtered resources.
2016-09-03 14:07:43,800 [Worker-13] INFO  o.e.m.c.i.embedder.EclipseLogger - Copying 0 resource
2016-09-03 14:07:43,802 [Worker-13] INFO  o.e.m.c.i.embedder.EclipseLogger - Using 'UTF-8' encoding to copy filtered resources.
2016-09-03 14:07:43,802 [Worker-13] INFO  o.e.m.c.i.embedder.EclipseLogger - skip non existing resourceDirectory /Users/danielferreira/Documents/GameEngine/GameEngine_PC/GameEngineOpenGL3_2/src/test/resources
2016-09-03 14:10:55,939 [Worker-13] INFO  o.e.m.c.i.embedder.EclipseLogger - Using 'UTF-8' encoding to copy filtered resources.
2016-09-03 14:10:55,940 [Worker-13] INFO  o.e.m.c.i.embedder.EclipseLogger - Copying 0 resource
2016-09-03 14:10:55,941 [Worker-13] INFO  o.e.m.c.i.embedder.EclipseLogger - Using 'UTF-8' encoding to copy filtered resources.
2016-09-03 14:10:55,941 [Worker-13] INFO  o.e.m.c.i.embedder.EclipseLogger - skip non existing resourceDirectory /Users/danielferreira/Documents/GameEngine/GameEngine_PC/GameEngineOpenGL3_2/src/test/resources
2016-09-03 14:12:07,407 [Worker-5] INFO  o.e.m.c.i.embedder.EclipseLogger - Using 'UTF-8' encoding to copy filtered resources.
2016-09-03 14:12:07,410 [Worker-5] INFO  o.e.m.c.i.embedder.EclipseLogger - Copying 1 resource
2016-09-03 14:12:07,412 [Worker-5] INFO  o.e.m.c.i.embedder.EclipseLogger - Using 'UTF-8' encoding to copy filtered resources.
2016-09-03 14:12:07,412 [Worker-5] INFO  o.e.m.c.i.embedder.EclipseLogger - skip non existing resourceDirectory /Users/danielferreira/Documents/GameEngine/GameEngine_PC/GameEngineOpenGL3_2/src/test/resources
2016-09-03 14:12:28,313 [Worker-15] INFO  o.e.m.c.i.embedder.EclipseLogger - Using 'UTF-8' encoding to copy filtered resources.
2016-09-03 14:12:28,313 [Worker-15] INFO  o.e.m.c.i.embedder.EclipseLogger - Copying 1 resource
2016-09-03 14:12:28,315 [Worker-15] INFO  o.e.m.c.i.embedder.EclipseLogger - Using 'UTF-8' encoding to copy filtered resources.
2016-09-03 14:12:28,316 [Worker-15] INFO  o.e.m.c.i.embedder.EclipseLogger - skip non existing resourceDirectory /Users/danielferreira/Documents/GameEngine/GameEngine_PC/GameEngineOpenGL3_2/src/test/resources
2016-09-03 14:12:57,461 [Worker-15] INFO  o.e.m.c.i.embedder.EclipseLogger - Using 'UTF-8' encoding to copy filtered resources.
2016-09-03 14:12:57,462 [Worker-15] INFO  o.e.m.c.i.embedder.EclipseLogger - Copying 1 resource
2016-09-03 14:12:57,463 [Worker-15] INFO  o.e.m.c.i.embedder.EclipseLogger - Using 'UTF-8' encoding to copy filtered resources.
2016-09-03 14:12:57,464 [Worker-15] INFO  o.e.m.c.i.embedder.EclipseLogger - skip non existing resourceDirectory /Users/danielferreira/Documents/GameEngine/GameEngine_PC/GameEngineOpenGL3_2/src/test/resources
2016-09-03 14:13:52,842 [Worker-13] INFO  o.e.m.c.i.embedder.EclipseLogger - Using 'UTF-8' encoding to copy filtered resources.
2016-09-03 14:13:52,843 [Worker-13] INFO  o.e.m.c.i.embedder.EclipseLogger - Copying 1 resource
2016-09-03 14:13:52,846 [Worker-13] INFO  o.e.m.c.i.embedder.EclipseLogger - Using 'UTF-8' encoding to copy filtered resources.
2016-09-03 14:13:52,846 [Worker-13] INFO  o.e.m.c.i.embedder.EclipseLogger - skip non existing resourceDirectory /Users/danielferreira/Documents/GameEngine/GameEngine_PC/GameEngineOpenGL3_2/src/test/resources
2016-09-03 14:15:50,207 [Worker-5] INFO  o.e.m.c.i.embedder.EclipseLogger - Using 'UTF-8' encoding to copy filtered resources.
2016-09-03 14:15:50,208 [Worker-5] INFO  o.e.m.c.i.embedder.EclipseLogger - Copying 1 resource
2016-09-03 14:15:50,209 [Worker-5] INFO  o.e.m.c.i.embedder.EclipseLogger - Using 'UTF-8' encoding to copy filtered resources.
2016-09-03 14:15:50,210 [Worker-5] INFO  o.e.m.c.i.embedder.EclipseLogger - skip non existing resourceDirectory /Users/danielferreira/Documents/GameEngine/GameEngine_PC/GameEngineOpenGL3_2/src/test/resources
2016-09-03 14:17:06,979 [Worker-14] INFO  o.e.m.c.i.embedder.EclipseLogger - Using 'UTF-8' encoding to copy filtered resources.
2016-09-03 14:17:06,980 [Worker-14] INFO  o.e.m.c.i.embedder.EclipseLogger - Copying 1 resource
2016-09-03 14:17:06,981 [Worker-14] INFO  o.e.m.c.i.embedder.EclipseLogger - Using 'UTF-8' encoding to copy filtered resources.
2016-09-03 14:17:06,981 [Worker-14] INFO  o.e.m.c.i.embedder.EclipseLogger - skip non existing resourceDirectory /Users/danielferreira/Documents/GameEngine/GameEngine_PC/GameEngineOpenGL3_2/src/test/resources
2016-09-03 15:00:31,502 [Worker-19] INFO  o.e.m.c.i.embedder.EclipseLogger - Using 'UTF-8' encoding to copy filtered resources.
2016-09-03 15:00:31,502 [Worker-19] INFO  o.e.m.c.i.embedder.EclipseLogger - Copying 1 resource
2016-09-03 15:00:31,504 [Worker-19] INFO  o.e.m.c.i.embedder.EclipseLogger - Using 'UTF-8' encoding to copy filtered resources.
2016-09-03 15:00:31,504 [Worker-19] INFO  o.e.m.c.i.embedder.EclipseLogger - skip non existing resourceDirectory /Users/danielferreira/Documents/GameEngine/GameEngine_PC/GameEngineOpenGL3_2/src/test/resources
2016-09-03 15:16:53,545 [Worker-24] INFO  o.e.m.c.i.embedder.EclipseLogger - Using 'UTF-8' encoding to copy filtered resources.
2016-09-03 15:16:53,546 [Worker-24] INFO  o.e.m.c.i.embedder.EclipseLogger - Copying 1 resource
2016-09-03 15:16:53,548 [Worker-24] INFO  o.e.m.c.i.embedder.EclipseLogger - Using 'UTF-8' encoding to copy filtered resources.
2016-09-03 15:16:53,548 [Worker-24] INFO  o.e.m.c.i.embedder.EclipseLogger - skip non existing resourceDirectory /Users/danielferreira/Documents/GameEngine/GameEngine_PC/GameEngineOpenGL3_2/src/test/resources
2016-09-03 15:18:13,367 [Worker-23] INFO  o.e.m.c.i.embedder.EclipseLogger - Using 'UTF-8' encoding to copy filtered resources.
2016-09-03 15:18:13,367 [Worker-23] INFO  o.e.m.c.i.embedder.EclipseLogger - Copying 1 resource
2016-09-03 15:18:13,369 [Worker-23] INFO  o.e.m.c.i.embedder.EclipseLogger - Using 'UTF-8' encoding to copy filtered resources.
2016-09-03 15:18:13,369 [Worker-23] INFO  o.e.m.c.i.embedder.EclipseLogger - skip non existing resourceDirectory /Users/danielferreira/Documents/GameEngine/GameEngine_PC/GameEngineOpenGL3_2/src/test/resources
2016-09-03 15:47:19,820 [Worker-24] INFO  o.e.m.c.i.embedder.EclipseLogger - Using 'UTF-8' encoding to copy filtered resources.
2016-09-03 15:47:19,820 [Worker-24] INFO  o.e.m.c.i.embedder.EclipseLogger - Copying 1 resource
2016-09-03 15:47:19,822 [Worker-24] INFO  o.e.m.c.i.embedder.EclipseLogger - Using 'UTF-8' encoding to copy filtered resources.
2016-09-03 15:47:19,822 [Worker-24] INFO  o.e.m.c.i.embedder.EclipseLogger - skip non existing resourceDirectory /Users/danielferreira/Documents/GameEngine/GameEngine_PC/GameEngineOpenGL3_2/src/test/resources
2016-09-03 15:48:06,404 [Worker-24] INFO  o.e.m.c.i.embedder.EclipseLogger - Using 'UTF-8' encoding to copy filtered resources.
2016-09-03 15:48:06,404 [Worker-24] INFO  o.e.m.c.i.embedder.EclipseLogger - Copying 1 resource
2016-09-03 15:48:06,406 [Worker-24] INFO  o.e.m.c.i.embedder.EclipseLogger - Using 'UTF-8' encoding to copy filtered resources.
2016-09-03 15:48:06,406 [Worker-24] INFO  o.e.m.c.i.embedder.EclipseLogger - skip non existing resourceDirectory /Users/danielferreira/Documents/GameEngine/GameEngine_PC/GameEngineOpenGL3_2/src/test/resources
2016-09-03 15:48:17,976 [Worker-22] INFO  o.e.m.c.i.embedder.EclipseLogger - Using 'UTF-8' encoding to copy filtered resources.
2016-09-03 15:48:17,976 [Worker-22] INFO  o.e.m.c.i.embedder.EclipseLogger - Copying 1 resource
2016-09-03 15:48:17,978 [Worker-22] INFO  o.e.m.c.i.embedder.EclipseLogger - Using 'UTF-8' encoding to copy filtered resources.
2016-09-03 15:48:17,978 [Worker-22] INFO  o.e.m.c.i.embedder.EclipseLogger - skip non existing resourceDirectory /Users/danielferreira/Documents/GameEngine/GameEngine_PC/GameEngineOpenGL3_2/src/test/resources
2016-09-03 15:50:24,931 [Worker-25] INFO  o.e.m.c.i.embedder.EclipseLogger - Using 'UTF-8' encoding to copy filtered resources.
2016-09-03 15:50:24,932 [Worker-25] INFO  o.e.m.c.i.embedder.EclipseLogger - Copying 1 resource
2016-09-03 15:50:24,933 [Worker-25] INFO  o.e.m.c.i.embedder.EclipseLogger - Using 'UTF-8' encoding to copy filtered resources.
2016-09-03 15:50:24,933 [Worker-25] INFO  o.e.m.c.i.embedder.EclipseLogger - skip non existing resourceDirectory /Users/danielferreira/Documents/GameEngine/GameEngine_PC/GameEngineOpenGL3_2/src/test/resources
2016-09-03 15:50:59,736 [Worker-23] INFO  o.e.m.c.i.embedder.EclipseLogger - Using 'UTF-8' encoding to copy filtered resources.
2016-09-03 15:50:59,737 [Worker-23] INFO  o.e.m.c.i.embedder.EclipseLogger - Copying 1 resource
2016-09-03 15:50:59,739 [Worker-23] INFO  o.e.m.c.i.embedder.EclipseLogger - Using 'UTF-8' encoding to copy filtered resources.
2016-09-03 15:50:59,739 [Worker-23] INFO  o.e.m.c.i.embedder.EclipseLogger - skip non existing resourceDirectory /Users/danielferreira/Documents/GameEngine/GameEngine_PC/GameEngineOpenGL3_2/src/test/resources
2016-09-03 15:52:14,594 [Worker-21] INFO  o.e.m.c.i.embedder.EclipseLogger - Using 'UTF-8' encoding to copy filtered resources.
2016-09-03 15:52:14,595 [Worker-21] INFO  o.e.m.c.i.embedder.EclipseLogger - Copying 1 resource
2016-09-03 15:52:14,596 [Worker-21] INFO  o.e.m.c.i.embedder.EclipseLogger - Using 'UTF-8' encoding to copy filtered resources.
2016-09-03 15:52:14,596 [Worker-21] INFO  o.e.m.c.i.embedder.EclipseLogger - skip non existing resourceDirectory /Users/danielferreira/Documents/GameEngine/GameEngine_PC/GameEngineOpenGL3_2/src/test/resources
2016-09-03 15:53:34,591 [Worker-23] INFO  o.e.m.c.i.embedder.EclipseLogger - Using 'UTF-8' encoding to copy filtered resources.
2016-09-03 15:53:34,591 [Worker-23] INFO  o.e.m.c.i.embedder.EclipseLogger - Copying 1 resource
2016-09-03 15:53:34,592 [Worker-23] INFO  o.e.m.c.i.embedder.EclipseLogger - Using 'UTF-8' encoding to copy filtered resources.
2016-09-03 15:53:34,593 [Worker-23] INFO  o.e.m.c.i.embedder.EclipseLogger - skip non existing resourceDirectory /Users/danielferreira/Documents/GameEngine/GameEngine_PC/GameEngineOpenGL3_2/src/test/resources
2016-09-03 15:53:45,345 [Worker-26] INFO  o.e.m.c.i.embedder.EclipseLogger - Using 'UTF-8' encoding to copy filtered resources.
2016-09-03 15:53:45,346 [Worker-26] INFO  o.e.m.c.i.embedder.EclipseLogger - Copying 1 resource
2016-09-03 15:53:45,348 [Worker-26] INFO  o.e.m.c.i.embedder.EclipseLogger - Using 'UTF-8' encoding to copy filtered resources.
2016-09-03 15:53:45,349 [Worker-26] INFO  o.e.m.c.i.embedder.EclipseLogger - skip non existing resourceDirectory /Users/danielferreira/Documents/GameEngine/GameEngine_PC/GameEngineOpenGL3_2/src/test/resources
2016-09-03 15:53:54,290 [Worker-21] INFO  o.e.m.c.i.embedder.EclipseLogger - Using 'UTF-8' encoding to copy filtered resources.
2016-09-03 15:53:54,291 [Worker-21] INFO  o.e.m.c.i.embedder.EclipseLogger - Copying 1 resource
2016-09-03 15:53:54,292 [Worker-21] INFO  o.e.m.c.i.embedder.EclipseLogger - Using 'UTF-8' encoding to copy filtered resources.
2016-09-03 15:53:54,292 [Worker-21] INFO  o.e.m.c.i.embedder.EclipseLogger - skip non existing resourceDirectory /Users/danielferreira/Documents/GameEngine/GameEngine_PC/GameEngineOpenGL3_2/src/test/resources
2016-09-03 15:55:05,890 [Worker-25] INFO  o.e.m.c.i.embedder.EclipseLogger - Using 'UTF-8' encoding to copy filtered resources.
2016-09-03 15:55:05,891 [Worker-25] INFO  o.e.m.c.i.embedder.EclipseLogger - Copying 1 resource
2016-09-03 15:55:05,892 [Worker-25] INFO  o.e.m.c.i.embedder.EclipseLogger - Using 'UTF-8' encoding to copy filtered resources.
2016-09-03 15:55:05,892 [Worker-25] INFO  o.e.m.c.i.embedder.EclipseLogger - skip non existing resourceDirectory /Users/danielferreira/Documents/GameEngine/GameEngine_PC/GameEngineOpenGL3_2/src/test/resources
2016-09-03 15:55:15,416 [Worker-20] INFO  o.e.m.c.i.embedder.EclipseLogger - Using 'UTF-8' encoding to copy filtered resources.
2016-09-03 15:55:15,416 [Worker-20] INFO  o.e.m.c.i.embedder.EclipseLogger - Copying 1 resource
2016-09-03 15:55:15,418 [Worker-20] INFO  o.e.m.c.i.embedder.EclipseLogger - Using 'UTF-8' encoding to copy filtered resources.
2016-09-03 15:55:15,418 [Worker-20] INFO  o.e.m.c.i.embedder.EclipseLogger - skip non existing resourceDirectory /Users/danielferreira/Documents/GameEngine/GameEngine_PC/GameEngineOpenGL3_2/src/test/resources
2016-09-03 15:55:30,339 [Worker-26] INFO  o.e.m.c.i.embedder.EclipseLogger - Using 'UTF-8' encoding to copy filtered resources.
2016-09-03 15:55:30,339 [Worker-26] INFO  o.e.m.c.i.embedder.EclipseLogger - Copying 1 resource
2016-09-03 15:55:30,340 [Worker-26] INFO  o.e.m.c.i.embedder.EclipseLogger - Using 'UTF-8' encoding to copy filtered resources.
2016-09-03 15:55:30,341 [Worker-26] INFO  o.e.m.c.i.embedder.EclipseLogger - skip non existing resourceDirectory /Users/danielferreira/Documents/GameEngine/GameEngine_PC/GameEngineOpenGL3_2/src/test/resources
2016-09-03 15:56:26,004 [Worker-21] INFO  o.e.m.c.i.embedder.EclipseLogger - Using 'UTF-8' encoding to copy filtered resources.
2016-09-03 15:56:26,004 [Worker-21] INFO  o.e.m.c.i.embedder.EclipseLogger - Copying 1 resource
2016-09-03 15:56:26,005 [Worker-21] INFO  o.e.m.c.i.embedder.EclipseLogger - Using 'UTF-8' encoding to copy filtered resources.
2016-09-03 15:56:26,006 [Worker-21] INFO  o.e.m.c.i.embedder.EclipseLogger - skip non existing resourceDirectory /Users/danielferreira/Documents/GameEngine/GameEngine_PC/GameEngineOpenGL3_2/src/test/resources
2016-09-03 15:56:29,883 [main] INFO  c.g.t.t.d.PublishedGradleVersions - Gradle version information cache file is not out-of-date. No remote download required.
2016-09-03 15:57:22,535 [Worker-25] INFO  o.e.m.c.i.embedder.EclipseLogger - Using 'UTF-8' encoding to copy filtered resources.
2016-09-03 15:57:22,535 [Worker-25] INFO  o.e.m.c.i.embedder.EclipseLogger - Copying 1 resource
2016-09-03 15:57:22,544 [Worker-25] INFO  o.e.m.c.i.embedder.EclipseLogger - Using 'UTF-8' encoding to copy filtered resources.
2016-09-03 15:57:22,544 [Worker-25] INFO  o.e.m.c.i.embedder.EclipseLogger - skip non existing resourceDirectory /Users/danielferreira/Documents/GameEngine/GameEngine_PC/GameEngineOpenGL3_2/src/test/resources
2016-09-03 15:58:01,472 [Worker-23] INFO  o.e.m.c.i.embedder.EclipseLogger - Using 'UTF-8' encoding to copy filtered resources.
2016-09-03 15:58:01,472 [Worker-23] INFO  o.e.m.c.i.embedder.EclipseLogger - Copying 1 resource
2016-09-03 15:58:01,473 [Worker-23] INFO  o.e.m.c.i.embedder.EclipseLogger - Using 'UTF-8' encoding to copy filtered resources.
2016-09-03 15:58:01,474 [Worker-23] INFO  o.e.m.c.i.embedder.EclipseLogger - skip non existing resourceDirectory /Users/danielferreira/Documents/GameEngine/GameEngine_PC/GameEngineOpenGL3_2/src/test/resources
2016-09-03 15:58:45,574 [Worker-22] INFO  o.e.m.c.i.embedder.EclipseLogger - Using 'UTF-8' encoding to copy filtered resources.
2016-09-03 15:58:45,575 [Worker-22] INFO  o.e.m.c.i.embedder.EclipseLogger - Copying 1 resource
2016-09-03 15:58:45,577 [Worker-22] INFO  o.e.m.c.i.embedder.EclipseLogger - Using 'UTF-8' encoding to copy filtered resources.
2016-09-03 15:58:45,578 [Worker-22] INFO  o.e.m.c.i.embedder.EclipseLogger - skip non existing resourceDirectory /Users/danielferreira/Documents/GameEngine/GameEngine_PC/GameEngineOpenGL3_2/src/test/resources
2016-09-03 15:59:28,138 [Worker-21] INFO  o.e.m.c.i.embedder.EclipseLogger - Using 'UTF-8' encoding to copy filtered resources.
2016-09-03 15:59:28,138 [Worker-21] INFO  o.e.m.c.i.embedder.EclipseLogger - Copying 1 resource
2016-09-03 15:59:28,140 [Worker-21] INFO  o.e.m.c.i.embedder.EclipseLogger - Using 'UTF-8' encoding to copy filtered resources.
2016-09-03 15:59:28,140 [Worker-21] INFO  o.e.m.c.i.embedder.EclipseLogger - skip non existing resourceDirectory /Users/danielferreira/Documents/GameEngine/GameEngine_PC/GameEngineOpenGL3_2/src/test/resources
2016-09-03 15:59:39,204 [Worker-22] INFO  o.e.m.c.i.embedder.EclipseLogger - Using 'UTF-8' encoding to copy filtered resources.
2016-09-03 15:59:39,205 [Worker-22] INFO  o.e.m.c.i.embedder.EclipseLogger - Copying 1 resource
2016-09-03 15:59:39,206 [Worker-22] INFO  o.e.m.c.i.embedder.EclipseLogger - Using 'UTF-8' encoding to copy filtered resources.
2016-09-03 15:59:39,206 [Worker-22] INFO  o.e.m.c.i.embedder.EclipseLogger - skip non existing resourceDirectory /Users/danielferreira/Documents/GameEngine/GameEngine_PC/GameEngineOpenGL3_2/src/test/resources
2016-09-03 16:05:19,451 [Worker-26] INFO  o.e.m.c.i.embedder.EclipseLogger - Using 'UTF-8' encoding to copy filtered resources.
2016-09-03 16:05:19,452 [Worker-26] INFO  o.e.m.c.i.embedder.EclipseLogger - Copying 1 resource
2016-09-03 16:05:19,453 [Worker-26] INFO  o.e.m.c.i.embedder.EclipseLogger - Using 'UTF-8' encoding to copy filtered resources.
2016-09-03 16:05:19,454 [Worker-26] INFO  o.e.m.c.i.embedder.EclipseLogger - skip non existing resourceDirectory /Users/danielferreira/Documents/GameEngine/GameEngine_PC/GameEngineOpenGL3_2/src/test/resources
2016-09-03 16:05:47,358 [Worker-21] INFO  o.e.m.c.i.embedder.EclipseLogger - Using 'UTF-8' encoding to copy filtered resources.
2016-09-03 16:05:47,358 [Worker-21] INFO  o.e.m.c.i.embedder.EclipseLogger - Copying 1 resource
2016-09-03 16:05:47,359 [Worker-21] INFO  o.e.m.c.i.embedder.EclipseLogger - Using 'UTF-8' encoding to copy filtered resources.
2016-09-03 16:05:47,359 [Worker-21] INFO  o.e.m.c.i.embedder.EclipseLogger - skip non existing resourceDirectory /Users/danielferreira/Documents/GameEngine/GameEngine_PC/GameEngineOpenGL3_2/src/test/resources
2016-09-03 16:07:55,701 [Worker-20] INFO  o.e.m.c.i.embedder.EclipseLogger - Using 'UTF-8' encoding to copy filtered resources.
2016-09-03 16:07:55,701 [Worker-20] INFO  o.e.m.c.i.embedder.EclipseLogger - Copying 1 resource
2016-09-03 16:07:55,703 [Worker-20] INFO  o.e.m.c.i.embedder.EclipseLogger - Using 'UTF-8' encoding to copy filtered resources.
2016-09-03 16:07:55,703 [Worker-20] INFO  o.e.m.c.i.embedder.EclipseLogger - skip non existing resourceDirectory /Users/danielferreira/Documents/GameEngine/GameEngine_PC/GameEngineOpenGL3_2/src/test/resources
2016-09-03 16:08:53,211 [Worker-21] INFO  o.e.m.c.i.embedder.EclipseLogger - Using 'UTF-8' encoding to copy filtered resources.
2016-09-03 16:08:53,212 [Worker-21] INFO  o.e.m.c.i.embedder.EclipseLogger - Copying 1 resource
2016-09-03 16:08:53,213 [Worker-21] INFO  o.e.m.c.i.embedder.EclipseLogger - Using 'UTF-8' encoding to copy filtered resources.
2016-09-03 16:08:53,213 [Worker-21] INFO  o.e.m.c.i.embedder.EclipseLogger - skip non existing resourceDirectory /Users/danielferreira/Documents/GameEngine/GameEngine_PC/GameEngineOpenGL3_2/src/test/resources
2016-09-03 16:09:14,511 [Worker-25] INFO  o.e.m.c.i.embedder.EclipseLogger - Using 'UTF-8' encoding to copy filtered resources.
2016-09-03 16:09:14,512 [Worker-25] INFO  o.e.m.c.i.embedder.EclipseLogger - Copying 1 resource
2016-09-03 16:09:14,513 [Worker-25] INFO  o.e.m.c.i.embedder.EclipseLogger - Using 'UTF-8' encoding to copy filtered resources.
2016-09-03 16:09:14,513 [Worker-25] INFO  o.e.m.c.i.embedder.EclipseLogger - skip non existing resourceDirectory /Users/danielferreira/Documents/GameEngine/GameEngine_PC/GameEngineOpenGL3_2/src/test/resources
2016-09-03 16:10:01,930 [Worker-20] INFO  o.e.m.c.i.embedder.EclipseLogger - Using 'UTF-8' encoding to copy filtered resources.
2016-09-03 16:10:01,930 [Worker-20] INFO  o.e.m.c.i.embedder.EclipseLogger - Copying 1 resource
2016-09-03 16:10:01,931 [Worker-20] INFO  o.e.m.c.i.embedder.EclipseLogger - Using 'UTF-8' encoding to copy filtered resources.
2016-09-03 16:10:01,931 [Worker-20] INFO  o.e.m.c.i.embedder.EclipseLogger - skip non existing resourceDirectory /Users/danielferreira/Documents/GameEngine/GameEngine_PC/GameEngineOpenGL3_2/src/test/resources
2016-09-03 16:30:27,983 [Worker-21] INFO  o.e.m.c.i.embedder.EclipseLogger - Using 'UTF-8' encoding to copy filtered resources.
2016-09-03 16:30:27,983 [Worker-21] INFO  o.e.m.c.i.embedder.EclipseLogger - Copying 1 resource
2016-09-03 16:30:27,984 [Worker-21] INFO  o.e.m.c.i.embedder.EclipseLogger - Using 'UTF-8' encoding to copy filtered resources.
2016-09-03 16:30:27,984 [Worker-21] INFO  o.e.m.c.i.embedder.EclipseLogger - skip non existing resourceDirectory /Users/danielferreira/Documents/GameEngine/GameEngine_PC/GameEngineOpenGL3_2/src/test/resources
2016-09-03 16:30:42,120 [Worker-21] INFO  o.e.m.c.i.embedder.EclipseLogger - Using 'UTF-8' encoding to copy filtered resources.
2016-09-03 16:30:42,121 [Worker-21] INFO  o.e.m.c.i.embedder.EclipseLogger - Copying 1 resource
2016-09-03 16:30:42,122 [Worker-21] INFO  o.e.m.c.i.embedder.EclipseLogger - Using 'UTF-8' encoding to copy filtered resources.
2016-09-03 16:30:42,122 [Worker-21] INFO  o.e.m.c.i.embedder.EclipseLogger - skip non existing resourceDirectory /Users/danielferreira/Documents/GameEngine/GameEngine_PC/GameEngineOpenGL3_2/src/test/resources
2016-09-03 18:16:56,394 [Worker-33] INFO  o.e.m.c.i.embedder.EclipseLogger - Using 'UTF-8' encoding to copy filtered resources.
2016-09-03 18:16:56,396 [Worker-33] INFO  o.e.m.c.i.embedder.EclipseLogger - Copying 1 resource
2016-09-03 18:16:56,398 [Worker-33] INFO  o.e.m.c.i.embedder.EclipseLogger - Using 'UTF-8' encoding to copy filtered resources.
2016-09-03 18:16:56,398 [Worker-33] INFO  o.e.m.c.i.embedder.EclipseLogger - skip non existing resourceDirectory /Users/danielferreira/Documents/GameEngine/GameEngine_PC/GameEngineOpenGL3_2/src/test/resources
2016-09-03 18:17:11,273 [Worker-20] INFO  o.e.m.c.i.embedder.EclipseLogger - Using 'UTF-8' encoding to copy filtered resources.
2016-09-03 18:17:11,274 [Worker-20] INFO  o.e.m.c.i.embedder.EclipseLogger - Copying 1 resource
2016-09-03 18:17:11,275 [Worker-20] INFO  o.e.m.c.i.embedder.EclipseLogger - Using 'UTF-8' encoding to copy filtered resources.
2016-09-03 18:17:11,276 [Worker-20] INFO  o.e.m.c.i.embedder.EclipseLogger - skip non existing resourceDirectory /Users/danielferreira/Documents/GameEngine/GameEngine_PC/GameEngineOpenGL3_2/src/test/resources
2016-09-03 18:17:24,854 [Worker-32] INFO  o.e.m.c.i.embedder.EclipseLogger - Using 'UTF-8' encoding to copy filtered resources.
2016-09-03 18:17:24,854 [Worker-32] INFO  o.e.m.c.i.embedder.EclipseLogger - Copying 1 resource
2016-09-03 18:17:24,855 [Worker-32] INFO  o.e.m.c.i.embedder.EclipseLogger - Using 'UTF-8' encoding to copy filtered resources.
2016-09-03 18:17:24,856 [Worker-32] INFO  o.e.m.c.i.embedder.EclipseLogger - skip non existing resourceDirectory /Users/danielferreira/Documents/GameEngine/GameEngine_PC/GameEngineOpenGL3_2/src/test/resources
2016-09-04 09:57:41,395 [Worker-3] INFO  o.e.m.c.i.embedder.EclipseLogger - Using 'UTF-8' encoding to copy filtered resources.
2016-09-04 09:57:41,399 [Worker-3] INFO  o.e.m.c.i.embedder.EclipseLogger - skip non existing resourceDirectory /Users/danielferreira/Documents/GameEngine/GameEngine_PC/commons/src/main/resources
2016-09-04 09:57:41,403 [Worker-3] INFO  o.e.m.c.i.embedder.EclipseLogger - Using 'UTF-8' encoding to copy filtered resources.
2016-09-04 09:57:41,403 [Worker-3] INFO  o.e.m.c.i.embedder.EclipseLogger - skip non existing resourceDirectory /Users/danielferreira/Documents/GameEngine/GameEngine_PC/commons/src/test/resources
2016-09-04 09:57:41,762 [Worker-3] INFO  o.e.m.c.i.embedder.EclipseLogger - Using 'UTF-8' encoding to copy filtered resources.
2016-09-04 09:57:41,771 [Worker-3] INFO  o.e.m.c.i.embedder.EclipseLogger - Copying 1 resource
2016-09-04 09:57:41,782 [Worker-3] INFO  o.e.m.c.i.embedder.EclipseLogger - Using 'UTF-8' encoding to copy filtered resources.
2016-09-04 09:57:41,782 [Worker-3] INFO  o.e.m.c.i.embedder.EclipseLogger - skip non existing resourceDirectory /Users/danielferreira/Documents/GameEngine/GameEngine_PC/GameEngineOpenGL3_2/src/test/resources
2016-09-04 09:57:42,043 [Worker-3] INFO  o.e.m.c.i.embedder.EclipseLogger - Using 'UTF-8' encoding to copy filtered resources.
2016-09-04 09:57:42,044 [Worker-3] INFO  o.e.m.c.i.embedder.EclipseLogger - Copying 1 resource
2016-09-04 09:57:42,046 [Worker-3] INFO  o.e.m.c.i.embedder.EclipseLogger - Using 'UTF-8' encoding to copy filtered resources.
2016-09-04 09:57:42,047 [Worker-3] INFO  o.e.m.c.i.embedder.EclipseLogger - skip non existing resourceDirectory /Users/danielferreira/Documents/GameEngine/GameEngine_PC/GameEngineOpenGL2_1/src/test/resources
2016-09-04 10:02:12,978 [Worker-14] INFO  o.e.m.c.i.embedder.EclipseLogger - Using 'UTF-8' encoding to copy filtered resources.
2016-09-04 10:02:12,985 [Worker-14] INFO  o.e.m.c.i.embedder.EclipseLogger - Copying 1 resource
2016-09-04 10:02:12,987 [Worker-14] INFO  o.e.m.c.i.embedder.EclipseLogger - Using 'UTF-8' encoding to copy filtered resources.
2016-09-04 10:02:12,987 [Worker-14] INFO  o.e.m.c.i.embedder.EclipseLogger - skip non existing resourceDirectory /Users/danielferreira/Documents/GameEngine/GameEngine_PC/GameEngineOpenGL3_2/src/test/resources
2016-09-04 10:02:48,118 [Worker-17] INFO  o.e.m.c.i.embedder.EclipseLogger - Using 'UTF-8' encoding to copy filtered resources.
2016-09-04 10:02:48,118 [Worker-17] INFO  o.e.m.c.i.embedder.EclipseLogger - Copying 1 resource
2016-09-04 10:02:48,120 [Worker-17] INFO  o.e.m.c.i.embedder.EclipseLogger - Using 'UTF-8' encoding to copy filtered resources.
2016-09-04 10:02:48,120 [Worker-17] INFO  o.e.m.c.i.embedder.EclipseLogger - skip non existing resourceDirectory /Users/danielferreira/Documents/GameEngine/GameEngine_PC/GameEngineOpenGL3_2/src/test/resources
2016-09-04 10:03:26,637 [Worker-15] INFO  o.e.m.c.i.embedder.EclipseLogger - Using 'UTF-8' encoding to copy filtered resources.
2016-09-04 10:03:26,638 [Worker-15] INFO  o.e.m.c.i.embedder.EclipseLogger - Copying 1 resource
2016-09-04 10:03:26,639 [Worker-15] INFO  o.e.m.c.i.embedder.EclipseLogger - Using 'UTF-8' encoding to copy filtered resources.
2016-09-04 10:03:26,639 [Worker-15] INFO  o.e.m.c.i.embedder.EclipseLogger - skip non existing resourceDirectory /Users/danielferreira/Documents/GameEngine/GameEngine_PC/GameEngineOpenGL3_2/src/test/resources
2016-09-04 10:03:30,938 [Worker-8] INFO  o.e.m.c.i.embedder.EclipseLogger - Using 'UTF-8' encoding to copy filtered resources.
2016-09-04 10:03:30,939 [Worker-8] INFO  o.e.m.c.i.embedder.EclipseLogger - Copying 1 resource
2016-09-04 10:03:30,941 [Worker-8] INFO  o.e.m.c.i.embedder.EclipseLogger - Using 'UTF-8' encoding to copy filtered resources.
2016-09-04 10:03:30,941 [Worker-8] INFO  o.e.m.c.i.embedder.EclipseLogger - skip non existing resourceDirectory /Users/danielferreira/Documents/GameEngine/GameEngine_PC/GameEngineOpenGL3_2/src/test/resources
2016-09-04 10:28:05,917 [main] INFO  c.g.t.t.d.PublishedGradleVersions - Gradle version information cache file is out-of-date. Remote download required.
2016-09-04 10:28:25,225 [Worker-21] INFO  o.e.m.c.i.embedder.EclipseLogger - Using 'UTF-8' encoding to copy filtered resources.
2016-09-04 10:28:25,226 [Worker-21] INFO  o.e.m.c.i.embedder.EclipseLogger - Copying 1 resource
2016-09-04 10:28:25,227 [Worker-21] INFO  o.e.m.c.i.embedder.EclipseLogger - Using 'UTF-8' encoding to copy filtered resources.
2016-09-04 10:28:25,227 [Worker-21] INFO  o.e.m.c.i.embedder.EclipseLogger - skip non existing resourceDirectory /Users/danielferreira/Documents/GameEngine/GameEngine_PC/GameEngineOpenGL3_2/src/test/resources
2016-09-04 10:33:13,518 [Worker-1] INFO  o.e.m.c.i.embedder.EclipseLogger - Using 'UTF-8' encoding to copy filtered resources.
2016-09-04 10:33:13,518 [Worker-1] INFO  o.e.m.c.i.embedder.EclipseLogger - Copying 1 resource
2016-09-04 10:33:13,519 [Worker-1] INFO  o.e.m.c.i.embedder.EclipseLogger - Using 'UTF-8' encoding to copy filtered resources.
2016-09-04 10:33:13,520 [Worker-1] INFO  o.e.m.c.i.embedder.EclipseLogger - skip non existing resourceDirectory /Users/danielferreira/Documents/GameEngine/GameEngine_PC/GameEngineOpenGL3_2/src/test/resources
2016-09-04 11:07:31,861 [Worker-21] INFO  o.e.m.c.i.embedder.EclipseLogger - Using 'UTF-8' encoding to copy filtered resources.
2016-09-04 11:07:31,862 [Worker-21] INFO  o.e.m.c.i.embedder.EclipseLogger - Copying 1 resource
2016-09-04 11:07:31,864 [Worker-21] INFO  o.e.m.c.i.embedder.EclipseLogger - Using 'UTF-8' encoding to copy filtered resources.
2016-09-04 11:07:31,864 [Worker-21] INFO  o.e.m.c.i.embedder.EclipseLogger - skip non existing resourceDirectory /Users/danielferreira/Documents/GameEngine/GameEngine_PC/GameEngineOpenGL3_2/src/test/resources
2016-09-04 11:07:48,939 [Worker-16] INFO  o.e.m.c.i.embedder.EclipseLogger - Using 'UTF-8' encoding to copy filtered resources.
2016-09-04 11:07:48,940 [Worker-16] INFO  o.e.m.c.i.embedder.EclipseLogger - Copying 1 resource
2016-09-04 11:07:48,942 [Worker-16] INFO  o.e.m.c.i.embedder.EclipseLogger - Using 'UTF-8' encoding to copy filtered resources.
2016-09-04 11:07:48,942 [Worker-16] INFO  o.e.m.c.i.embedder.EclipseLogger - skip non existing resourceDirectory /Users/danielferreira/Documents/GameEngine/GameEngine_PC/GameEngineOpenGL3_2/src/test/resources
2016-09-04 13:04:18,858 [Worker-31] INFO  o.e.m.c.i.embedder.EclipseLogger - Using 'UTF-8' encoding to copy filtered resources.
2016-09-04 13:04:18,864 [Worker-31] INFO  o.e.m.c.i.embedder.EclipseLogger - Copying 1 resource
2016-09-04 13:04:18,866 [Worker-31] INFO  o.e.m.c.i.embedder.EclipseLogger - Using 'UTF-8' encoding to copy filtered resources.
2016-09-04 13:04:18,866 [Worker-31] INFO  o.e.m.c.i.embedder.EclipseLogger - skip non existing resourceDirectory /Users/danielferreira/Documents/GameEngine/GameEngine_PC/GameEngineOpenGL3_2/src/test/resources
2016-09-04 13:04:41,128 [Worker-30] INFO  o.e.m.c.i.embedder.EclipseLogger - Using 'UTF-8' encoding to copy filtered resources.
2016-09-04 13:04:41,129 [Worker-30] INFO  o.e.m.c.i.embedder.EclipseLogger - Copying 1 resource
2016-09-04 13:04:41,130 [Worker-30] INFO  o.e.m.c.i.embedder.EclipseLogger - Using 'UTF-8' encoding to copy filtered resources.
2016-09-04 13:04:41,130 [Worker-30] INFO  o.e.m.c.i.embedder.EclipseLogger - skip non existing resourceDirectory /Users/danielferreira/Documents/GameEngine/GameEngine_PC/GameEngineOpenGL3_2/src/test/resources
2016-09-04 13:50:33,555 [Worker-33] INFO  o.e.m.c.i.embedder.EclipseLogger - Using 'UTF-8' encoding to copy filtered resources.
2016-09-04 13:50:33,556 [Worker-33] INFO  o.e.m.c.i.embedder.EclipseLogger - Copying 1 resource
2016-09-04 13:50:33,558 [Worker-33] INFO  o.e.m.c.i.embedder.EclipseLogger - Using 'UTF-8' encoding to copy filtered resources.
2016-09-04 13:50:33,558 [Worker-33] INFO  o.e.m.c.i.embedder.EclipseLogger - skip non existing resourceDirectory /Users/danielferreira/Documents/GameEngine/GameEngine_PC/GameEngineOpenGL3_2/src/test/resources
2016-09-04 14:07:19,875 [Worker-37] INFO  o.e.m.c.i.embedder.EclipseLogger - Using 'UTF-8' encoding to copy filtered resources.
2016-09-04 14:07:19,876 [Worker-37] INFO  o.e.m.c.i.embedder.EclipseLogger - Copying 1 resource
2016-09-04 14:07:19,877 [Worker-37] INFO  o.e.m.c.i.embedder.EclipseLogger - Using 'UTF-8' encoding to copy filtered resources.
2016-09-04 14:07:19,877 [Worker-37] INFO  o.e.m.c.i.embedder.EclipseLogger - skip non existing resourceDirectory /Users/danielferreira/Documents/GameEngine/GameEngine_PC/GameEngineOpenGL3_2/src/test/resources
